Determining if the function gethostname exists in the ucb; failed with the following output:
Change Dir: D:/Development/op3d_active/hdf-4.2.11/msvc/CMakeFiles/CMakeTmp

Run Build Command:C:\PROGRA~2\MSBuild\12.0\Bin\MSBuild.exe cmTryCompileExec1577372913.vcxproj /p:Configuration=Debug /p:VisualStudioVersion=12.0
Microsoft (R) Build Engine version 12.0.40629.0
[Microsoft .NET Framework, version 4.0.30319.42000]
Copyright (C) Microsoft Corporation. All rights reserved.

Build started 10/29/2015 8:59:51 PM.
Project "D:\Development\op3d_active\hdf-4.2.11\msvc\CMakeFiles\CMakeTmp\cmTryCompileExec1577372913.vcxproj" on node 1 (default targets).
PrepareForBuild:
  Creating directory "cmTryCompileExec1577372913.dir\Debug\".
  Creating directory "D:\Development\op3d_active\hdf-4.2.11\msvc\CMakeFiles\CMakeTmp\Debug\".
  Creating directory "cmTryCompileExec1577372913.dir\Debug\cmTryCom.3A3E3647.tlog\".
InitializeBuildStatus:
  Creating "cmTryCompileExec1577372913.dir\Debug\cmTryCom.3A3E3647.tlog\unsuccessfulbuild" because "AlwaysCreate" was specified.
ClCompile:
  C:\Program Files (x86)\Microsoft Visual Studio 12.0\VC\bin\CL.exe /c /Zi /W3 /WX- /Od /Ob0 /Oy- /D WIN32 /D _WINDOWS /D CHECK_FUNCTION_EXISTS=gethostname /D WIN32_LEAN_AND_MEAN=1 /D NOGDI=1 /D _DEBUG /D "CMAKE_INTDIR=\"Debug\"" /D _MBCS /Gm- /RTC1 /MDd /GS /fp:precise /Zc:wchar_t /Zc:forScope /Fo"cmTryCompileExec1577372913.dir\Debug\\" /Fd"cmTryCompileExec1577372913.dir\Debug\vc120.pdb" /Gd /TC /analyze- /errorReport:queue "C:\Program Files (x86)\CMake 2.8\share\cmake-2.8\Modules\CheckFunctionExists.c"
  Microsoft (R) C/C++ Optimizing Compiler Version 18.00.40629 for x86
  Copyright (C) Microsoft Corporation.  All rights reserved.
  
  cl /c /Zi /W3 /WX- /Od /Ob0 /Oy- /D WIN32 /D _WINDOWS /D CHECK_FUNCTION_EXISTS=gethostname /D WIN32_LEAN_AND_MEAN=1 /D NOGDI=1 /D _DEBUG /D "CMAKE_INTDIR=\"Debug\"" /D _MBCS /Gm- /RTC1 /MDd /GS /fp:precise /Zc:wchar_t /Zc:forScope /Fo"cmTryCompileExec1577372913.dir\Debug\\" /Fd"cmTryCompileExec1577372913.dir\Debug\vc120.pdb" /Gd /TC /analyze- /errorReport:queue "C:\Program Files (x86)\CMake 2.8\share\cmake-2.8\Modules\CheckFunctionExists.c"
  
  CheckFunctionExists.c
Link:
  C:\Program Files (x86)\Microsoft Visual Studio 12.0\VC\bin\link.exe /ERRORREPORT:QUEUE /OUT:"D:\Development\op3d_active\hdf-4.2.11\msvc\CMakeFiles\CMakeTmp\Debug\cmTryCompileExec1577372913.exe" /INCREMENTAL /NOLOGO kernel32.lib user32.lib gdi32.lib winspool.lib shell32.lib ole32.lib oleaut32.lib uuid.lib comdlg32.lib advapi32.lib ucb.lib ws2_32.lib wsock32.lib /MANIFEST /MANIFESTUAC:"level='asInvoker' uiAccess='false'" /manifest:embed /DEBUG /PDB:"D:/Development/op3d_active/hdf-4.2.11/msvc/CMakeFiles/CMakeTmp/Debug/cmTryCompileExec1577372913.pdb" /SUBSYSTEM:CONSOLE /TLBID:1 /DYNAMICBASE /NXCOMPAT /IMPLIB:"D:/Development/op3d_active/hdf-4.2.11/msvc/CMakeFiles/CMakeTmp/Debug/cmTryCompileExec1577372913.lib" /MACHINE:X86 /SAFESEH  /machine:X86 /debug cmTryCompileExec1577372913.dir\Debug\CheckFunctionExists.obj
LINK : fatal error LNK1104: cannot open file 'ucb.lib' [D:\Development\op3d_active\hdf-4.2.11\msvc\CMakeFiles\CMakeTmp\cmTryCompileExec1577372913.vcxproj]
Done Building Project "D:\Development\op3d_active\hdf-4.2.11\msvc\CMakeFiles\CMakeTmp\cmTryCompileExec1577372913.vcxproj" (default targets) -- FAILED.

Build FAILED.

"D:\Development\op3d_active\hdf-4.2.11\msvc\CMakeFiles\CMakeTmp\cmTryCompileExec1577372913.vcxproj" (default target) (1) ->
(Link target) -> 
  LINK : fatal error LNK1104: cannot open file 'ucb.lib' [D:\Development\op3d_active\hdf-4.2.11\msvc\CMakeFiles\CMakeTmp\cmTryCompileExec1577372913.vcxproj]

    0 Warning(s)
    1 Error(s)

Time Elapsed 00:00:00.66


Determining if the function connect exists in the socket; failed with the following output:
Change Dir: D:/Development/op3d_active/hdf-4.2.11/msvc/CMakeFiles/CMakeTmp

Run Build Command:C:\PROGRA~2\MSBuild\12.0\Bin\MSBuild.exe cmTryCompileExec2671762740.vcxproj /p:Configuration=Debug /p:VisualStudioVersion=12.0
Microsoft (R) Build Engine version 12.0.40629.0
[Microsoft .NET Framework, version 4.0.30319.42000]
Copyright (C) Microsoft Corporation. All rights reserved.

Build started 10/29/2015 8:59:52 PM.
Project "D:\Development\op3d_active\hdf-4.2.11\msvc\CMakeFiles\CMakeTmp\cmTryCompileExec2671762740.vcxproj" on node 1 (default targets).
PrepareForBuild:
  Creating directory "cmTryCompileExec2671762740.dir\Debug\".
  Creating directory "D:\Development\op3d_active\hdf-4.2.11\msvc\CMakeFiles\CMakeTmp\Debug\".
  Creating directory "cmTryCompileExec2671762740.dir\Debug\cmTryCom.BDA2AD6B.tlog\".
InitializeBuildStatus:
  Creating "cmTryCompileExec2671762740.dir\Debug\cmTryCom.BDA2AD6B.tlog\unsuccessfulbuild" because "AlwaysCreate" was specified.
ClCompile:
  C:\Program Files (x86)\Microsoft Visual Studio 12.0\VC\bin\CL.exe /c /Zi /W3 /WX- /Od /Ob0 /Oy- /D WIN32 /D _WINDOWS /D CHECK_FUNCTION_EXISTS=connect /D WIN32_LEAN_AND_MEAN=1 /D NOGDI=1 /D _DEBUG /D "CMAKE_INTDIR=\"Debug\"" /D _MBCS /Gm- /RTC1 /MDd /GS /fp:precise /Zc:wchar_t /Zc:forScope /Fo"cmTryCompileExec2671762740.dir\Debug\\" /Fd"cmTryCompileExec2671762740.dir\Debug\vc120.pdb" /Gd /TC /analyze- /errorReport:queue "C:\Program Files (x86)\CMake 2.8\share\cmake-2.8\Modules\CheckFunctionExists.c"
  Microsoft (R) C/C++ Optimizing Compiler Version 18.00.40629 for x86
  Copyright (C) Microsoft Corporation.  All rights reserved.
  
  cl /c /Zi /W3 /WX- /Od /Ob0 /Oy- /D WIN32 /D _WINDOWS /D CHECK_FUNCTION_EXISTS=connect /D WIN32_LEAN_AND_MEAN=1 /D NOGDI=1 /D _DEBUG /D "CMAKE_INTDIR=\"Debug\"" /D _MBCS /Gm- /RTC1 /MDd /GS /fp:precise /Zc:wchar_t /Zc:forScope /Fo"cmTryCompileExec2671762740.dir\Debug\\" /Fd"cmTryCompileExec2671762740.dir\Debug\vc120.pdb" /Gd /TC /analyze- /errorReport:queue "C:\Program Files (x86)\CMake 2.8\share\cmake-2.8\Modules\CheckFunctionExists.c"
  
  CheckFunctionExists.c
Link:
  C:\Program Files (x86)\Microsoft Visual Studio 12.0\VC\bin\link.exe /ERRORREPORT:QUEUE /OUT:"D:\Development\op3d_active\hdf-4.2.11\msvc\CMakeFiles\CMakeTmp\Debug\cmTryCompileExec2671762740.exe" /INCREMENTAL /NOLOGO kernel32.lib user32.lib gdi32.lib winspool.lib shell32.lib ole32.lib oleaut32.lib uuid.lib comdlg32.lib advapi32.lib socket.lib ws2_32.lib wsock32.lib /MANIFEST /MANIFESTUAC:"level='asInvoker' uiAccess='false'" /manifest:embed /DEBUG /PDB:"D:/Development/op3d_active/hdf-4.2.11/msvc/CMakeFiles/CMakeTmp/Debug/cmTryCompileExec2671762740.pdb" /SUBSYSTEM:CONSOLE /TLBID:1 /DYNAMICBASE /NXCOMPAT /IMPLIB:"D:/Development/op3d_active/hdf-4.2.11/msvc/CMakeFiles/CMakeTmp/Debug/cmTryCompileExec2671762740.lib" /MACHINE:X86 /SAFESEH  /machine:X86 /debug cmTryCompileExec2671762740.dir\Debug\CheckFunctionExists.obj
LINK : fatal error LNK1104: cannot open file 'socket.lib' [D:\Development\op3d_active\hdf-4.2.11\msvc\CMakeFiles\CMakeTmp\cmTryCompileExec2671762740.vcxproj]
Done Building Project "D:\Development\op3d_active\hdf-4.2.11\msvc\CMakeFiles\CMakeTmp\cmTryCompileExec2671762740.vcxproj" (default targets) -- FAILED.

Build FAILED.

"D:\Development\op3d_active\hdf-4.2.11\msvc\CMakeFiles\CMakeTmp\cmTryCompileExec2671762740.vcxproj" (default target) (1) ->
(Link target) -> 
  LINK : fatal error LNK1104: cannot open file 'socket.lib' [D:\Development\op3d_active\hdf-4.2.11\msvc\CMakeFiles\CMakeTmp\cmTryCompileExec2671762740.vcxproj]

    0 Warning(s)
    1 Error(s)

Time Elapsed 00:00:00.59


Determining if the function gethostbyname exists in the c failed with the following output:
Change Dir: D:/Development/op3d_active/hdf-4.2.11/msvc/CMakeFiles/CMakeTmp

Run Build Command:C:\PROGRA~2\MSBuild\12.0\Bin\MSBuild.exe cmTryCompileExec4083104007.vcxproj /p:Configuration=Debug /p:VisualStudioVersion=12.0
Microsoft (R) Build Engine version 12.0.40629.0
[Microsoft .NET Framework, version 4.0.30319.42000]
Copyright (C) Microsoft Corporation. All rights reserved.

Build started 10/29/2015 8:59:52 PM.
Project "D:\Development\op3d_active\hdf-4.2.11\msvc\CMakeFiles\CMakeTmp\cmTryCompileExec4083104007.vcxproj" on node 1 (default targets).
PrepareForBuild:
  Creating directory "cmTryCompileExec4083104007.dir\Debug\".
  Creating directory "D:\Development\op3d_active\hdf-4.2.11\msvc\CMakeFiles\CMakeTmp\Debug\".
  Creating directory "cmTryCompileExec4083104007.dir\Debug\cmTryCom.0C53C76A.tlog\".
InitializeBuildStatus:
  Creating "cmTryCompileExec4083104007.dir\Debug\cmTryCom.0C53C76A.tlog\unsuccessfulbuild" because "AlwaysCreate" was specified.
ClCompile:
  C:\Program Files (x86)\Microsoft Visual Studio 12.0\VC\bin\CL.exe /c /Zi /W3 /WX- /Od /Ob0 /Oy- /D WIN32 /D _WINDOWS /D CHECK_FUNCTION_EXISTS=gethostbyname /D WIN32_LEAN_AND_MEAN=1 /D NOGDI=1 /D _DEBUG /D "CMAKE_INTDIR=\"Debug\"" /D _MBCS /Gm- /RTC1 /MDd /GS /fp:precise /Zc:wchar_t /Zc:forScope /Fo"cmTryCompileExec4083104007.dir\Debug\\" /Fd"cmTryCompileExec4083104007.dir\Debug\vc120.pdb" /Gd /TC /analyze- /errorReport:queue "C:\Program Files (x86)\CMake 2.8\share\cmake-2.8\Modules\CheckFunctionExists.c"
  Microsoft (R) C/C++ Optimizing Compiler Version 18.00.40629 for x86
  Copyright (C) Microsoft Corporation.  All rights reserved.
  
  cl /c /Zi /W3 /WX- /Od /Ob0 /Oy- /D WIN32 /D _WINDOWS /D CHECK_FUNCTION_EXISTS=gethostbyname /D WIN32_LEAN_AND_MEAN=1 /D NOGDI=1 /D _DEBUG /D "CMAKE_INTDIR=\"Debug\"" /D _MBCS /Gm- /RTC1 /MDd /GS /fp:precise /Zc:wchar_t /Zc:forScope /Fo"cmTryCompileExec4083104007.dir\Debug\\" /Fd"cmTryCompileExec4083104007.dir\Debug\vc120.pdb" /Gd /TC /analyze- /errorReport:queue "C:\Program Files (x86)\CMake 2.8\share\cmake-2.8\Modules\CheckFunctionExists.c"
  
  CheckFunctionExists.c
Link:
  C:\Program Files (x86)\Microsoft Visual Studio 12.0\VC\bin\link.exe /ERRORREPORT:QUEUE /OUT:"D:\Development\op3d_active\hdf-4.2.11\msvc\CMakeFiles\CMakeTmp\Debug\cmTryCompileExec4083104007.exe" /INCREMENTAL /NOLOGO kernel32.lib user32.lib gdi32.lib winspool.lib shell32.lib ole32.lib oleaut32.lib uuid.lib comdlg32.lib advapi32.lib c.lib ws2_32.lib wsock32.lib /MANIFEST /MANIFESTUAC:"level='asInvoker' uiAccess='false'" /manifest:embed /DEBUG /PDB:"D:/Development/op3d_active/hdf-4.2.11/msvc/CMakeFiles/CMakeTmp/Debug/cmTryCompileExec4083104007.pdb" /SUBSYSTEM:CONSOLE /TLBID:1 /DYNAMICBASE /NXCOMPAT /IMPLIB:"D:/Development/op3d_active/hdf-4.2.11/msvc/CMakeFiles/CMakeTmp/Debug/cmTryCompileExec4083104007.lib" /MACHINE:X86 /SAFESEH  /machine:X86 /debug cmTryCompileExec4083104007.dir\Debug\CheckFunctionExists.obj
LINK : fatal error LNK1104: cannot open file 'c.lib' [D:\Development\op3d_active\hdf-4.2.11\msvc\CMakeFiles\CMakeTmp\cmTryCompileExec4083104007.vcxproj]
Done Building Project "D:\Development\op3d_active\hdf-4.2.11\msvc\CMakeFiles\CMakeTmp\cmTryCompileExec4083104007.vcxproj" (default targets) -- FAILED.

Build FAILED.

"D:\Development\op3d_active\hdf-4.2.11\msvc\CMakeFiles\CMakeTmp\cmTryCompileExec4083104007.vcxproj" (default target) (1) ->
(Link target) -> 
  LINK : fatal error LNK1104: cannot open file 'c.lib' [D:\Development\op3d_active\hdf-4.2.11\msvc\CMakeFiles\CMakeTmp\cmTryCompileExec4083104007.vcxproj]

    0 Warning(s)
    1 Error(s)

Time Elapsed 00:00:00.53


Determining if the function gethostbyname exists in the nsl; failed with the following output:
Change Dir: D:/Development/op3d_active/hdf-4.2.11/msvc/CMakeFiles/CMakeTmp

Run Build Command:C:\PROGRA~2\MSBuild\12.0\Bin\MSBuild.exe cmTryCompileExec2484739704.vcxproj /p:Configuration=Debug /p:VisualStudioVersion=12.0
Microsoft (R) Build Engine version 12.0.40629.0
[Microsoft .NET Framework, version 4.0.30319.42000]
Copyright (C) Microsoft Corporation. All rights reserved.

Build started 10/29/2015 8:59:53 PM.
Project "D:\Development\op3d_active\hdf-4.2.11\msvc\CMakeFiles\CMakeTmp\cmTryCompileExec2484739704.vcxproj" on node 1 (default targets).
PrepareForBuild:
  Creating directory "cmTryCompileExec2484739704.dir\Debug\".
  Creating directory "D:\Development\op3d_active\hdf-4.2.11\msvc\CMakeFiles\CMakeTmp\Debug\".
  Creating directory "cmTryCompileExec2484739704.dir\Debug\cmTryCom.C3358C2C.tlog\".
InitializeBuildStatus:
  Creating "cmTryCompileExec2484739704.dir\Debug\cmTryCom.C3358C2C.tlog\unsuccessfulbuild" because "AlwaysCreate" was specified.
ClCompile:
  C:\Program Files (x86)\Microsoft Visual Studio 12.0\VC\bin\CL.exe /c /Zi /W3 /WX- /Od /Ob0 /Oy- /D WIN32 /D _WINDOWS /D CHECK_FUNCTION_EXISTS=gethostbyname /D WIN32_LEAN_AND_MEAN=1 /D NOGDI=1 /D _DEBUG /D "CMAKE_INTDIR=\"Debug\"" /D _MBCS /Gm- /RTC1 /MDd /GS /fp:precise /Zc:wchar_t /Zc:forScope /Fo"cmTryCompileExec2484739704.dir\Debug\\" /Fd"cmTryCompileExec2484739704.dir\Debug\vc120.pdb" /Gd /TC /analyze- /errorReport:queue "C:\Program Files (x86)\CMake 2.8\share\cmake-2.8\Modules\CheckFunctionExists.c"
  Microsoft (R) C/C++ Optimizing Compiler Version 18.00.40629 for x86
  Copyright (C) Microsoft Corporation.  All rights reserved.
  
  cl /c /Zi /W3 /WX- /Od /Ob0 /Oy- /D WIN32 /D _WINDOWS /D CHECK_FUNCTION_EXISTS=gethostbyname /D WIN32_LEAN_AND_MEAN=1 /D NOGDI=1 /D _DEBUG /D "CMAKE_INTDIR=\"Debug\"" /D _MBCS /Gm- /RTC1 /MDd /GS /fp:precise /Zc:wchar_t /Zc:forScope /Fo"cmTryCompileExec2484739704.dir\Debug\\" /Fd"cmTryCompileExec2484739704.dir\Debug\vc120.pdb" /Gd /TC /analyze- /errorReport:queue "C:\Program Files (x86)\CMake 2.8\share\cmake-2.8\Modules\CheckFunctionExists.c"
  
  CheckFunctionExists.c
Link:
  C:\Program Files (x86)\Microsoft Visual Studio 12.0\VC\bin\link.exe /ERRORREPORT:QUEUE /OUT:"D:\Development\op3d_active\hdf-4.2.11\msvc\CMakeFiles\CMakeTmp\Debug\cmTryCompileExec2484739704.exe" /INCREMENTAL /NOLOGO kernel32.lib user32.lib gdi32.lib winspool.lib shell32.lib ole32.lib oleaut32.lib uuid.lib comdlg32.lib advapi32.lib nsl.lib ws2_32.lib wsock32.lib /MANIFEST /MANIFESTUAC:"level='asInvoker' uiAccess='false'" /manifest:embed /DEBUG /PDB:"D:/Development/op3d_active/hdf-4.2.11/msvc/CMakeFiles/CMakeTmp/Debug/cmTryCompileExec2484739704.pdb" /SUBSYSTEM:CONSOLE /TLBID:1 /DYNAMICBASE /NXCOMPAT /IMPLIB:"D:/Development/op3d_active/hdf-4.2.11/msvc/CMakeFiles/CMakeTmp/Debug/cmTryCompileExec2484739704.lib" /MACHINE:X86 /SAFESEH  /machine:X86 /debug cmTryCompileExec2484739704.dir\Debug\CheckFunctionExists.obj
LINK : fatal error LNK1104: cannot open file 'nsl.lib' [D:\Development\op3d_active\hdf-4.2.11\msvc\CMakeFiles\CMakeTmp\cmTryCompileExec2484739704.vcxproj]
Done Building Project "D:\Development\op3d_active\hdf-4.2.11\msvc\CMakeFiles\CMakeTmp\cmTryCompileExec2484739704.vcxproj" (default targets) -- FAILED.

Build FAILED.

"D:\Development\op3d_active\hdf-4.2.11\msvc\CMakeFiles\CMakeTmp\cmTryCompileExec2484739704.vcxproj" (default target) (1) ->
(Link target) -> 
  LINK : fatal error LNK1104: cannot open file 'nsl.lib' [D:\Development\op3d_active\hdf-4.2.11\msvc\CMakeFiles\CMakeTmp\cmTryCompileExec2484739704.vcxproj]

    0 Warning(s)
    1 Error(s)

Time Elapsed 00:00:00.60


Determining if files windows.h;sys/resource.h exist failed with the following output:
Change Dir: D:/Development/op3d_active/hdf-4.2.11/msvc/CMakeFiles/CMakeTmp

Run Build Command:C:\PROGRA~2\MSBuild\12.0\Bin\MSBuild.exe cmTryCompileExec1151963664.vcxproj /p:Configuration=Debug /p:VisualStudioVersion=12.0
Microsoft (R) Build Engine version 12.0.40629.0
[Microsoft .NET Framework, version 4.0.30319.42000]
Copyright (C) Microsoft Corporation. All rights reserved.

Build started 10/29/2015 8:59:55 PM.
Project "D:\Development\op3d_active\hdf-4.2.11\msvc\CMakeFiles\CMakeTmp\cmTryCompileExec1151963664.vcxproj" on node 1 (default targets).
PrepareForBuild:
  Creating directory "cmTryCompileExec1151963664.dir\Debug\".
  Creating directory "D:\Development\op3d_active\hdf-4.2.11\msvc\CMakeFiles\CMakeTmp\Debug\".
  Creating directory "cmTryCompileExec1151963664.dir\Debug\cmTryCom.51BF9226.tlog\".
InitializeBuildStatus:
  Creating "cmTryCompileExec1151963664.dir\Debug\cmTryCom.51BF9226.tlog\unsuccessfulbuild" because "AlwaysCreate" was specified.
ClCompile:
  C:\Program Files (x86)\Microsoft Visual Studio 12.0\VC\bin\CL.exe /c /Zi /W3 /WX- /Od /Ob0 /Oy- /D WIN32 /D _WINDOWS /D WIN32_LEAN_AND_MEAN=1 /D NOGDI=1 /D _DEBUG /D "CMAKE_INTDIR=\"Debug\"" /D _MBCS /Gm- /RTC1 /MDd /GS /fp:precise /Zc:wchar_t /Zc:forScope /Fo"cmTryCompileExec1151963664.dir\Debug\\" /Fd"cmTryCompileExec1151963664.dir\Debug\vc120.pdb" /Gd /TC /analyze- /errorReport:queue CheckIncludeFiles.c
  Microsoft (R) C/C++ Optimizing Compiler Version 18.00.40629 for x86
  Copyright (C) Microsoft Corporation.  All rights reserved.
  
  cl /c /Zi /W3 /WX- /Od /Ob0 /Oy- /D WIN32 /D _WINDOWS /D WIN32_LEAN_AND_MEAN=1 /D NOGDI=1 /D _DEBUG /D "CMAKE_INTDIR=\"Debug\"" /D _MBCS /Gm- /RTC1 /MDd /GS /fp:precise /Zc:wchar_t /Zc:forScope /Fo"cmTryCompileExec1151963664.dir\Debug\\" /Fd"cmTryCompileExec1151963664.dir\Debug\vc120.pdb" /Gd /TC /analyze- /errorReport:queue CheckIncludeFiles.c
  
  CheckIncludeFiles.c
CheckIncludeFiles.c(3): fatal error C1083: Cannot open include file: 'sys/resource.h': No such file or directory [D:\Development\op3d_active\hdf-4.2.11\msvc\CMakeFiles\CMakeTmp\cmTryCompileExec1151963664.vcxproj]
Done Building Project "D:\Development\op3d_active\hdf-4.2.11\msvc\CMakeFiles\CMakeTmp\cmTryCompileExec1151963664.vcxproj" (default targets) -- FAILED.

Build FAILED.

"D:\Development\op3d_active\hdf-4.2.11\msvc\CMakeFiles\CMakeTmp\cmTryCompileExec1151963664.vcxproj" (default target) (1) ->
(ClCompile target) -> 
  CheckIncludeFiles.c(3): fatal error C1083: Cannot open include file: 'sys/resource.h': No such file or directory [D:\Development\op3d_active\hdf-4.2.11\msvc\CMakeFiles\CMakeTmp\cmTryCompileExec1151963664.vcxproj]

    0 Warning(s)
    1 Error(s)

Time Elapsed 00:00:00.69

Source:
/* */
#include <windows.h>
#include <sys/resource.h>


int main(){return 0;}

Determining if files windows.h;sys/time.h exist failed with the following output:
Change Dir: D:/Development/op3d_active/hdf-4.2.11/msvc/CMakeFiles/CMakeTmp

Run Build Command:C:\PROGRA~2\MSBuild\12.0\Bin\MSBuild.exe cmTryCompileExec2528303381.vcxproj /p:Configuration=Debug /p:VisualStudioVersion=12.0
Microsoft (R) Build Engine version 12.0.40629.0
[Microsoft .NET Framework, version 4.0.30319.42000]
Copyright (C) Microsoft Corporation. All rights reserved.

Build started 10/29/2015 8:59:56 PM.
Project "D:\Development\op3d_active\hdf-4.2.11\msvc\CMakeFiles\CMakeTmp\cmTryCompileExec2528303381.vcxproj" on node 1 (default targets).
PrepareForBuild:
  Creating directory "cmTryCompileExec2528303381.dir\Debug\".
  Creating directory "D:\Development\op3d_active\hdf-4.2.11\msvc\CMakeFiles\CMakeTmp\Debug\".
  Creating directory "cmTryCompileExec2528303381.dir\Debug\cmTryCom.7205FA9B.tlog\".
InitializeBuildStatus:
  Creating "cmTryCompileExec2528303381.dir\Debug\cmTryCom.7205FA9B.tlog\unsuccessfulbuild" because "AlwaysCreate" was specified.
ClCompile:
  C:\Program Files (x86)\Microsoft Visual Studio 12.0\VC\bin\CL.exe /c /Zi /W3 /WX- /Od /Ob0 /Oy- /D WIN32 /D _WINDOWS /D WIN32_LEAN_AND_MEAN=1 /D NOGDI=1 /D _DEBUG /D "CMAKE_INTDIR=\"Debug\"" /D _MBCS /Gm- /RTC1 /MDd /GS /fp:precise /Zc:wchar_t /Zc:forScope /Fo"cmTryCompileExec2528303381.dir\Debug\\" /Fd"cmTryCompileExec2528303381.dir\Debug\vc120.pdb" /Gd /TC /analyze- /errorReport:queue CheckIncludeFiles.c
  Microsoft (R) C/C++ Optimizing Compiler Version 18.00.40629 for x86
  Copyright (C) Microsoft Corporation.  All rights reserved.
  
  cl /c /Zi /W3 /WX- /Od /Ob0 /Oy- /D WIN32 /D _WINDOWS /D WIN32_LEAN_AND_MEAN=1 /D NOGDI=1 /D _DEBUG /D "CMAKE_INTDIR=\"Debug\"" /D _MBCS /Gm- /RTC1 /MDd /GS /fp:precise /Zc:wchar_t /Zc:forScope /Fo"cmTryCompileExec2528303381.dir\Debug\\" /Fd"cmTryCompileExec2528303381.dir\Debug\vc120.pdb" /Gd /TC /analyze- /errorReport:queue CheckIncludeFiles.c
  
  CheckIncludeFiles.c
CheckIncludeFiles.c(3): fatal error C1083: Cannot open include file: 'sys/time.h': No such file or directory [D:\Development\op3d_active\hdf-4.2.11\msvc\CMakeFiles\CMakeTmp\cmTryCompileExec2528303381.vcxproj]
Done Building Project "D:\Development\op3d_active\hdf-4.2.11\msvc\CMakeFiles\CMakeTmp\cmTryCompileExec2528303381.vcxproj" (default targets) -- FAILED.

Build FAILED.

"D:\Development\op3d_active\hdf-4.2.11\msvc\CMakeFiles\CMakeTmp\cmTryCompileExec2528303381.vcxproj" (default target) (1) ->
(ClCompile target) -> 
  CheckIncludeFiles.c(3): fatal error C1083: Cannot open include file: 'sys/time.h': No such file or directory [D:\Development\op3d_active\hdf-4.2.11\msvc\CMakeFiles\CMakeTmp\cmTryCompileExec2528303381.vcxproj]

    0 Warning(s)
    1 Error(s)

Time Elapsed 00:00:00.58

Source:
/* */
#include <windows.h>
#include <sys/time.h>


int main(){return 0;}

Determining if files windows.h;unistd.h exist failed with the following output:
Change Dir: D:/Development/op3d_active/hdf-4.2.11/msvc/CMakeFiles/CMakeTmp

Run Build Command:C:\PROGRA~2\MSBuild\12.0\Bin\MSBuild.exe cmTryCompileExec1343153212.vcxproj /p:Configuration=Debug /p:VisualStudioVersion=12.0
Microsoft (R) Build Engine version 12.0.40629.0
[Microsoft .NET Framework, version 4.0.30319.42000]
Copyright (C) Microsoft Corporation. All rights reserved.

Build started 10/29/2015 8:59:57 PM.
Project "D:\Development\op3d_active\hdf-4.2.11\msvc\CMakeFiles\CMakeTmp\cmTryCompileExec1343153212.vcxproj" on node 1 (default targets).
PrepareForBuild:
  Creating directory "cmTryCompileExec1343153212.dir\Debug\".
  Creating directory "D:\Development\op3d_active\hdf-4.2.11\msvc\CMakeFiles\CMakeTmp\Debug\".
  Creating directory "cmTryCompileExec1343153212.dir\Debug\cmTryCom.FE9E2876.tlog\".
InitializeBuildStatus:
  Creating "cmTryCompileExec1343153212.dir\Debug\cmTryCom.FE9E2876.tlog\unsuccessfulbuild" because "AlwaysCreate" was specified.
ClCompile:
  C:\Program Files (x86)\Microsoft Visual Studio 12.0\VC\bin\CL.exe /c /Zi /W3 /WX- /Od /Ob0 /Oy- /D WIN32 /D _WINDOWS /D WIN32_LEAN_AND_MEAN=1 /D NOGDI=1 /D _DEBUG /D "CMAKE_INTDIR=\"Debug\"" /D _MBCS /Gm- /RTC1 /MDd /GS /fp:precise /Zc:wchar_t /Zc:forScope /Fo"cmTryCompileExec1343153212.dir\Debug\\" /Fd"cmTryCompileExec1343153212.dir\Debug\vc120.pdb" /Gd /TC /analyze- /errorReport:queue CheckIncludeFiles.c
  Microsoft (R) C/C++ Optimizing Compiler Version 18.00.40629 for x86
  Copyright (C) Microsoft Corporation.  All rights reserved.
  
  cl /c /Zi /W3 /WX- /Od /Ob0 /Oy- /D WIN32 /D _WINDOWS /D WIN32_LEAN_AND_MEAN=1 /D NOGDI=1 /D _DEBUG /D "CMAKE_INTDIR=\"Debug\"" /D _MBCS /Gm- /RTC1 /MDd /GS /fp:precise /Zc:wchar_t /Zc:forScope /Fo"cmTryCompileExec1343153212.dir\Debug\\" /Fd"cmTryCompileExec1343153212.dir\Debug\vc120.pdb" /Gd /TC /analyze- /errorReport:queue CheckIncludeFiles.c
  
  CheckIncludeFiles.c
CheckIncludeFiles.c(3): fatal error C1083: Cannot open include file: 'unistd.h': No such file or directory [D:\Development\op3d_active\hdf-4.2.11\msvc\CMakeFiles\CMakeTmp\cmTryCompileExec1343153212.vcxproj]
Done Building Project "D:\Development\op3d_active\hdf-4.2.11\msvc\CMakeFiles\CMakeTmp\cmTryCompileExec1343153212.vcxproj" (default targets) -- FAILED.

Build FAILED.

"D:\Development\op3d_active\hdf-4.2.11\msvc\CMakeFiles\CMakeTmp\cmTryCompileExec1343153212.vcxproj" (default target) (1) ->
(ClCompile target) -> 
  CheckIncludeFiles.c(3): fatal error C1083: Cannot open include file: 'unistd.h': No such file or directory [D:\Development\op3d_active\hdf-4.2.11\msvc\CMakeFiles\CMakeTmp\cmTryCompileExec1343153212.vcxproj]

    0 Warning(s)
    1 Error(s)

Time Elapsed 00:00:00.63

Source:
/* */
#include <windows.h>
#include <unistd.h>


int main(){return 0;}

Determining if files windows.h;sys/ioctl.h exist failed with the following output:
Change Dir: D:/Development/op3d_active/hdf-4.2.11/msvc/CMakeFiles/CMakeTmp

Run Build Command:C:\PROGRA~2\MSBuild\12.0\Bin\MSBuild.exe cmTryCompileExec1431185744.vcxproj /p:Configuration=Debug /p:VisualStudioVersion=12.0
Microsoft (R) Build Engine version 12.0.40629.0
[Microsoft .NET Framework, version 4.0.30319.42000]
Copyright (C) Microsoft Corporation. All rights reserved.

Build started 10/29/2015 8:59:58 PM.
Project "D:\Development\op3d_active\hdf-4.2.11\msvc\CMakeFiles\CMakeTmp\cmTryCompileExec1431185744.vcxproj" on node 1 (default targets).
PrepareForBuild:
  Creating directory "cmTryCompileExec1431185744.dir\Debug\".
  Creating directory "D:\Development\op3d_active\hdf-4.2.11\msvc\CMakeFiles\CMakeTmp\Debug\".
  Creating directory "cmTryCompileExec1431185744.dir\Debug\cmTryCom.77F313B8.tlog\".
InitializeBuildStatus:
  Creating "cmTryCompileExec1431185744.dir\Debug\cmTryCom.77F313B8.tlog\unsuccessfulbuild" because "AlwaysCreate" was specified.
ClCompile:
  C:\Program Files (x86)\Microsoft Visual Studio 12.0\VC\bin\CL.exe /c /Zi /W3 /WX- /Od /Ob0 /Oy- /D WIN32 /D _WINDOWS /D WIN32_LEAN_AND_MEAN=1 /D NOGDI=1 /D _DEBUG /D "CMAKE_INTDIR=\"Debug\"" /D _MBCS /Gm- /RTC1 /MDd /GS /fp:precise /Zc:wchar_t /Zc:forScope /Fo"cmTryCompileExec1431185744.dir\Debug\\" /Fd"cmTryCompileExec1431185744.dir\Debug\vc120.pdb" /Gd /TC /analyze- /errorReport:queue CheckIncludeFiles.c
  Microsoft (R) C/C++ Optimizing Compiler Version 18.00.40629 for x86
  Copyright (C) Microsoft Corporation.  All rights reserved.
  
  cl /c /Zi /W3 /WX- /Od /Ob0 /Oy- /D WIN32 /D _WINDOWS /D WIN32_LEAN_AND_MEAN=1 /D NOGDI=1 /D _DEBUG /D "CMAKE_INTDIR=\"Debug\"" /D _MBCS /Gm- /RTC1 /MDd /GS /fp:precise /Zc:wchar_t /Zc:forScope /Fo"cmTryCompileExec1431185744.dir\Debug\\" /Fd"cmTryCompileExec1431185744.dir\Debug\vc120.pdb" /Gd /TC /analyze- /errorReport:queue CheckIncludeFiles.c
  
  CheckIncludeFiles.c
CheckIncludeFiles.c(3): fatal error C1083: Cannot open include file: 'sys/ioctl.h': No such file or directory [D:\Development\op3d_active\hdf-4.2.11\msvc\CMakeFiles\CMakeTmp\cmTryCompileExec1431185744.vcxproj]
Done Building Project "D:\Development\op3d_active\hdf-4.2.11\msvc\CMakeFiles\CMakeTmp\cmTryCompileExec1431185744.vcxproj" (default targets) -- FAILED.

Build FAILED.

"D:\Development\op3d_active\hdf-4.2.11\msvc\CMakeFiles\CMakeTmp\cmTryCompileExec1431185744.vcxproj" (default target) (1) ->
(ClCompile target) -> 
  CheckIncludeFiles.c(3): fatal error C1083: Cannot open include file: 'sys/ioctl.h': No such file or directory [D:\Development\op3d_active\hdf-4.2.11\msvc\CMakeFiles\CMakeTmp\cmTryCompileExec1431185744.vcxproj]

    0 Warning(s)
    1 Error(s)

Time Elapsed 00:00:00.64

Source:
/* */
#include <windows.h>
#include <sys/ioctl.h>


int main(){return 0;}

Determining if files windows.h;sys/stat.h;sys/socket.h exist failed with the following output:
Change Dir: D:/Development/op3d_active/hdf-4.2.11/msvc/CMakeFiles/CMakeTmp

Run Build Command:C:\PROGRA~2\MSBuild\12.0\Bin\MSBuild.exe cmTryCompileExec3095070132.vcxproj /p:Configuration=Debug /p:VisualStudioVersion=12.0
Microsoft (R) Build Engine version 12.0.40629.0
[Microsoft .NET Framework, version 4.0.30319.42000]
Copyright (C) Microsoft Corporation. All rights reserved.

Build started 10/29/2015 8:59:59 PM.
Project "D:\Development\op3d_active\hdf-4.2.11\msvc\CMakeFiles\CMakeTmp\cmTryCompileExec3095070132.vcxproj" on node 1 (default targets).
PrepareForBuild:
  Creating directory "cmTryCompileExec3095070132.dir\Debug\".
  Creating directory "D:\Development\op3d_active\hdf-4.2.11\msvc\CMakeFiles\CMakeTmp\Debug\".
  Creating directory "cmTryCompileExec3095070132.dir\Debug\cmTryCom.9311C6FC.tlog\".
InitializeBuildStatus:
  Creating "cmTryCompileExec3095070132.dir\Debug\cmTryCom.9311C6FC.tlog\unsuccessfulbuild" because "AlwaysCreate" was specified.
ClCompile:
  C:\Program Files (x86)\Microsoft Visual Studio 12.0\VC\bin\CL.exe /c /Zi /W3 /WX- /Od /Ob0 /Oy- /D WIN32 /D _WINDOWS /D WIN32_LEAN_AND_MEAN=1 /D NOGDI=1 /D _DEBUG /D "CMAKE_INTDIR=\"Debug\"" /D _MBCS /Gm- /RTC1 /MDd /GS /fp:precise /Zc:wchar_t /Zc:forScope /Fo"cmTryCompileExec3095070132.dir\Debug\\" /Fd"cmTryCompileExec3095070132.dir\Debug\vc120.pdb" /Gd /TC /analyze- /errorReport:queue CheckIncludeFiles.c
  Microsoft (R) C/C++ Optimizing Compiler Version 18.00.40629 for x86
  Copyright (C) Microsoft Corporation.  All rights reserved.
  
  cl /c /Zi /W3 /WX- /Od /Ob0 /Oy- /D WIN32 /D _WINDOWS /D WIN32_LEAN_AND_MEAN=1 /D NOGDI=1 /D _DEBUG /D "CMAKE_INTDIR=\"Debug\"" /D _MBCS /Gm- /RTC1 /MDd /GS /fp:precise /Zc:wchar_t /Zc:forScope /Fo"cmTryCompileExec3095070132.dir\Debug\\" /Fd"cmTryCompileExec3095070132.dir\Debug\vc120.pdb" /Gd /TC /analyze- /errorReport:queue CheckIncludeFiles.c
  
  CheckIncludeFiles.c
CheckIncludeFiles.c(4): fatal error C1083: Cannot open include file: 'sys/socket.h': No such file or directory [D:\Development\op3d_active\hdf-4.2.11\msvc\CMakeFiles\CMakeTmp\cmTryCompileExec3095070132.vcxproj]
Done Building Project "D:\Development\op3d_active\hdf-4.2.11\msvc\CMakeFiles\CMakeTmp\cmTryCompileExec3095070132.vcxproj" (default targets) -- FAILED.

Build FAILED.

"D:\Development\op3d_active\hdf-4.2.11\msvc\CMakeFiles\CMakeTmp\cmTryCompileExec3095070132.vcxproj" (default target) (1) ->
(ClCompile target) -> 
  CheckIncludeFiles.c(4): fatal error C1083: Cannot open include file: 'sys/socket.h': No such file or directory [D:\Development\op3d_active\hdf-4.2.11\msvc\CMakeFiles\CMakeTmp\cmTryCompileExec3095070132.vcxproj]

    0 Warning(s)
    1 Error(s)

Time Elapsed 00:00:00.65

Source:
/* */
#include <windows.h>
#include <sys/stat.h>
#include <sys/socket.h>


int main(){return 0;}

Determining if files windows.h;sys/stat.h;sys/types.h;stddef.h;setjmp.h;features.h exist failed with the following output:
Change Dir: D:/Development/op3d_active/hdf-4.2.11/msvc/CMakeFiles/CMakeTmp

Run Build Command:C:\PROGRA~2\MSBuild\12.0\Bin\MSBuild.exe cmTryCompileExec1156919827.vcxproj /p:Configuration=Debug /p:VisualStudioVersion=12.0
Microsoft (R) Build Engine version 12.0.40629.0
[Microsoft .NET Framework, version 4.0.30319.42000]
Copyright (C) Microsoft Corporation. All rights reserved.

Build started 10/29/2015 9:00:01 PM.
Project "D:\Development\op3d_active\hdf-4.2.11\msvc\CMakeFiles\CMakeTmp\cmTryCompileExec1156919827.vcxproj" on node 1 (default targets).
PrepareForBuild:
  Creating directory "cmTryCompileExec1156919827.dir\Debug\".
  Creating directory "D:\Development\op3d_active\hdf-4.2.11\msvc\CMakeFiles\CMakeTmp\Debug\".
  Creating directory "cmTryCompileExec1156919827.dir\Debug\cmTryCom.E660FDDE.tlog\".
InitializeBuildStatus:
  Creating "cmTryCompileExec1156919827.dir\Debug\cmTryCom.E660FDDE.tlog\unsuccessfulbuild" because "AlwaysCreate" was specified.
ClCompile:
  C:\Program Files (x86)\Microsoft Visual Studio 12.0\VC\bin\CL.exe /c /Zi /W3 /WX- /Od /Ob0 /Oy- /D WIN32 /D _WINDOWS /D WIN32_LEAN_AND_MEAN=1 /D NOGDI=1 /D _DEBUG /D "CMAKE_INTDIR=\"Debug\"" /D _MBCS /Gm- /RTC1 /MDd /GS /fp:precise /Zc:wchar_t /Zc:forScope /Fo"cmTryCompileExec1156919827.dir\Debug\\" /Fd"cmTryCompileExec1156919827.dir\Debug\vc120.pdb" /Gd /TC /analyze- /errorReport:queue CheckIncludeFiles.c
  Microsoft (R) C/C++ Optimizing Compiler Version 18.00.40629 for x86
  Copyright (C) Microsoft Corporation.  All rights reserved.
  
  cl /c /Zi /W3 /WX- /Od /Ob0 /Oy- /D WIN32 /D _WINDOWS /D WIN32_LEAN_AND_MEAN=1 /D NOGDI=1 /D _DEBUG /D "CMAKE_INTDIR=\"Debug\"" /D _MBCS /Gm- /RTC1 /MDd /GS /fp:precise /Zc:wchar_t /Zc:forScope /Fo"cmTryCompileExec1156919827.dir\Debug\\" /Fd"cmTryCompileExec1156919827.dir\Debug\vc120.pdb" /Gd /TC /analyze- /errorReport:queue CheckIncludeFiles.c
  
  CheckIncludeFiles.c
CheckIncludeFiles.c(7): fatal error C1083: Cannot open include file: 'features.h': No such file or directory [D:\Development\op3d_active\hdf-4.2.11\msvc\CMakeFiles\CMakeTmp\cmTryCompileExec1156919827.vcxproj]
Done Building Project "D:\Development\op3d_active\hdf-4.2.11\msvc\CMakeFiles\CMakeTmp\cmTryCompileExec1156919827.vcxproj" (default targets) -- FAILED.

Build FAILED.

"D:\Development\op3d_active\hdf-4.2.11\msvc\CMakeFiles\CMakeTmp\cmTryCompileExec1156919827.vcxproj" (default target) (1) ->
(ClCompile target) -> 
  CheckIncludeFiles.c(7): fatal error C1083: Cannot open include file: 'features.h': No such file or directory [D:\Development\op3d_active\hdf-4.2.11\msvc\CMakeFiles\CMakeTmp\cmTryCompileExec1156919827.vcxproj]

    0 Warning(s)
    1 Error(s)

Time Elapsed 00:00:00.66

Source:
/* */
#include <windows.h>
#include <sys/stat.h>
#include <sys/types.h>
#include <stddef.h>
#include <setjmp.h>
#include <features.h>


int main(){return 0;}

Determining if files windows.h;sys/stat.h;sys/types.h;stddef.h;setjmp.h;dirent.h exist failed with the following output:
Change Dir: D:/Development/op3d_active/hdf-4.2.11/msvc/CMakeFiles/CMakeTmp

Run Build Command:C:\PROGRA~2\MSBuild\12.0\Bin\MSBuild.exe cmTryCompileExec3512891514.vcxproj /p:Configuration=Debug /p:VisualStudioVersion=12.0
Microsoft (R) Build Engine version 12.0.40629.0
[Microsoft .NET Framework, version 4.0.30319.42000]
Copyright (C) Microsoft Corporation. All rights reserved.

Build started 10/29/2015 9:00:02 PM.
Project "D:\Development\op3d_active\hdf-4.2.11\msvc\CMakeFiles\CMakeTmp\cmTryCompileExec3512891514.vcxproj" on node 1 (default targets).
PrepareForBuild:
  Creating directory "cmTryCompileExec3512891514.dir\Debug\".
  Creating directory "D:\Development\op3d_active\hdf-4.2.11\msvc\CMakeFiles\CMakeTmp\Debug\".
  Creating directory "cmTryCompileExec3512891514.dir\Debug\cmTryCom.35E27B90.tlog\".
InitializeBuildStatus:
  Creating "cmTryCompileExec3512891514.dir\Debug\cmTryCom.35E27B90.tlog\unsuccessfulbuild" because "AlwaysCreate" was specified.
ClCompile:
  C:\Program Files (x86)\Microsoft Visual Studio 12.0\VC\bin\CL.exe /c /Zi /W3 /WX- /Od /Ob0 /Oy- /D WIN32 /D _WINDOWS /D WIN32_LEAN_AND_MEAN=1 /D NOGDI=1 /D _DEBUG /D "CMAKE_INTDIR=\"Debug\"" /D _MBCS /Gm- /RTC1 /MDd /GS /fp:precise /Zc:wchar_t /Zc:forScope /Fo"cmTryCompileExec3512891514.dir\Debug\\" /Fd"cmTryCompileExec3512891514.dir\Debug\vc120.pdb" /Gd /TC /analyze- /errorReport:queue CheckIncludeFiles.c
  Microsoft (R) C/C++ Optimizing Compiler Version 18.00.40629 for x86
  Copyright (C) Microsoft Corporation.  All rights reserved.
  
  cl /c /Zi /W3 /WX- /Od /Ob0 /Oy- /D WIN32 /D _WINDOWS /D WIN32_LEAN_AND_MEAN=1 /D NOGDI=1 /D _DEBUG /D "CMAKE_INTDIR=\"Debug\"" /D _MBCS /Gm- /RTC1 /MDd /GS /fp:precise /Zc:wchar_t /Zc:forScope /Fo"cmTryCompileExec3512891514.dir\Debug\\" /Fd"cmTryCompileExec3512891514.dir\Debug\vc120.pdb" /Gd /TC /analyze- /errorReport:queue CheckIncludeFiles.c
  
  CheckIncludeFiles.c
CheckIncludeFiles.c(7): fatal error C1083: Cannot open include file: 'dirent.h': No such file or directory [D:\Development\op3d_active\hdf-4.2.11\msvc\CMakeFiles\CMakeTmp\cmTryCompileExec3512891514.vcxproj]
Done Building Project "D:\Development\op3d_active\hdf-4.2.11\msvc\CMakeFiles\CMakeTmp\cmTryCompileExec3512891514.vcxproj" (default targets) -- FAILED.

Build FAILED.

"D:\Development\op3d_active\hdf-4.2.11\msvc\CMakeFiles\CMakeTmp\cmTryCompileExec3512891514.vcxproj" (default target) (1) ->
(ClCompile target) -> 
  CheckIncludeFiles.c(7): fatal error C1083: Cannot open include file: 'dirent.h': No such file or directory [D:\Development\op3d_active\hdf-4.2.11\msvc\CMakeFiles\CMakeTmp\cmTryCompileExec3512891514.vcxproj]

    0 Warning(s)
    1 Error(s)

Time Elapsed 00:00:00.55

Source:
/* */
#include <windows.h>
#include <sys/stat.h>
#include <sys/types.h>
#include <stddef.h>
#include <setjmp.h>
#include <dirent.h>


int main(){return 0;}

Determining if files windows.h;sys/stat.h;sys/types.h;stddef.h;setjmp.h;stdint.h;mach/mach_time.h exist failed with the following output:
Change Dir: D:/Development/op3d_active/hdf-4.2.11/msvc/CMakeFiles/CMakeTmp

Run Build Command:C:\PROGRA~2\MSBuild\12.0\Bin\MSBuild.exe cmTryCompileExec2446927955.vcxproj /p:Configuration=Debug /p:VisualStudioVersion=12.0
Microsoft (R) Build Engine version 12.0.40629.0
[Microsoft .NET Framework, version 4.0.30319.42000]
Copyright (C) Microsoft Corporation. All rights reserved.

Build started 10/29/2015 9:00:05 PM.
Project "D:\Development\op3d_active\hdf-4.2.11\msvc\CMakeFiles\CMakeTmp\cmTryCompileExec2446927955.vcxproj" on node 1 (default targets).
PrepareForBuild:
  Creating directory "cmTryCompileExec2446927955.dir\Debug\".
  Creating directory "D:\Development\op3d_active\hdf-4.2.11\msvc\CMakeFiles\CMakeTmp\Debug\".
  Creating directory "cmTryCompileExec2446927955.dir\Debug\cmTryCom.95D16921.tlog\".
InitializeBuildStatus:
  Creating "cmTryCompileExec2446927955.dir\Debug\cmTryCom.95D16921.tlog\unsuccessfulbuild" because "AlwaysCreate" was specified.
ClCompile:
  C:\Program Files (x86)\Microsoft Visual Studio 12.0\VC\bin\CL.exe /c /Zi /W3 /WX- /Od /Ob0 /Oy- /D WIN32 /D _WINDOWS /D WIN32_LEAN_AND_MEAN=1 /D NOGDI=1 /D _DEBUG /D "CMAKE_INTDIR=\"Debug\"" /D _MBCS /Gm- /RTC1 /MDd /GS /fp:precise /Zc:wchar_t /Zc:forScope /Fo"cmTryCompileExec2446927955.dir\Debug\\" /Fd"cmTryCompileExec2446927955.dir\Debug\vc120.pdb" /Gd /TC /analyze- /errorReport:queue CheckIncludeFiles.c
  Microsoft (R) C/C++ Optimizing Compiler Version 18.00.40629 for x86
  Copyright (C) Microsoft Corporation.  All rights reserved.
  
  cl /c /Zi /W3 /WX- /Od /Ob0 /Oy- /D WIN32 /D _WINDOWS /D WIN32_LEAN_AND_MEAN=1 /D NOGDI=1 /D _DEBUG /D "CMAKE_INTDIR=\"Debug\"" /D _MBCS /Gm- /RTC1 /MDd /GS /fp:precise /Zc:wchar_t /Zc:forScope /Fo"cmTryCompileExec2446927955.dir\Debug\\" /Fd"cmTryCompileExec2446927955.dir\Debug\vc120.pdb" /Gd /TC /analyze- /errorReport:queue CheckIncludeFiles.c
  
  CheckIncludeFiles.c
CheckIncludeFiles.c(8): fatal error C1083: Cannot open include file: 'mach/mach_time.h': No such file or directory [D:\Development\op3d_active\hdf-4.2.11\msvc\CMakeFiles\CMakeTmp\cmTryCompileExec2446927955.vcxproj]
Done Building Project "D:\Development\op3d_active\hdf-4.2.11\msvc\CMakeFiles\CMakeTmp\cmTryCompileExec2446927955.vcxproj" (default targets) -- FAILED.

Build FAILED.

"D:\Development\op3d_active\hdf-4.2.11\msvc\CMakeFiles\CMakeTmp\cmTryCompileExec2446927955.vcxproj" (default target) (1) ->
(ClCompile target) -> 
  CheckIncludeFiles.c(8): fatal error C1083: Cannot open include file: 'mach/mach_time.h': No such file or directory [D:\Development\op3d_active\hdf-4.2.11\msvc\CMakeFiles\CMakeTmp\cmTryCompileExec2446927955.vcxproj]

    0 Warning(s)
    1 Error(s)

Time Elapsed 00:00:00.63

Source:
/* */
#include <windows.h>
#include <sys/stat.h>
#include <sys/types.h>
#include <stddef.h>
#include <setjmp.h>
#include <stdint.h>
#include <mach/mach_time.h>


int main(){return 0;}

Determining if files windows.h;sys/stat.h;sys/types.h;stddef.h;setjmp.h;stdint.h;io.h;winsock2.h;sys/timeb.h;globus/common.h exist failed with the following output:
Change Dir: D:/Development/op3d_active/hdf-4.2.11/msvc/CMakeFiles/CMakeTmp

Run Build Command:C:\PROGRA~2\MSBuild\12.0\Bin\MSBuild.exe cmTryCompileExec1640499799.vcxproj /p:Configuration=Debug /p:VisualStudioVersion=12.0
Microsoft (R) Build Engine version 12.0.40629.0
[Microsoft .NET Framework, version 4.0.30319.42000]
Copyright (C) Microsoft Corporation. All rights reserved.

Build started 10/29/2015 9:00:09 PM.
Project "D:\Development\op3d_active\hdf-4.2.11\msvc\CMakeFiles\CMakeTmp\cmTryCompileExec1640499799.vcxproj" on node 1 (default targets).
PrepareForBuild:
  Creating directory "cmTryCompileExec1640499799.dir\Debug\".
  Creating directory "D:\Development\op3d_active\hdf-4.2.11\msvc\CMakeFiles\CMakeTmp\Debug\".
  Creating directory "cmTryCompileExec1640499799.dir\Debug\cmTryCom.836C8FE9.tlog\".
InitializeBuildStatus:
  Creating "cmTryCompileExec1640499799.dir\Debug\cmTryCom.836C8FE9.tlog\unsuccessfulbuild" because "AlwaysCreate" was specified.
ClCompile:
  C:\Program Files (x86)\Microsoft Visual Studio 12.0\VC\bin\CL.exe /c /Zi /W3 /WX- /Od /Ob0 /Oy- /D WIN32 /D _WINDOWS /D WIN32_LEAN_AND_MEAN=1 /D NOGDI=1 /D _DEBUG /D "CMAKE_INTDIR=\"Debug\"" /D _MBCS /Gm- /RTC1 /MDd /GS /fp:precise /Zc:wchar_t /Zc:forScope /Fo"cmTryCompileExec1640499799.dir\Debug\\" /Fd"cmTryCompileExec1640499799.dir\Debug\vc120.pdb" /Gd /TC /analyze- /errorReport:queue CheckIncludeFiles.c
  Microsoft (R) C/C++ Optimizing Compiler Version 18.00.40629 for x86
  Copyright (C) Microsoft Corporation.  All rights reserved.
  
  cl /c /Zi /W3 /WX- /Od /Ob0 /Oy- /D WIN32 /D _WINDOWS /D WIN32_LEAN_AND_MEAN=1 /D NOGDI=1 /D _DEBUG /D "CMAKE_INTDIR=\"Debug\"" /D _MBCS /Gm- /RTC1 /MDd /GS /fp:precise /Zc:wchar_t /Zc:forScope /Fo"cmTryCompileExec1640499799.dir\Debug\\" /Fd"cmTryCompileExec1640499799.dir\Debug\vc120.pdb" /Gd /TC /analyze- /errorReport:queue CheckIncludeFiles.c
  
  CheckIncludeFiles.c
CheckIncludeFiles.c(11): fatal error C1083: Cannot open include file: 'globus/common.h': No such file or directory [D:\Development\op3d_active\hdf-4.2.11\msvc\CMakeFiles\CMakeTmp\cmTryCompileExec1640499799.vcxproj]
Done Building Project "D:\Development\op3d_active\hdf-4.2.11\msvc\CMakeFiles\CMakeTmp\cmTryCompileExec1640499799.vcxproj" (default targets) -- FAILED.

Build FAILED.

"D:\Development\op3d_active\hdf-4.2.11\msvc\CMakeFiles\CMakeTmp\cmTryCompileExec1640499799.vcxproj" (default target) (1) ->
(ClCompile target) -> 
  CheckIncludeFiles.c(11): fatal error C1083: Cannot open include file: 'globus/common.h': No such file or directory [D:\Development\op3d_active\hdf-4.2.11\msvc\CMakeFiles\CMakeTmp\cmTryCompileExec1640499799.vcxproj]

    0 Warning(s)
    1 Error(s)

Time Elapsed 00:00:00.68

Source:
/* */
#include <windows.h>
#include <sys/stat.h>
#include <sys/types.h>
#include <stddef.h>
#include <setjmp.h>
#include <stdint.h>
#include <io.h>
#include <winsock2.h>
#include <sys/timeb.h>
#include <globus/common.h>


int main(){return 0;}

Determining if files windows.h;sys/stat.h;sys/types.h;stddef.h;setjmp.h;stdint.h;io.h;winsock2.h;sys/timeb.h;pdb.h exist failed with the following output:
Change Dir: D:/Development/op3d_active/hdf-4.2.11/msvc/CMakeFiles/CMakeTmp

Run Build Command:C:\PROGRA~2\MSBuild\12.0\Bin\MSBuild.exe cmTryCompileExec3064312212.vcxproj /p:Configuration=Debug /p:VisualStudioVersion=12.0
Microsoft (R) Build Engine version 12.0.40629.0
[Microsoft .NET Framework, version 4.0.30319.42000]
Copyright (C) Microsoft Corporation. All rights reserved.

Build started 10/29/2015 9:00:10 PM.
Project "D:\Development\op3d_active\hdf-4.2.11\msvc\CMakeFiles\CMakeTmp\cmTryCompileExec3064312212.vcxproj" on node 1 (default targets).
PrepareForBuild:
  Creating directory "cmTryCompileExec3064312212.dir\Debug\".
  Creating directory "D:\Development\op3d_active\hdf-4.2.11\msvc\CMakeFiles\CMakeTmp\Debug\".
  Creating directory "cmTryCompileExec3064312212.dir\Debug\cmTryCom.BEDCEA2D.tlog\".
InitializeBuildStatus:
  Creating "cmTryCompileExec3064312212.dir\Debug\cmTryCom.BEDCEA2D.tlog\unsuccessfulbuild" because "AlwaysCreate" was specified.
ClCompile:
  C:\Program Files (x86)\Microsoft Visual Studio 12.0\VC\bin\CL.exe /c /Zi /W3 /WX- /Od /Ob0 /Oy- /D WIN32 /D _WINDOWS /D WIN32_LEAN_AND_MEAN=1 /D NOGDI=1 /D _DEBUG /D "CMAKE_INTDIR=\"Debug\"" /D _MBCS /Gm- /RTC1 /MDd /GS /fp:precise /Zc:wchar_t /Zc:forScope /Fo"cmTryCompileExec3064312212.dir\Debug\\" /Fd"cmTryCompileExec3064312212.dir\Debug\vc120.pdb" /Gd /TC /analyze- /errorReport:queue CheckIncludeFiles.c
  Microsoft (R) C/C++ Optimizing Compiler Version 18.00.40629 for x86
  Copyright (C) Microsoft Corporation.  All rights reserved.
  
  cl /c /Zi /W3 /WX- /Od /Ob0 /Oy- /D WIN32 /D _WINDOWS /D WIN32_LEAN_AND_MEAN=1 /D NOGDI=1 /D _DEBUG /D "CMAKE_INTDIR=\"Debug\"" /D _MBCS /Gm- /RTC1 /MDd /GS /fp:precise /Zc:wchar_t /Zc:forScope /Fo"cmTryCompileExec3064312212.dir\Debug\\" /Fd"cmTryCompileExec3064312212.dir\Debug\vc120.pdb" /Gd /TC /analyze- /errorReport:queue CheckIncludeFiles.c
  
  CheckIncludeFiles.c
CheckIncludeFiles.c(11): fatal error C1083: Cannot open include file: 'pdb.h': No such file or directory [D:\Development\op3d_active\hdf-4.2.11\msvc\CMakeFiles\CMakeTmp\cmTryCompileExec3064312212.vcxproj]
Done Building Project "D:\Development\op3d_active\hdf-4.2.11\msvc\CMakeFiles\CMakeTmp\cmTryCompileExec3064312212.vcxproj" (default targets) -- FAILED.

Build FAILED.

"D:\Development\op3d_active\hdf-4.2.11\msvc\CMakeFiles\CMakeTmp\cmTryCompileExec3064312212.vcxproj" (default target) (1) ->
(ClCompile target) -> 
  CheckIncludeFiles.c(11): fatal error C1083: Cannot open include file: 'pdb.h': No such file or directory [D:\Development\op3d_active\hdf-4.2.11\msvc\CMakeFiles\CMakeTmp\cmTryCompileExec3064312212.vcxproj]

    0 Warning(s)
    1 Error(s)

Time Elapsed 00:00:00.67

Source:
/* */
#include <windows.h>
#include <sys/stat.h>
#include <sys/types.h>
#include <stddef.h>
#include <setjmp.h>
#include <stdint.h>
#include <io.h>
#include <winsock2.h>
#include <sys/timeb.h>
#include <pdb.h>


int main(){return 0;}

Determining if files windows.h;sys/stat.h;sys/types.h;stddef.h;setjmp.h;stdint.h;io.h;winsock2.h;sys/timeb.h;pthread.h exist failed with the following output:
Change Dir: D:/Development/op3d_active/hdf-4.2.11/msvc/CMakeFiles/CMakeTmp

Run Build Command:C:\PROGRA~2\MSBuild\12.0\Bin\MSBuild.exe cmTryCompileExec4233674409.vcxproj /p:Configuration=Debug /p:VisualStudioVersion=12.0
Microsoft (R) Build Engine version 12.0.40629.0
[Microsoft .NET Framework, version 4.0.30319.42000]
Copyright (C) Microsoft Corporation. All rights reserved.

Build started 10/29/2015 9:00:11 PM.
Project "D:\Development\op3d_active\hdf-4.2.11\msvc\CMakeFiles\CMakeTmp\cmTryCompileExec4233674409.vcxproj" on node 1 (default targets).
PrepareForBuild:
  Creating directory "cmTryCompileExec4233674409.dir\Debug\".
  Creating directory "D:\Development\op3d_active\hdf-4.2.11\msvc\CMakeFiles\CMakeTmp\Debug\".
  Creating directory "cmTryCompileExec4233674409.dir\Debug\cmTryCom.2BD48B5A.tlog\".
InitializeBuildStatus:
  Creating "cmTryCompileExec4233674409.dir\Debug\cmTryCom.2BD48B5A.tlog\unsuccessfulbuild" because "AlwaysCreate" was specified.
ClCompile:
  C:\Program Files (x86)\Microsoft Visual Studio 12.0\VC\bin\CL.exe /c /Zi /W3 /WX- /Od /Ob0 /Oy- /D WIN32 /D _WINDOWS /D WIN32_LEAN_AND_MEAN=1 /D NOGDI=1 /D _DEBUG /D "CMAKE_INTDIR=\"Debug\"" /D _MBCS /Gm- /RTC1 /MDd /GS /fp:precise /Zc:wchar_t /Zc:forScope /Fo"cmTryCompileExec4233674409.dir\Debug\\" /Fd"cmTryCompileExec4233674409.dir\Debug\vc120.pdb" /Gd /TC /analyze- /errorReport:queue CheckIncludeFiles.c
  Microsoft (R) C/C++ Optimizing Compiler Version 18.00.40629 for x86
  Copyright (C) Microsoft Corporation.  All rights reserved.
  
  cl /c /Zi /W3 /WX- /Od /Ob0 /Oy- /D WIN32 /D _WINDOWS /D WIN32_LEAN_AND_MEAN=1 /D NOGDI=1 /D _DEBUG /D "CMAKE_INTDIR=\"Debug\"" /D _MBCS /Gm- /RTC1 /MDd /GS /fp:precise /Zc:wchar_t /Zc:forScope /Fo"cmTryCompileExec4233674409.dir\Debug\\" /Fd"cmTryCompileExec4233674409.dir\Debug\vc120.pdb" /Gd /TC /analyze- /errorReport:queue CheckIncludeFiles.c
  
  CheckIncludeFiles.c
CheckIncludeFiles.c(11): fatal error C1083: Cannot open include file: 'pthread.h': No such file or directory [D:\Development\op3d_active\hdf-4.2.11\msvc\CMakeFiles\CMakeTmp\cmTryCompileExec4233674409.vcxproj]
Done Building Project "D:\Development\op3d_active\hdf-4.2.11\msvc\CMakeFiles\CMakeTmp\cmTryCompileExec4233674409.vcxproj" (default targets) -- FAILED.

Build FAILED.

"D:\Development\op3d_active\hdf-4.2.11\msvc\CMakeFiles\CMakeTmp\cmTryCompileExec4233674409.vcxproj" (default target) (1) ->
(ClCompile target) -> 
  CheckIncludeFiles.c(11): fatal error C1083: Cannot open include file: 'pthread.h': No such file or directory [D:\Development\op3d_active\hdf-4.2.11\msvc\CMakeFiles\CMakeTmp\cmTryCompileExec4233674409.vcxproj]

    0 Warning(s)
    1 Error(s)

Time Elapsed 00:00:00.68

Source:
/* */
#include <windows.h>
#include <sys/stat.h>
#include <sys/types.h>
#include <stddef.h>
#include <setjmp.h>
#include <stdint.h>
#include <io.h>
#include <winsock2.h>
#include <sys/timeb.h>
#include <pthread.h>


int main(){return 0;}

Determining if files windows.h;sys/stat.h;sys/types.h;stddef.h;setjmp.h;stdint.h;io.h;winsock2.h;sys/timeb.h;srbclient.h exist failed with the following output:
Change Dir: D:/Development/op3d_active/hdf-4.2.11/msvc/CMakeFiles/CMakeTmp

Run Build Command:C:\PROGRA~2\MSBuild\12.0\Bin\MSBuild.exe cmTryCompileExec777294098.vcxproj /p:Configuration=Debug /p:VisualStudioVersion=12.0
Microsoft (R) Build Engine version 12.0.40629.0
[Microsoft .NET Framework, version 4.0.30319.42000]
Copyright (C) Microsoft Corporation. All rights reserved.

Build started 10/29/2015 9:00:12 PM.
Project "D:\Development\op3d_active\hdf-4.2.11\msvc\CMakeFiles\CMakeTmp\cmTryCompileExec777294098.vcxproj" on node 1 (default targets).
PrepareForBuild:
  Creating directory "cmTryCompileExec777294098.dir\Debug\".
  Creating directory "D:\Development\op3d_active\hdf-4.2.11\msvc\CMakeFiles\CMakeTmp\Debug\".
  Creating directory "cmTryCompileExec777294098.dir\Debug\cmTryCom.A0309018.tlog\".
InitializeBuildStatus:
  Creating "cmTryCompileExec777294098.dir\Debug\cmTryCom.A0309018.tlog\unsuccessfulbuild" because "AlwaysCreate" was specified.
ClCompile:
  C:\Program Files (x86)\Microsoft Visual Studio 12.0\VC\bin\CL.exe /c /Zi /W3 /WX- /Od /Ob0 /Oy- /D WIN32 /D _WINDOWS /D WIN32_LEAN_AND_MEAN=1 /D NOGDI=1 /D _DEBUG /D "CMAKE_INTDIR=\"Debug\"" /D _MBCS /Gm- /RTC1 /MDd /GS /fp:precise /Zc:wchar_t /Zc:forScope /Fo"cmTryCompileExec777294098.dir\Debug\\" /Fd"cmTryCompileExec777294098.dir\Debug\vc120.pdb" /Gd /TC /analyze- /errorReport:queue CheckIncludeFiles.c
  Microsoft (R) C/C++ Optimizing Compiler Version 18.00.40629 for x86
  Copyright (C) Microsoft Corporation.  All rights reserved.
  
  cl /c /Zi /W3 /WX- /Od /Ob0 /Oy- /D WIN32 /D _WINDOWS /D WIN32_LEAN_AND_MEAN=1 /D NOGDI=1 /D _DEBUG /D "CMAKE_INTDIR=\"Debug\"" /D _MBCS /Gm- /RTC1 /MDd /GS /fp:precise /Zc:wchar_t /Zc:forScope /Fo"cmTryCompileExec777294098.dir\Debug\\" /Fd"cmTryCompileExec777294098.dir\Debug\vc120.pdb" /Gd /TC /analyze- /errorReport:queue CheckIncludeFiles.c
  
  CheckIncludeFiles.c
CheckIncludeFiles.c(11): fatal error C1083: Cannot open include file: 'srbclient.h': No such file or directory [D:\Development\op3d_active\hdf-4.2.11\msvc\CMakeFiles\CMakeTmp\cmTryCompileExec777294098.vcxproj]
Done Building Project "D:\Development\op3d_active\hdf-4.2.11\msvc\CMakeFiles\CMakeTmp\cmTryCompileExec777294098.vcxproj" (default targets) -- FAILED.

Build FAILED.

"D:\Development\op3d_active\hdf-4.2.11\msvc\CMakeFiles\CMakeTmp\cmTryCompileExec777294098.vcxproj" (default target) (1) ->
(ClCompile target) -> 
  CheckIncludeFiles.c(11): fatal error C1083: Cannot open include file: 'srbclient.h': No such file or directory [D:\Development\op3d_active\hdf-4.2.11\msvc\CMakeFiles\CMakeTmp\cmTryCompileExec777294098.vcxproj]

    0 Warning(s)
    1 Error(s)

Time Elapsed 00:00:00.63

Source:
/* */
#include <windows.h>
#include <sys/stat.h>
#include <sys/types.h>
#include <stddef.h>
#include <setjmp.h>
#include <stdint.h>
#include <io.h>
#include <winsock2.h>
#include <sys/timeb.h>
#include <srbclient.h>


int main(){return 0;}

Determining if files windows.h;sys/stat.h;sys/types.h;stddef.h;setjmp.h;stdint.h;io.h;winsock2.h;sys/timeb.h;string.h;strings.h exist failed with the following output:
Change Dir: D:/Development/op3d_active/hdf-4.2.11/msvc/CMakeFiles/CMakeTmp

Run Build Command:C:\PROGRA~2\MSBuild\12.0\Bin\MSBuild.exe cmTryCompileExec2800726857.vcxproj /p:Configuration=Debug /p:VisualStudioVersion=12.0
Microsoft (R) Build Engine version 12.0.40629.0
[Microsoft .NET Framework, version 4.0.30319.42000]
Copyright (C) Microsoft Corporation. All rights reserved.

Build started 10/29/2015 9:00:14 PM.
Project "D:\Development\op3d_active\hdf-4.2.11\msvc\CMakeFiles\CMakeTmp\cmTryCompileExec2800726857.vcxproj" on node 1 (default targets).
PrepareForBuild:
  Creating directory "cmTryCompileExec2800726857.dir\Debug\".
  Creating directory "D:\Development\op3d_active\hdf-4.2.11\msvc\CMakeFiles\CMakeTmp\Debug\".
  Creating directory "cmTryCompileExec2800726857.dir\Debug\cmTryCom.00CC4695.tlog\".
InitializeBuildStatus:
  Creating "cmTryCompileExec2800726857.dir\Debug\cmTryCom.00CC4695.tlog\unsuccessfulbuild" because "AlwaysCreate" was specified.
ClCompile:
  C:\Program Files (x86)\Microsoft Visual Studio 12.0\VC\bin\CL.exe /c /Zi /W3 /WX- /Od /Ob0 /Oy- /D WIN32 /D _WINDOWS /D WIN32_LEAN_AND_MEAN=1 /D NOGDI=1 /D _DEBUG /D "CMAKE_INTDIR=\"Debug\"" /D _MBCS /Gm- /RTC1 /MDd /GS /fp:precise /Zc:wchar_t /Zc:forScope /Fo"cmTryCompileExec2800726857.dir\Debug\\" /Fd"cmTryCompileExec2800726857.dir\Debug\vc120.pdb" /Gd /TC /analyze- /errorReport:queue CheckIncludeFiles.c
  Microsoft (R) C/C++ Optimizing Compiler Version 18.00.40629 for x86
  Copyright (C) Microsoft Corporation.  All rights reserved.
  
  cl /c /Zi /W3 /WX- /Od /Ob0 /Oy- /D WIN32 /D _WINDOWS /D WIN32_LEAN_AND_MEAN=1 /D NOGDI=1 /D _DEBUG /D "CMAKE_INTDIR=\"Debug\"" /D _MBCS /Gm- /RTC1 /MDd /GS /fp:precise /Zc:wchar_t /Zc:forScope /Fo"cmTryCompileExec2800726857.dir\Debug\\" /Fd"cmTryCompileExec2800726857.dir\Debug\vc120.pdb" /Gd /TC /analyze- /errorReport:queue CheckIncludeFiles.c
  
  CheckIncludeFiles.c
CheckIncludeFiles.c(12): fatal error C1083: Cannot open include file: 'strings.h': No such file or directory [D:\Development\op3d_active\hdf-4.2.11\msvc\CMakeFiles\CMakeTmp\cmTryCompileExec2800726857.vcxproj]
Done Building Project "D:\Development\op3d_active\hdf-4.2.11\msvc\CMakeFiles\CMakeTmp\cmTryCompileExec2800726857.vcxproj" (default targets) -- FAILED.

Build FAILED.

"D:\Development\op3d_active\hdf-4.2.11\msvc\CMakeFiles\CMakeTmp\cmTryCompileExec2800726857.vcxproj" (default target) (1) ->
(ClCompile target) -> 
  CheckIncludeFiles.c(12): fatal error C1083: Cannot open include file: 'strings.h': No such file or directory [D:\Development\op3d_active\hdf-4.2.11\msvc\CMakeFiles\CMakeTmp\cmTryCompileExec2800726857.vcxproj]

    0 Warning(s)
    1 Error(s)

Time Elapsed 00:00:00.59

Source:
/* */
#include <windows.h>
#include <sys/stat.h>
#include <sys/types.h>
#include <stddef.h>
#include <setjmp.h>
#include <stdint.h>
#include <io.h>
#include <winsock2.h>
#include <sys/timeb.h>
#include <string.h>
#include <strings.h>


int main(){return 0;}

Determining if files windows.h;sys/stat.h;sys/types.h;stddef.h;setjmp.h;stdint.h;io.h;winsock2.h;sys/timeb.h;string.h;time.h;stdlib.h;memory.h;dlfcn.h exist failed with the following output:
Change Dir: D:/Development/op3d_active/hdf-4.2.11/msvc/CMakeFiles/CMakeTmp

Run Build Command:C:\PROGRA~2\MSBuild\12.0\Bin\MSBuild.exe cmTryCompileExec2097911751.vcxproj /p:Configuration=Debug /p:VisualStudioVersion=12.0
Microsoft (R) Build Engine version 12.0.40629.0
[Microsoft .NET Framework, version 4.0.30319.42000]
Copyright (C) Microsoft Corporation. All rights reserved.

Build started 10/29/2015 9:00:18 PM.
Project "D:\Development\op3d_active\hdf-4.2.11\msvc\CMakeFiles\CMakeTmp\cmTryCompileExec2097911751.vcxproj" on node 1 (default targets).
PrepareForBuild:
  Creating directory "cmTryCompileExec2097911751.dir\Debug\".
  Creating directory "D:\Development\op3d_active\hdf-4.2.11\msvc\CMakeFiles\CMakeTmp\Debug\".
  Creating directory "cmTryCompileExec2097911751.dir\Debug\cmTryCom.542CF586.tlog\".
InitializeBuildStatus:
  Creating "cmTryCompileExec2097911751.dir\Debug\cmTryCom.542CF586.tlog\unsuccessfulbuild" because "AlwaysCreate" was specified.
ClCompile:
  C:\Program Files (x86)\Microsoft Visual Studio 12.0\VC\bin\CL.exe /c /Zi /W3 /WX- /Od /Ob0 /Oy- /D WIN32 /D _WINDOWS /D WIN32_LEAN_AND_MEAN=1 /D NOGDI=1 /D _DEBUG /D "CMAKE_INTDIR=\"Debug\"" /D _MBCS /Gm- /RTC1 /MDd /GS /fp:precise /Zc:wchar_t /Zc:forScope /Fo"cmTryCompileExec2097911751.dir\Debug\\" /Fd"cmTryCompileExec2097911751.dir\Debug\vc120.pdb" /Gd /TC /analyze- /errorReport:queue CheckIncludeFiles.c
  Microsoft (R) C/C++ Optimizing Compiler Version 18.00.40629 for x86
  Copyright (C) Microsoft Corporation.  All rights reserved.
  
  cl /c /Zi /W3 /WX- /Od /Ob0 /Oy- /D WIN32 /D _WINDOWS /D WIN32_LEAN_AND_MEAN=1 /D NOGDI=1 /D _DEBUG /D "CMAKE_INTDIR=\"Debug\"" /D _MBCS /Gm- /RTC1 /MDd /GS /fp:precise /Zc:wchar_t /Zc:forScope /Fo"cmTryCompileExec2097911751.dir\Debug\\" /Fd"cmTryCompileExec2097911751.dir\Debug\vc120.pdb" /Gd /TC /analyze- /errorReport:queue CheckIncludeFiles.c
  
  CheckIncludeFiles.c
CheckIncludeFiles.c(15): fatal error C1083: Cannot open include file: 'dlfcn.h': No such file or directory [D:\Development\op3d_active\hdf-4.2.11\msvc\CMakeFiles\CMakeTmp\cmTryCompileExec2097911751.vcxproj]
Done Building Project "D:\Development\op3d_active\hdf-4.2.11\msvc\CMakeFiles\CMakeTmp\cmTryCompileExec2097911751.vcxproj" (default targets) -- FAILED.

Build FAILED.

"D:\Development\op3d_active\hdf-4.2.11\msvc\CMakeFiles\CMakeTmp\cmTryCompileExec2097911751.vcxproj" (default target) (1) ->
(ClCompile target) -> 
  CheckIncludeFiles.c(15): fatal error C1083: Cannot open include file: 'dlfcn.h': No such file or directory [D:\Development\op3d_active\hdf-4.2.11\msvc\CMakeFiles\CMakeTmp\cmTryCompileExec2097911751.vcxproj]

    0 Warning(s)
    1 Error(s)

Time Elapsed 00:00:00.63

Source:
/* */
#include <windows.h>
#include <sys/stat.h>
#include <sys/types.h>
#include <stddef.h>
#include <setjmp.h>
#include <stdint.h>
#include <io.h>
#include <winsock2.h>
#include <sys/timeb.h>
#include <string.h>
#include <time.h>
#include <stdlib.h>
#include <memory.h>
#include <dlfcn.h>


int main(){return 0;}

Determining if files windows.h;sys/stat.h;sys/types.h;stddef.h;setjmp.h;stdint.h;io.h;winsock2.h;sys/timeb.h;string.h;time.h;stdlib.h;memory.h;inttypes.h;netinet/in.h exist failed with the following output:
Change Dir: D:/Development/op3d_active/hdf-4.2.11/msvc/CMakeFiles/CMakeTmp

Run Build Command:C:\PROGRA~2\MSBuild\12.0\Bin\MSBuild.exe cmTryCompileExec2938122389.vcxproj /p:Configuration=Debug /p:VisualStudioVersion=12.0
Microsoft (R) Build Engine version 12.0.40629.0
[Microsoft .NET Framework, version 4.0.30319.42000]
Copyright (C) Microsoft Corporation. All rights reserved.

Build started 10/29/2015 9:00:20 PM.
Project "D:\Development\op3d_active\hdf-4.2.11\msvc\CMakeFiles\CMakeTmp\cmTryCompileExec2938122389.vcxproj" on node 1 (default targets).
PrepareForBuild:
  Creating directory "cmTryCompileExec2938122389.dir\Debug\".
  Creating directory "D:\Development\op3d_active\hdf-4.2.11\msvc\CMakeFiles\CMakeTmp\Debug\".
  Creating directory "cmTryCompileExec2938122389.dir\Debug\cmTryCom.94D6DD19.tlog\".
InitializeBuildStatus:
  Creating "cmTryCompileExec2938122389.dir\Debug\cmTryCom.94D6DD19.tlog\unsuccessfulbuild" because "AlwaysCreate" was specified.
ClCompile:
  C:\Program Files (x86)\Microsoft Visual Studio 12.0\VC\bin\CL.exe /c /Zi /W3 /WX- /Od /Ob0 /Oy- /D WIN32 /D _WINDOWS /D WIN32_LEAN_AND_MEAN=1 /D NOGDI=1 /D _DEBUG /D "CMAKE_INTDIR=\"Debug\"" /D _MBCS /Gm- /RTC1 /MDd /GS /fp:precise /Zc:wchar_t /Zc:forScope /Fo"cmTryCompileExec2938122389.dir\Debug\\" /Fd"cmTryCompileExec2938122389.dir\Debug\vc120.pdb" /Gd /TC /analyze- /errorReport:queue CheckIncludeFiles.c
  Microsoft (R) C/C++ Optimizing Compiler Version 18.00.40629 for x86
  Copyright (C) Microsoft Corporation.  All rights reserved.
  
  cl /c /Zi /W3 /WX- /Od /Ob0 /Oy- /D WIN32 /D _WINDOWS /D WIN32_LEAN_AND_MEAN=1 /D NOGDI=1 /D _DEBUG /D "CMAKE_INTDIR=\"Debug\"" /D _MBCS /Gm- /RTC1 /MDd /GS /fp:precise /Zc:wchar_t /Zc:forScope /Fo"cmTryCompileExec2938122389.dir\Debug\\" /Fd"cmTryCompileExec2938122389.dir\Debug\vc120.pdb" /Gd /TC /analyze- /errorReport:queue CheckIncludeFiles.c
  
  CheckIncludeFiles.c
CheckIncludeFiles.c(16): fatal error C1083: Cannot open include file: 'netinet/in.h': No such file or directory [D:\Development\op3d_active\hdf-4.2.11\msvc\CMakeFiles\CMakeTmp\cmTryCompileExec2938122389.vcxproj]
Done Building Project "D:\Development\op3d_active\hdf-4.2.11\msvc\CMakeFiles\CMakeTmp\cmTryCompileExec2938122389.vcxproj" (default targets) -- FAILED.

Build FAILED.

"D:\Development\op3d_active\hdf-4.2.11\msvc\CMakeFiles\CMakeTmp\cmTryCompileExec2938122389.vcxproj" (default target) (1) ->
(ClCompile target) -> 
  CheckIncludeFiles.c(16): fatal error C1083: Cannot open include file: 'netinet/in.h': No such file or directory [D:\Development\op3d_active\hdf-4.2.11\msvc\CMakeFiles\CMakeTmp\cmTryCompileExec2938122389.vcxproj]

    0 Warning(s)
    1 Error(s)

Time Elapsed 00:00:00.67

Source:
/* */
#include <windows.h>
#include <sys/stat.h>
#include <sys/types.h>
#include <stddef.h>
#include <setjmp.h>
#include <stdint.h>
#include <io.h>
#include <winsock2.h>
#include <sys/timeb.h>
#include <string.h>
#include <time.h>
#include <stdlib.h>
#include <memory.h>
#include <inttypes.h>
#include <netinet/in.h>


int main(){return 0;}

Determining size of ssize_t failed with the following output:
Change Dir: D:/Development/op3d_active/hdf-4.2.11/msvc/CMakeFiles/CMakeTmp

Run Build Command:C:\PROGRA~2\MSBuild\12.0\Bin\MSBuild.exe cmTryCompileExec473799407.vcxproj /p:Configuration=Debug /p:VisualStudioVersion=12.0
Microsoft (R) Build Engine version 12.0.40629.0
[Microsoft .NET Framework, version 4.0.30319.42000]
Copyright (C) Microsoft Corporation. All rights reserved.

Build started 10/29/2015 9:01:00 PM.
Project "D:\Development\op3d_active\hdf-4.2.11\msvc\CMakeFiles\CMakeTmp\cmTryCompileExec473799407.vcxproj" on node 1 (default targets).
PrepareForBuild:
  Creating directory "cmTryCompileExec473799407.dir\Debug\".
  Creating directory "D:\Development\op3d_active\hdf-4.2.11\msvc\CMakeFiles\CMakeTmp\Debug\".
  Creating directory "cmTryCompileExec473799407.dir\Debug\cmTryCom.CB952B39.tlog\".
InitializeBuildStatus:
  Creating "cmTryCompileExec473799407.dir\Debug\cmTryCom.CB952B39.tlog\unsuccessfulbuild" because "AlwaysCreate" was specified.
ClCompile:
  C:\Program Files (x86)\Microsoft Visual Studio 12.0\VC\bin\CL.exe /c /Zi /W3 /WX- /Od /Ob0 /Oy- /D WIN32 /D _WINDOWS /D WIN32_LEAN_AND_MEAN=1 /D NOGDI=1 /D _DEBUG /D "CMAKE_INTDIR=\"Debug\"" /D _MBCS /Gm- /RTC1 /MDd /GS /fp:precise /Zc:wchar_t /Zc:forScope /Fo"cmTryCompileExec473799407.dir\Debug\\" /Fd"cmTryCompileExec473799407.dir\Debug\vc120.pdb" /Gd /TC /analyze- /errorReport:queue "D:\Development\op3d_active\hdf-4.2.11\msvc\CMakeFiles\CheckTypeSize\H4_SIZEOF_SSIZE_T.c"
  Microsoft (R) C/C++ Optimizing Compiler Version 18.00.40629 for x86
  Copyright (C) Microsoft Corporation.  All rights reserved.
  
  cl /c /Zi /W3 /WX- /Od /Ob0 /Oy- /D WIN32 /D _WINDOWS /D WIN32_LEAN_AND_MEAN=1 /D NOGDI=1 /D _DEBUG /D "CMAKE_INTDIR=\"Debug\"" /D _MBCS /Gm- /RTC1 /MDd /GS /fp:precise /Zc:wchar_t /Zc:forScope /Fo"cmTryCompileExec473799407.dir\Debug\\" /Fd"cmTryCompileExec473799407.dir\Debug\vc120.pdb" /Gd /TC /analyze- /errorReport:queue "D:\Development\op3d_active\hdf-4.2.11\msvc\CMakeFiles\CheckTypeSize\H4_SIZEOF_SSIZE_T.c"
  
  H4_SIZEOF_SSIZE_T.c
D:\Development\op3d_active\hdf-4.2.11\msvc\CMakeFiles\CheckTypeSize\H4_SIZEOF_SSIZE_T.c(19): error C2065: 'ssize_t' : undeclared identifier [D:\Development\op3d_active\hdf-4.2.11\msvc\CMakeFiles\CMakeTmp\cmTryCompileExec473799407.vcxproj]
D:\Development\op3d_active\hdf-4.2.11\msvc\CMakeFiles\CheckTypeSize\H4_SIZEOF_SSIZE_T.c(20): error C2065: 'ssize_t' : undeclared identifier [D:\Development\op3d_active\hdf-4.2.11\msvc\CMakeFiles\CMakeTmp\cmTryCompileExec473799407.vcxproj]
D:\Development\op3d_active\hdf-4.2.11\msvc\CMakeFiles\CheckTypeSize\H4_SIZEOF_SSIZE_T.c(21): error C2065: 'ssize_t' : undeclared identifier [D:\Development\op3d_active\hdf-4.2.11\msvc\CMakeFiles\CMakeTmp\cmTryCompileExec473799407.vcxproj]
D:\Development\op3d_active\hdf-4.2.11\msvc\CMakeFiles\CheckTypeSize\H4_SIZEOF_SSIZE_T.c(22): error C2065: 'ssize_t' : undeclared identifier [D:\Development\op3d_active\hdf-4.2.11\msvc\CMakeFiles\CMakeTmp\cmTryCompileExec473799407.vcxproj]
D:\Development\op3d_active\hdf-4.2.11\msvc\CMakeFiles\CheckTypeSize\H4_SIZEOF_SSIZE_T.c(23): error C2065: 'ssize_t' : undeclared identifier [D:\Development\op3d_active\hdf-4.2.11\msvc\CMakeFiles\CMakeTmp\cmTryCompileExec473799407.vcxproj]
Done Building Project "D:\Development\op3d_active\hdf-4.2.11\msvc\CMakeFiles\CMakeTmp\cmTryCompileExec473799407.vcxproj" (default targets) -- FAILED.

Build FAILED.

"D:\Development\op3d_active\hdf-4.2.11\msvc\CMakeFiles\CMakeTmp\cmTryCompileExec473799407.vcxproj" (default target) (1) ->
(ClCompile target) -> 
  D:\Development\op3d_active\hdf-4.2.11\msvc\CMakeFiles\CheckTypeSize\H4_SIZEOF_SSIZE_T.c(19): error C2065: 'ssize_t' : undeclared identifier [D:\Development\op3d_active\hdf-4.2.11\msvc\CMakeFiles\CMakeTmp\cmTryCompileExec473799407.vcxproj]
  D:\Development\op3d_active\hdf-4.2.11\msvc\CMakeFiles\CheckTypeSize\H4_SIZEOF_SSIZE_T.c(20): error C2065: 'ssize_t' : undeclared identifier [D:\Development\op3d_active\hdf-4.2.11\msvc\CMakeFiles\CMakeTmp\cmTryCompileExec473799407.vcxproj]
  D:\Development\op3d_active\hdf-4.2.11\msvc\CMakeFiles\CheckTypeSize\H4_SIZEOF_SSIZE_T.c(21): error C2065: 'ssize_t' : undeclared identifier [D:\Development\op3d_active\hdf-4.2.11\msvc\CMakeFiles\CMakeTmp\cmTryCompileExec473799407.vcxproj]
  D:\Development\op3d_active\hdf-4.2.11\msvc\CMakeFiles\CheckTypeSize\H4_SIZEOF_SSIZE_T.c(22): error C2065: 'ssize_t' : undeclared identifier [D:\Development\op3d_active\hdf-4.2.11\msvc\CMakeFiles\CMakeTmp\cmTryCompileExec473799407.vcxproj]
  D:\Development\op3d_active\hdf-4.2.11\msvc\CMakeFiles\CheckTypeSize\H4_SIZEOF_SSIZE_T.c(23): error C2065: 'ssize_t' : undeclared identifier [D:\Development\op3d_active\hdf-4.2.11\msvc\CMakeFiles\CMakeTmp\cmTryCompileExec473799407.vcxproj]

    0 Warning(s)
    5 Error(s)

Time Elapsed 00:00:00.39

D:/Development/op3d_active/hdf-4.2.11/msvc/CMakeFiles/CheckTypeSize/H4_SIZEOF_SSIZE_T.c:
#include <sys/types.h>
#include <stdint.h>
#include <stddef.h>


#undef KEY
#if defined(__i386)
# define KEY '_','_','i','3','8','6'
#elif defined(__x86_64)
# define KEY '_','_','x','8','6','_','6','4'
#elif defined(__ppc__)
# define KEY '_','_','p','p','c','_','_'
#elif defined(__ppc64__)
# define KEY '_','_','p','p','c','6','4','_','_'
#endif

#define SIZE (sizeof(ssize_t))
char info_size[] =  {'I', 'N', 'F', 'O', ':', 's','i','z','e','[',
  ('0' + ((SIZE / 10000)%10)),
  ('0' + ((SIZE / 1000)%10)),
  ('0' + ((SIZE / 100)%10)),
  ('0' + ((SIZE / 10)%10)),
  ('0' +  (SIZE    % 10)),
  ']',
#ifdef KEY
  ' ','k','e','y','[', KEY, ']',
#endif
  '\0'};

#ifdef __CLASSIC_C__
int main(argc, argv) int argc; char *argv[];
#else
int main(int argc, char *argv[])
#endif
{
  int require = 0;
  require += info_size[argc];
  (void)argv;
  return require;
}


Determining size of off64_t failed with the following output:
Change Dir: D:/Development/op3d_active/hdf-4.2.11/msvc/CMakeFiles/CMakeTmp

Run Build Command:C:\PROGRA~2\MSBuild\12.0\Bin\MSBuild.exe cmTryCompileExec2545664153.vcxproj /p:Configuration=Debug /p:VisualStudioVersion=12.0
Microsoft (R) Build Engine version 12.0.40629.0
[Microsoft .NET Framework, version 4.0.30319.42000]
Copyright (C) Microsoft Corporation. All rights reserved.

Build started 10/29/2015 9:01:01 PM.
Project "D:\Development\op3d_active\hdf-4.2.11\msvc\CMakeFiles\CMakeTmp\cmTryCompileExec2545664153.vcxproj" on node 1 (default targets).
PrepareForBuild:
  Creating directory "cmTryCompileExec2545664153.dir\Debug\".
  Creating directory "D:\Development\op3d_active\hdf-4.2.11\msvc\CMakeFiles\CMakeTmp\Debug\".
  Creating directory "cmTryCompileExec2545664153.dir\Debug\cmTryCom.B63D0EB4.tlog\".
InitializeBuildStatus:
  Creating "cmTryCompileExec2545664153.dir\Debug\cmTryCom.B63D0EB4.tlog\unsuccessfulbuild" because "AlwaysCreate" was specified.
ClCompile:
  C:\Program Files (x86)\Microsoft Visual Studio 12.0\VC\bin\CL.exe /c /Zi /W3 /WX- /Od /Ob0 /Oy- /D WIN32 /D _WINDOWS /D WIN32_LEAN_AND_MEAN=1 /D NOGDI=1 /D _DEBUG /D "CMAKE_INTDIR=\"Debug\"" /D _MBCS /Gm- /RTC1 /MDd /GS /fp:precise /Zc:wchar_t /Zc:forScope /Fo"cmTryCompileExec2545664153.dir\Debug\\" /Fd"cmTryCompileExec2545664153.dir\Debug\vc120.pdb" /Gd /TC /analyze- /errorReport:queue "D:\Development\op3d_active\hdf-4.2.11\msvc\CMakeFiles\CheckTypeSize\H4_SIZEOF_OFF64_T.c"
  Microsoft (R) C/C++ Optimizing Compiler Version 18.00.40629 for x86
  Copyright (C) Microsoft Corporation.  All rights reserved.
  
  cl /c /Zi /W3 /WX- /Od /Ob0 /Oy- /D WIN32 /D _WINDOWS /D WIN32_LEAN_AND_MEAN=1 /D NOGDI=1 /D _DEBUG /D "CMAKE_INTDIR=\"Debug\"" /D _MBCS /Gm- /RTC1 /MDd /GS /fp:precise /Zc:wchar_t /Zc:forScope /Fo"cmTryCompileExec2545664153.dir\Debug\\" /Fd"cmTryCompileExec2545664153.dir\Debug\vc120.pdb" /Gd /TC /analyze- /errorReport:queue "D:\Development\op3d_active\hdf-4.2.11\msvc\CMakeFiles\CheckTypeSize\H4_SIZEOF_OFF64_T.c"
  
  H4_SIZEOF_OFF64_T.c
D:\Development\op3d_active\hdf-4.2.11\msvc\CMakeFiles\CheckTypeSize\H4_SIZEOF_OFF64_T.c(19): error C2065: 'off64_t' : undeclared identifier [D:\Development\op3d_active\hdf-4.2.11\msvc\CMakeFiles\CMakeTmp\cmTryCompileExec2545664153.vcxproj]
D:\Development\op3d_active\hdf-4.2.11\msvc\CMakeFiles\CheckTypeSize\H4_SIZEOF_OFF64_T.c(20): error C2065: 'off64_t' : undeclared identifier [D:\Development\op3d_active\hdf-4.2.11\msvc\CMakeFiles\CMakeTmp\cmTryCompileExec2545664153.vcxproj]
D:\Development\op3d_active\hdf-4.2.11\msvc\CMakeFiles\CheckTypeSize\H4_SIZEOF_OFF64_T.c(21): error C2065: 'off64_t' : undeclared identifier [D:\Development\op3d_active\hdf-4.2.11\msvc\CMakeFiles\CMakeTmp\cmTryCompileExec2545664153.vcxproj]
D:\Development\op3d_active\hdf-4.2.11\msvc\CMakeFiles\CheckTypeSize\H4_SIZEOF_OFF64_T.c(22): error C2065: 'off64_t' : undeclared identifier [D:\Development\op3d_active\hdf-4.2.11\msvc\CMakeFiles\CMakeTmp\cmTryCompileExec2545664153.vcxproj]
D:\Development\op3d_active\hdf-4.2.11\msvc\CMakeFiles\CheckTypeSize\H4_SIZEOF_OFF64_T.c(23): error C2065: 'off64_t' : undeclared identifier [D:\Development\op3d_active\hdf-4.2.11\msvc\CMakeFiles\CMakeTmp\cmTryCompileExec2545664153.vcxproj]
Done Building Project "D:\Development\op3d_active\hdf-4.2.11\msvc\CMakeFiles\CMakeTmp\cmTryCompileExec2545664153.vcxproj" (default targets) -- FAILED.

Build FAILED.

"D:\Development\op3d_active\hdf-4.2.11\msvc\CMakeFiles\CMakeTmp\cmTryCompileExec2545664153.vcxproj" (default target) (1) ->
(ClCompile target) -> 
  D:\Development\op3d_active\hdf-4.2.11\msvc\CMakeFiles\CheckTypeSize\H4_SIZEOF_OFF64_T.c(19): error C2065: 'off64_t' : undeclared identifier [D:\Development\op3d_active\hdf-4.2.11\msvc\CMakeFiles\CMakeTmp\cmTryCompileExec2545664153.vcxproj]
  D:\Development\op3d_active\hdf-4.2.11\msvc\CMakeFiles\CheckTypeSize\H4_SIZEOF_OFF64_T.c(20): error C2065: 'off64_t' : undeclared identifier [D:\Development\op3d_active\hdf-4.2.11\msvc\CMakeFiles\CMakeTmp\cmTryCompileExec2545664153.vcxproj]
  D:\Development\op3d_active\hdf-4.2.11\msvc\CMakeFiles\CheckTypeSize\H4_SIZEOF_OFF64_T.c(21): error C2065: 'off64_t' : undeclared identifier [D:\Development\op3d_active\hdf-4.2.11\msvc\CMakeFiles\CMakeTmp\cmTryCompileExec2545664153.vcxproj]
  D:\Development\op3d_active\hdf-4.2.11\msvc\CMakeFiles\CheckTypeSize\H4_SIZEOF_OFF64_T.c(22): error C2065: 'off64_t' : undeclared identifier [D:\Development\op3d_active\hdf-4.2.11\msvc\CMakeFiles\CMakeTmp\cmTryCompileExec2545664153.vcxproj]
  D:\Development\op3d_active\hdf-4.2.11\msvc\CMakeFiles\CheckTypeSize\H4_SIZEOF_OFF64_T.c(23): error C2065: 'off64_t' : undeclared identifier [D:\Development\op3d_active\hdf-4.2.11\msvc\CMakeFiles\CMakeTmp\cmTryCompileExec2545664153.vcxproj]

    0 Warning(s)
    5 Error(s)

Time Elapsed 00:00:00.45

D:/Development/op3d_active/hdf-4.2.11/msvc/CMakeFiles/CheckTypeSize/H4_SIZEOF_OFF64_T.c:
#include <sys/types.h>
#include <stdint.h>
#include <stddef.h>


#undef KEY
#if defined(__i386)
# define KEY '_','_','i','3','8','6'
#elif defined(__x86_64)
# define KEY '_','_','x','8','6','_','6','4'
#elif defined(__ppc__)
# define KEY '_','_','p','p','c','_','_'
#elif defined(__ppc64__)
# define KEY '_','_','p','p','c','6','4','_','_'
#endif

#define SIZE (sizeof(off64_t))
char info_size[] =  {'I', 'N', 'F', 'O', ':', 's','i','z','e','[',
  ('0' + ((SIZE / 10000)%10)),
  ('0' + ((SIZE / 1000)%10)),
  ('0' + ((SIZE / 100)%10)),
  ('0' + ((SIZE / 10)%10)),
  ('0' +  (SIZE    % 10)),
  ']',
#ifdef KEY
  ' ','k','e','y','[', KEY, ']',
#endif
  '\0'};

#ifdef __CLASSIC_C__
int main(argc, argv) int argc; char *argv[];
#else
int main(int argc, char *argv[])
#endif
{
  int require = 0;
  require += info_size[argc];
  (void)argv;
  return require;
}


Determining if the function alarm exists failed with the following output:
Change Dir: D:/Development/op3d_active/hdf-4.2.11/msvc/CMakeFiles/CMakeTmp

Run Build Command:C:\PROGRA~2\MSBuild\12.0\Bin\MSBuild.exe cmTryCompileExec753869276.vcxproj /p:Configuration=Debug /p:VisualStudioVersion=12.0
Microsoft (R) Build Engine version 12.0.40629.0
[Microsoft .NET Framework, version 4.0.30319.42000]
Copyright (C) Microsoft Corporation. All rights reserved.

Build started 10/29/2015 9:01:02 PM.
Project "D:\Development\op3d_active\hdf-4.2.11\msvc\CMakeFiles\CMakeTmp\cmTryCompileExec753869276.vcxproj" on node 1 (default targets).
PrepareForBuild:
  Creating directory "cmTryCompileExec753869276.dir\Debug\".
  Creating directory "D:\Development\op3d_active\hdf-4.2.11\msvc\CMakeFiles\CMakeTmp\Debug\".
  Creating directory "cmTryCompileExec753869276.dir\Debug\cmTryCom.134415B0.tlog\".
InitializeBuildStatus:
  Creating "cmTryCompileExec753869276.dir\Debug\cmTryCom.134415B0.tlog\unsuccessfulbuild" because "AlwaysCreate" was specified.
ClCompile:
  C:\Program Files (x86)\Microsoft Visual Studio 12.0\VC\bin\CL.exe /c /Zi /W3 /WX- /Od /Ob0 /Oy- /D WIN32 /D _WINDOWS /D CHECK_FUNCTION_EXISTS=alarm /D WIN32_LEAN_AND_MEAN=1 /D NOGDI=1 /D _DEBUG /D "CMAKE_INTDIR=\"Debug\"" /D _MBCS /Gm- /RTC1 /MDd /GS /fp:precise /Zc:wchar_t /Zc:forScope /Fo"cmTryCompileExec753869276.dir\Debug\\" /Fd"cmTryCompileExec753869276.dir\Debug\vc120.pdb" /Gd /TC /analyze- /errorReport:queue "C:\Program Files (x86)\CMake 2.8\share\cmake-2.8\Modules\CheckFunctionExists.c"
  Microsoft (R) C/C++ Optimizing Compiler Version 18.00.40629 for x86
  Copyright (C) Microsoft Corporation.  All rights reserved.
  
  cl /c /Zi /W3 /WX- /Od /Ob0 /Oy- /D WIN32 /D _WINDOWS /D CHECK_FUNCTION_EXISTS=alarm /D WIN32_LEAN_AND_MEAN=1 /D NOGDI=1 /D _DEBUG /D "CMAKE_INTDIR=\"Debug\"" /D _MBCS /Gm- /RTC1 /MDd /GS /fp:precise /Zc:wchar_t /Zc:forScope /Fo"cmTryCompileExec753869276.dir\Debug\\" /Fd"cmTryCompileExec753869276.dir\Debug\vc120.pdb" /Gd /TC /analyze- /errorReport:queue "C:\Program Files (x86)\CMake 2.8\share\cmake-2.8\Modules\CheckFunctionExists.c"
  
  CheckFunctionExists.c
Link:
  C:\Program Files (x86)\Microsoft Visual Studio 12.0\VC\bin\link.exe /ERRORREPORT:QUEUE /OUT:"D:\Development\op3d_active\hdf-4.2.11\msvc\CMakeFiles\CMakeTmp\Debug\cmTryCompileExec753869276.exe" /INCREMENTAL /NOLOGO kernel32.lib user32.lib gdi32.lib winspool.lib shell32.lib ole32.lib oleaut32.lib uuid.lib comdlg32.lib advapi32.lib ws2_32.lib wsock32.lib /MANIFEST /MANIFESTUAC:"level='asInvoker' uiAccess='false'" /manifest:embed /DEBUG /PDB:"D:/Development/op3d_active/hdf-4.2.11/msvc/CMakeFiles/CMakeTmp/Debug/cmTryCompileExec753869276.pdb" /SUBSYSTEM:CONSOLE /TLBID:1 /DYNAMICBASE /NXCOMPAT /IMPLIB:"D:/Development/op3d_active/hdf-4.2.11/msvc/CMakeFiles/CMakeTmp/Debug/cmTryCompileExec753869276.lib" /MACHINE:X86 /SAFESEH  /machine:X86 /debug cmTryCompileExec753869276.dir\Debug\CheckFunctionExists.obj
CheckFunctionExists.obj : error LNK2019: unresolved external symbol _alarm referenced in function _main [D:\Development\op3d_active\hdf-4.2.11\msvc\CMakeFiles\CMakeTmp\cmTryCompileExec753869276.vcxproj]
D:\Development\op3d_active\hdf-4.2.11\msvc\CMakeFiles\CMakeTmp\Debug\cmTryCompileExec753869276.exe : fatal error LNK1120: 1 unresolved externals [D:\Development\op3d_active\hdf-4.2.11\msvc\CMakeFiles\CMakeTmp\cmTryCompileExec753869276.vcxproj]
Done Building Project "D:\Development\op3d_active\hdf-4.2.11\msvc\CMakeFiles\CMakeTmp\cmTryCompileExec753869276.vcxproj" (default targets) -- FAILED.

Build FAILED.

"D:\Development\op3d_active\hdf-4.2.11\msvc\CMakeFiles\CMakeTmp\cmTryCompileExec753869276.vcxproj" (default target) (1) ->
(Link target) -> 
  CheckFunctionExists.obj : error LNK2019: unresolved external symbol _alarm referenced in function _main [D:\Development\op3d_active\hdf-4.2.11\msvc\CMakeFiles\CMakeTmp\cmTryCompileExec753869276.vcxproj]
  D:\Development\op3d_active\hdf-4.2.11\msvc\CMakeFiles\CMakeTmp\Debug\cmTryCompileExec753869276.exe : fatal error LNK1120: 1 unresolved externals [D:\Development\op3d_active\hdf-4.2.11\msvc\CMakeFiles\CMakeTmp\cmTryCompileExec753869276.vcxproj]

    0 Warning(s)
    2 Error(s)

Time Elapsed 00:00:00.73


Determining if the function fork exists failed with the following output:
Change Dir: D:/Development/op3d_active/hdf-4.2.11/msvc/CMakeFiles/CMakeTmp

Run Build Command:C:\PROGRA~2\MSBuild\12.0\Bin\MSBuild.exe cmTryCompileExec1472251612.vcxproj /p:Configuration=Debug /p:VisualStudioVersion=12.0
Microsoft (R) Build Engine version 12.0.40629.0
[Microsoft .NET Framework, version 4.0.30319.42000]
Copyright (C) Microsoft Corporation. All rights reserved.

Build started 10/29/2015 9:01:03 PM.
Project "D:\Development\op3d_active\hdf-4.2.11\msvc\CMakeFiles\CMakeTmp\cmTryCompileExec1472251612.vcxproj" on node 1 (default targets).
PrepareForBuild:
  Creating directory "cmTryCompileExec1472251612.dir\Debug\".
  Creating directory "D:\Development\op3d_active\hdf-4.2.11\msvc\CMakeFiles\CMakeTmp\Debug\".
  Creating directory "cmTryCompileExec1472251612.dir\Debug\cmTryCom.D40842CA.tlog\".
InitializeBuildStatus:
  Creating "cmTryCompileExec1472251612.dir\Debug\cmTryCom.D40842CA.tlog\unsuccessfulbuild" because "AlwaysCreate" was specified.
ClCompile:
  C:\Program Files (x86)\Microsoft Visual Studio 12.0\VC\bin\CL.exe /c /Zi /W3 /WX- /Od /Ob0 /Oy- /D WIN32 /D _WINDOWS /D CHECK_FUNCTION_EXISTS=fork /D WIN32_LEAN_AND_MEAN=1 /D NOGDI=1 /D _DEBUG /D "CMAKE_INTDIR=\"Debug\"" /D _MBCS /Gm- /RTC1 /MDd /GS /fp:precise /Zc:wchar_t /Zc:forScope /Fo"cmTryCompileExec1472251612.dir\Debug\\" /Fd"cmTryCompileExec1472251612.dir\Debug\vc120.pdb" /Gd /TC /analyze- /errorReport:queue "C:\Program Files (x86)\CMake 2.8\share\cmake-2.8\Modules\CheckFunctionExists.c"
  Microsoft (R) C/C++ Optimizing Compiler Version 18.00.40629 for x86
  Copyright (C) Microsoft Corporation.  All rights reserved.
  
  cl /c /Zi /W3 /WX- /Od /Ob0 /Oy- /D WIN32 /D _WINDOWS /D CHECK_FUNCTION_EXISTS=fork /D WIN32_LEAN_AND_MEAN=1 /D NOGDI=1 /D _DEBUG /D "CMAKE_INTDIR=\"Debug\"" /D _MBCS /Gm- /RTC1 /MDd /GS /fp:precise /Zc:wchar_t /Zc:forScope /Fo"cmTryCompileExec1472251612.dir\Debug\\" /Fd"cmTryCompileExec1472251612.dir\Debug\vc120.pdb" /Gd /TC /analyze- /errorReport:queue "C:\Program Files (x86)\CMake 2.8\share\cmake-2.8\Modules\CheckFunctionExists.c"
  
  CheckFunctionExists.c
Link:
  C:\Program Files (x86)\Microsoft Visual Studio 12.0\VC\bin\link.exe /ERRORREPORT:QUEUE /OUT:"D:\Development\op3d_active\hdf-4.2.11\msvc\CMakeFiles\CMakeTmp\Debug\cmTryCompileExec1472251612.exe" /INCREMENTAL /NOLOGO kernel32.lib user32.lib gdi32.lib winspool.lib shell32.lib ole32.lib oleaut32.lib uuid.lib comdlg32.lib advapi32.lib ws2_32.lib wsock32.lib /MANIFEST /MANIFESTUAC:"level='asInvoker' uiAccess='false'" /manifest:embed /DEBUG /PDB:"D:/Development/op3d_active/hdf-4.2.11/msvc/CMakeFiles/CMakeTmp/Debug/cmTryCompileExec1472251612.pdb" /SUBSYSTEM:CONSOLE /TLBID:1 /DYNAMICBASE /NXCOMPAT /IMPLIB:"D:/Development/op3d_active/hdf-4.2.11/msvc/CMakeFiles/CMakeTmp/Debug/cmTryCompileExec1472251612.lib" /MACHINE:X86 /SAFESEH  /machine:X86 /debug cmTryCompileExec1472251612.dir\Debug\CheckFunctionExists.obj
CheckFunctionExists.obj : error LNK2019: unresolved external symbol _fork referenced in function _main [D:\Development\op3d_active\hdf-4.2.11\msvc\CMakeFiles\CMakeTmp\cmTryCompileExec1472251612.vcxproj]
D:\Development\op3d_active\hdf-4.2.11\msvc\CMakeFiles\CMakeTmp\Debug\cmTryCompileExec1472251612.exe : fatal error LNK1120: 1 unresolved externals [D:\Development\op3d_active\hdf-4.2.11\msvc\CMakeFiles\CMakeTmp\cmTryCompileExec1472251612.vcxproj]
Done Building Project "D:\Development\op3d_active\hdf-4.2.11\msvc\CMakeFiles\CMakeTmp\cmTryCompileExec1472251612.vcxproj" (default targets) -- FAILED.

Build FAILED.

"D:\Development\op3d_active\hdf-4.2.11\msvc\CMakeFiles\CMakeTmp\cmTryCompileExec1472251612.vcxproj" (default target) (1) ->
(Link target) -> 
  CheckFunctionExists.obj : error LNK2019: unresolved external symbol _fork referenced in function _main [D:\Development\op3d_active\hdf-4.2.11\msvc\CMakeFiles\CMakeTmp\cmTryCompileExec1472251612.vcxproj]
  D:\Development\op3d_active\hdf-4.2.11\msvc\CMakeFiles\CMakeTmp\Debug\cmTryCompileExec1472251612.exe : fatal error LNK1120: 1 unresolved externals [D:\Development\op3d_active\hdf-4.2.11\msvc\CMakeFiles\CMakeTmp\cmTryCompileExec1472251612.vcxproj]

    0 Warning(s)
    2 Error(s)

Time Elapsed 00:00:00.68


Determining if the function frexpf exists failed with the following output:
Change Dir: D:/Development/op3d_active/hdf-4.2.11/msvc/CMakeFiles/CMakeTmp

Run Build Command:C:\PROGRA~2\MSBuild\12.0\Bin\MSBuild.exe cmTryCompileExec3816561810.vcxproj /p:Configuration=Debug /p:VisualStudioVersion=12.0
Microsoft (R) Build Engine version 12.0.40629.0
[Microsoft .NET Framework, version 4.0.30319.42000]
Copyright (C) Microsoft Corporation. All rights reserved.

Build started 10/29/2015 9:01:04 PM.
Project "D:\Development\op3d_active\hdf-4.2.11\msvc\CMakeFiles\CMakeTmp\cmTryCompileExec3816561810.vcxproj" on node 1 (default targets).
PrepareForBuild:
  Creating directory "cmTryCompileExec3816561810.dir\Debug\".
  Creating directory "D:\Development\op3d_active\hdf-4.2.11\msvc\CMakeFiles\CMakeTmp\Debug\".
  Creating directory "cmTryCompileExec3816561810.dir\Debug\cmTryCom.C3670B17.tlog\".
InitializeBuildStatus:
  Creating "cmTryCompileExec3816561810.dir\Debug\cmTryCom.C3670B17.tlog\unsuccessfulbuild" because "AlwaysCreate" was specified.
ClCompile:
  C:\Program Files (x86)\Microsoft Visual Studio 12.0\VC\bin\CL.exe /c /Zi /W3 /WX- /Od /Ob0 /Oy- /D WIN32 /D _WINDOWS /D CHECK_FUNCTION_EXISTS=frexpf /D WIN32_LEAN_AND_MEAN=1 /D NOGDI=1 /D _DEBUG /D "CMAKE_INTDIR=\"Debug\"" /D _MBCS /Gm- /RTC1 /MDd /GS /fp:precise /Zc:wchar_t /Zc:forScope /Fo"cmTryCompileExec3816561810.dir\Debug\\" /Fd"cmTryCompileExec3816561810.dir\Debug\vc120.pdb" /Gd /TC /analyze- /errorReport:queue "C:\Program Files (x86)\CMake 2.8\share\cmake-2.8\Modules\CheckFunctionExists.c"
  Microsoft (R) C/C++ Optimizing Compiler Version 18.00.40629 for x86
  Copyright (C) Microsoft Corporation.  All rights reserved.
  
  cl /c /Zi /W3 /WX- /Od /Ob0 /Oy- /D WIN32 /D _WINDOWS /D CHECK_FUNCTION_EXISTS=frexpf /D WIN32_LEAN_AND_MEAN=1 /D NOGDI=1 /D _DEBUG /D "CMAKE_INTDIR=\"Debug\"" /D _MBCS /Gm- /RTC1 /MDd /GS /fp:precise /Zc:wchar_t /Zc:forScope /Fo"cmTryCompileExec3816561810.dir\Debug\\" /Fd"cmTryCompileExec3816561810.dir\Debug\vc120.pdb" /Gd /TC /analyze- /errorReport:queue "C:\Program Files (x86)\CMake 2.8\share\cmake-2.8\Modules\CheckFunctionExists.c"
  
  CheckFunctionExists.c
Link:
  C:\Program Files (x86)\Microsoft Visual Studio 12.0\VC\bin\link.exe /ERRORREPORT:QUEUE /OUT:"D:\Development\op3d_active\hdf-4.2.11\msvc\CMakeFiles\CMakeTmp\Debug\cmTryCompileExec3816561810.exe" /INCREMENTAL /NOLOGO kernel32.lib user32.lib gdi32.lib winspool.lib shell32.lib ole32.lib oleaut32.lib uuid.lib comdlg32.lib advapi32.lib ws2_32.lib wsock32.lib /MANIFEST /MANIFESTUAC:"level='asInvoker' uiAccess='false'" /manifest:embed /DEBUG /PDB:"D:/Development/op3d_active/hdf-4.2.11/msvc/CMakeFiles/CMakeTmp/Debug/cmTryCompileExec3816561810.pdb" /SUBSYSTEM:CONSOLE /TLBID:1 /DYNAMICBASE /NXCOMPAT /IMPLIB:"D:/Development/op3d_active/hdf-4.2.11/msvc/CMakeFiles/CMakeTmp/Debug/cmTryCompileExec3816561810.lib" /MACHINE:X86 /SAFESEH  /machine:X86 /debug cmTryCompileExec3816561810.dir\Debug\CheckFunctionExists.obj
CheckFunctionExists.obj : error LNK2019: unresolved external symbol _frexpf referenced in function _main [D:\Development\op3d_active\hdf-4.2.11\msvc\CMakeFiles\CMakeTmp\cmTryCompileExec3816561810.vcxproj]
D:\Development\op3d_active\hdf-4.2.11\msvc\CMakeFiles\CMakeTmp\Debug\cmTryCompileExec3816561810.exe : fatal error LNK1120: 1 unresolved externals [D:\Development\op3d_active\hdf-4.2.11\msvc\CMakeFiles\CMakeTmp\cmTryCompileExec3816561810.vcxproj]
Done Building Project "D:\Development\op3d_active\hdf-4.2.11\msvc\CMakeFiles\CMakeTmp\cmTryCompileExec3816561810.vcxproj" (default targets) -- FAILED.

Build FAILED.

"D:\Development\op3d_active\hdf-4.2.11\msvc\CMakeFiles\CMakeTmp\cmTryCompileExec3816561810.vcxproj" (default target) (1) ->
(Link target) -> 
  CheckFunctionExists.obj : error LNK2019: unresolved external symbol _frexpf referenced in function _main [D:\Development\op3d_active\hdf-4.2.11\msvc\CMakeFiles\CMakeTmp\cmTryCompileExec3816561810.vcxproj]
  D:\Development\op3d_active\hdf-4.2.11\msvc\CMakeFiles\CMakeTmp\Debug\cmTryCompileExec3816561810.exe : fatal error LNK1120: 1 unresolved externals [D:\Development\op3d_active\hdf-4.2.11\msvc\CMakeFiles\CMakeTmp\cmTryCompileExec3816561810.vcxproj]

    0 Warning(s)
    2 Error(s)

Time Elapsed 00:00:00.67


Determining if the function frexpl exists failed with the following output:
Change Dir: D:/Development/op3d_active/hdf-4.2.11/msvc/CMakeFiles/CMakeTmp

Run Build Command:C:\PROGRA~2\MSBuild\12.0\Bin\MSBuild.exe cmTryCompileExec3364942495.vcxproj /p:Configuration=Debug /p:VisualStudioVersion=12.0
Microsoft (R) Build Engine version 12.0.40629.0
[Microsoft .NET Framework, version 4.0.30319.42000]
Copyright (C) Microsoft Corporation. All rights reserved.

Build started 10/29/2015 9:01:05 PM.
Project "D:\Development\op3d_active\hdf-4.2.11\msvc\CMakeFiles\CMakeTmp\cmTryCompileExec3364942495.vcxproj" on node 1 (default targets).
PrepareForBuild:
  Creating directory "cmTryCompileExec3364942495.dir\Debug\".
  Creating directory "D:\Development\op3d_active\hdf-4.2.11\msvc\CMakeFiles\CMakeTmp\Debug\".
  Creating directory "cmTryCompileExec3364942495.dir\Debug\cmTryCom.C427D46A.tlog\".
InitializeBuildStatus:
  Creating "cmTryCompileExec3364942495.dir\Debug\cmTryCom.C427D46A.tlog\unsuccessfulbuild" because "AlwaysCreate" was specified.
ClCompile:
  C:\Program Files (x86)\Microsoft Visual Studio 12.0\VC\bin\CL.exe /c /Zi /W3 /WX- /Od /Ob0 /Oy- /D WIN32 /D _WINDOWS /D CHECK_FUNCTION_EXISTS=frexpl /D WIN32_LEAN_AND_MEAN=1 /D NOGDI=1 /D _DEBUG /D "CMAKE_INTDIR=\"Debug\"" /D _MBCS /Gm- /RTC1 /MDd /GS /fp:precise /Zc:wchar_t /Zc:forScope /Fo"cmTryCompileExec3364942495.dir\Debug\\" /Fd"cmTryCompileExec3364942495.dir\Debug\vc120.pdb" /Gd /TC /analyze- /errorReport:queue "C:\Program Files (x86)\CMake 2.8\share\cmake-2.8\Modules\CheckFunctionExists.c"
  Microsoft (R) C/C++ Optimizing Compiler Version 18.00.40629 for x86
  Copyright (C) Microsoft Corporation.  All rights reserved.
  
  cl /c /Zi /W3 /WX- /Od /Ob0 /Oy- /D WIN32 /D _WINDOWS /D CHECK_FUNCTION_EXISTS=frexpl /D WIN32_LEAN_AND_MEAN=1 /D NOGDI=1 /D _DEBUG /D "CMAKE_INTDIR=\"Debug\"" /D _MBCS /Gm- /RTC1 /MDd /GS /fp:precise /Zc:wchar_t /Zc:forScope /Fo"cmTryCompileExec3364942495.dir\Debug\\" /Fd"cmTryCompileExec3364942495.dir\Debug\vc120.pdb" /Gd /TC /analyze- /errorReport:queue "C:\Program Files (x86)\CMake 2.8\share\cmake-2.8\Modules\CheckFunctionExists.c"
  
  CheckFunctionExists.c
Link:
  C:\Program Files (x86)\Microsoft Visual Studio 12.0\VC\bin\link.exe /ERRORREPORT:QUEUE /OUT:"D:\Development\op3d_active\hdf-4.2.11\msvc\CMakeFiles\CMakeTmp\Debug\cmTryCompileExec3364942495.exe" /INCREMENTAL /NOLOGO kernel32.lib user32.lib gdi32.lib winspool.lib shell32.lib ole32.lib oleaut32.lib uuid.lib comdlg32.lib advapi32.lib ws2_32.lib wsock32.lib /MANIFEST /MANIFESTUAC:"level='asInvoker' uiAccess='false'" /manifest:embed /DEBUG /PDB:"D:/Development/op3d_active/hdf-4.2.11/msvc/CMakeFiles/CMakeTmp/Debug/cmTryCompileExec3364942495.pdb" /SUBSYSTEM:CONSOLE /TLBID:1 /DYNAMICBASE /NXCOMPAT /IMPLIB:"D:/Development/op3d_active/hdf-4.2.11/msvc/CMakeFiles/CMakeTmp/Debug/cmTryCompileExec3364942495.lib" /MACHINE:X86 /SAFESEH  /machine:X86 /debug cmTryCompileExec3364942495.dir\Debug\CheckFunctionExists.obj
CheckFunctionExists.obj : error LNK2019: unresolved external symbol _frexpl referenced in function _main [D:\Development\op3d_active\hdf-4.2.11\msvc\CMakeFiles\CMakeTmp\cmTryCompileExec3364942495.vcxproj]
D:\Development\op3d_active\hdf-4.2.11\msvc\CMakeFiles\CMakeTmp\Debug\cmTryCompileExec3364942495.exe : fatal error LNK1120: 1 unresolved externals [D:\Development\op3d_active\hdf-4.2.11\msvc\CMakeFiles\CMakeTmp\cmTryCompileExec3364942495.vcxproj]
Done Building Project "D:\Development\op3d_active\hdf-4.2.11\msvc\CMakeFiles\CMakeTmp\cmTryCompileExec3364942495.vcxproj" (default targets) -- FAILED.

Build FAILED.

"D:\Development\op3d_active\hdf-4.2.11\msvc\CMakeFiles\CMakeTmp\cmTryCompileExec3364942495.vcxproj" (default target) (1) ->
(Link target) -> 
  CheckFunctionExists.obj : error LNK2019: unresolved external symbol _frexpl referenced in function _main [D:\Development\op3d_active\hdf-4.2.11\msvc\CMakeFiles\CMakeTmp\cmTryCompileExec3364942495.vcxproj]
  D:\Development\op3d_active\hdf-4.2.11\msvc\CMakeFiles\CMakeTmp\Debug\cmTryCompileExec3364942495.exe : fatal error LNK1120: 1 unresolved externals [D:\Development\op3d_active\hdf-4.2.11\msvc\CMakeFiles\CMakeTmp\cmTryCompileExec3364942495.vcxproj]

    0 Warning(s)
    2 Error(s)

Time Elapsed 00:00:00.63


Determining if the function getpwuid exists failed with the following output:
Change Dir: D:/Development/op3d_active/hdf-4.2.11/msvc/CMakeFiles/CMakeTmp

Run Build Command:C:\PROGRA~2\MSBuild\12.0\Bin\MSBuild.exe cmTryCompileExec2272301180.vcxproj /p:Configuration=Debug /p:VisualStudioVersion=12.0
Microsoft (R) Build Engine version 12.0.40629.0
[Microsoft .NET Framework, version 4.0.30319.42000]
Copyright (C) Microsoft Corporation. All rights reserved.

Build started 10/29/2015 9:01:06 PM.
Project "D:\Development\op3d_active\hdf-4.2.11\msvc\CMakeFiles\CMakeTmp\cmTryCompileExec2272301180.vcxproj" on node 1 (default targets).
PrepareForBuild:
  Creating directory "cmTryCompileExec2272301180.dir\Debug\".
  Creating directory "D:\Development\op3d_active\hdf-4.2.11\msvc\CMakeFiles\CMakeTmp\Debug\".
  Creating directory "cmTryCompileExec2272301180.dir\Debug\cmTryCom.8287BBE4.tlog\".
InitializeBuildStatus:
  Creating "cmTryCompileExec2272301180.dir\Debug\cmTryCom.8287BBE4.tlog\unsuccessfulbuild" because "AlwaysCreate" was specified.
ClCompile:
  C:\Program Files (x86)\Microsoft Visual Studio 12.0\VC\bin\CL.exe /c /Zi /W3 /WX- /Od /Ob0 /Oy- /D WIN32 /D _WINDOWS /D CHECK_FUNCTION_EXISTS=getpwuid /D WIN32_LEAN_AND_MEAN=1 /D NOGDI=1 /D _DEBUG /D "CMAKE_INTDIR=\"Debug\"" /D _MBCS /Gm- /RTC1 /MDd /GS /fp:precise /Zc:wchar_t /Zc:forScope /Fo"cmTryCompileExec2272301180.dir\Debug\\" /Fd"cmTryCompileExec2272301180.dir\Debug\vc120.pdb" /Gd /TC /analyze- /errorReport:queue "C:\Program Files (x86)\CMake 2.8\share\cmake-2.8\Modules\CheckFunctionExists.c"
  Microsoft (R) C/C++ Optimizing Compiler Version 18.00.40629 for x86
  Copyright (C) Microsoft Corporation.  All rights reserved.
  
  cl /c /Zi /W3 /WX- /Od /Ob0 /Oy- /D WIN32 /D _WINDOWS /D CHECK_FUNCTION_EXISTS=getpwuid /D WIN32_LEAN_AND_MEAN=1 /D NOGDI=1 /D _DEBUG /D "CMAKE_INTDIR=\"Debug\"" /D _MBCS /Gm- /RTC1 /MDd /GS /fp:precise /Zc:wchar_t /Zc:forScope /Fo"cmTryCompileExec2272301180.dir\Debug\\" /Fd"cmTryCompileExec2272301180.dir\Debug\vc120.pdb" /Gd /TC /analyze- /errorReport:queue "C:\Program Files (x86)\CMake 2.8\share\cmake-2.8\Modules\CheckFunctionExists.c"
  
  CheckFunctionExists.c
Link:
  C:\Program Files (x86)\Microsoft Visual Studio 12.0\VC\bin\link.exe /ERRORREPORT:QUEUE /OUT:"D:\Development\op3d_active\hdf-4.2.11\msvc\CMakeFiles\CMakeTmp\Debug\cmTryCompileExec2272301180.exe" /INCREMENTAL /NOLOGO kernel32.lib user32.lib gdi32.lib winspool.lib shell32.lib ole32.lib oleaut32.lib uuid.lib comdlg32.lib advapi32.lib ws2_32.lib wsock32.lib /MANIFEST /MANIFESTUAC:"level='asInvoker' uiAccess='false'" /manifest:embed /DEBUG /PDB:"D:/Development/op3d_active/hdf-4.2.11/msvc/CMakeFiles/CMakeTmp/Debug/cmTryCompileExec2272301180.pdb" /SUBSYSTEM:CONSOLE /TLBID:1 /DYNAMICBASE /NXCOMPAT /IMPLIB:"D:/Development/op3d_active/hdf-4.2.11/msvc/CMakeFiles/CMakeTmp/Debug/cmTryCompileExec2272301180.lib" /MACHINE:X86 /SAFESEH  /machine:X86 /debug cmTryCompileExec2272301180.dir\Debug\CheckFunctionExists.obj
CheckFunctionExists.obj : error LNK2019: unresolved external symbol _getpwuid referenced in function _main [D:\Development\op3d_active\hdf-4.2.11\msvc\CMakeFiles\CMakeTmp\cmTryCompileExec2272301180.vcxproj]
D:\Development\op3d_active\hdf-4.2.11\msvc\CMakeFiles\CMakeTmp\Debug\cmTryCompileExec2272301180.exe : fatal error LNK1120: 1 unresolved externals [D:\Development\op3d_active\hdf-4.2.11\msvc\CMakeFiles\CMakeTmp\cmTryCompileExec2272301180.vcxproj]
Done Building Project "D:\Development\op3d_active\hdf-4.2.11\msvc\CMakeFiles\CMakeTmp\cmTryCompileExec2272301180.vcxproj" (default targets) -- FAILED.

Build FAILED.

"D:\Development\op3d_active\hdf-4.2.11\msvc\CMakeFiles\CMakeTmp\cmTryCompileExec2272301180.vcxproj" (default target) (1) ->
(Link target) -> 
  CheckFunctionExists.obj : error LNK2019: unresolved external symbol _getpwuid referenced in function _main [D:\Development\op3d_active\hdf-4.2.11\msvc\CMakeFiles\CMakeTmp\cmTryCompileExec2272301180.vcxproj]
  D:\Development\op3d_active\hdf-4.2.11\msvc\CMakeFiles\CMakeTmp\Debug\cmTryCompileExec2272301180.exe : fatal error LNK1120: 1 unresolved externals [D:\Development\op3d_active\hdf-4.2.11\msvc\CMakeFiles\CMakeTmp\cmTryCompileExec2272301180.vcxproj]

    0 Warning(s)
    2 Error(s)

Time Elapsed 00:00:00.72


Determining if the function getrusage exists failed with the following output:
Change Dir: D:/Development/op3d_active/hdf-4.2.11/msvc/CMakeFiles/CMakeTmp

Run Build Command:C:\PROGRA~2\MSBuild\12.0\Bin\MSBuild.exe cmTryCompileExec3832449495.vcxproj /p:Configuration=Debug /p:VisualStudioVersion=12.0
Microsoft (R) Build Engine version 12.0.40629.0
[Microsoft .NET Framework, version 4.0.30319.42000]
Copyright (C) Microsoft Corporation. All rights reserved.

Build started 10/29/2015 9:01:06 PM.
Project "D:\Development\op3d_active\hdf-4.2.11\msvc\CMakeFiles\CMakeTmp\cmTryCompileExec3832449495.vcxproj" on node 1 (default targets).
PrepareForBuild:
  Creating directory "cmTryCompileExec3832449495.dir\Debug\".
  Creating directory "D:\Development\op3d_active\hdf-4.2.11\msvc\CMakeFiles\CMakeTmp\Debug\".
  Creating directory "cmTryCompileExec3832449495.dir\Debug\cmTryCom.8BF4F0DC.tlog\".
InitializeBuildStatus:
  Creating "cmTryCompileExec3832449495.dir\Debug\cmTryCom.8BF4F0DC.tlog\unsuccessfulbuild" because "AlwaysCreate" was specified.
ClCompile:
  C:\Program Files (x86)\Microsoft Visual Studio 12.0\VC\bin\CL.exe /c /Zi /W3 /WX- /Od /Ob0 /Oy- /D WIN32 /D _WINDOWS /D CHECK_FUNCTION_EXISTS=getrusage /D WIN32_LEAN_AND_MEAN=1 /D NOGDI=1 /D _DEBUG /D "CMAKE_INTDIR=\"Debug\"" /D _MBCS /Gm- /RTC1 /MDd /GS /fp:precise /Zc:wchar_t /Zc:forScope /Fo"cmTryCompileExec3832449495.dir\Debug\\" /Fd"cmTryCompileExec3832449495.dir\Debug\vc120.pdb" /Gd /TC /analyze- /errorReport:queue "C:\Program Files (x86)\CMake 2.8\share\cmake-2.8\Modules\CheckFunctionExists.c"
  Microsoft (R) C/C++ Optimizing Compiler Version 18.00.40629 for x86
  Copyright (C) Microsoft Corporation.  All rights reserved.
  
  cl /c /Zi /W3 /WX- /Od /Ob0 /Oy- /D WIN32 /D _WINDOWS /D CHECK_FUNCTION_EXISTS=getrusage /D WIN32_LEAN_AND_MEAN=1 /D NOGDI=1 /D _DEBUG /D "CMAKE_INTDIR=\"Debug\"" /D _MBCS /Gm- /RTC1 /MDd /GS /fp:precise /Zc:wchar_t /Zc:forScope /Fo"cmTryCompileExec3832449495.dir\Debug\\" /Fd"cmTryCompileExec3832449495.dir\Debug\vc120.pdb" /Gd /TC /analyze- /errorReport:queue "C:\Program Files (x86)\CMake 2.8\share\cmake-2.8\Modules\CheckFunctionExists.c"
  
  CheckFunctionExists.c
Link:
  C:\Program Files (x86)\Microsoft Visual Studio 12.0\VC\bin\link.exe /ERRORREPORT:QUEUE /OUT:"D:\Development\op3d_active\hdf-4.2.11\msvc\CMakeFiles\CMakeTmp\Debug\cmTryCompileExec3832449495.exe" /INCREMENTAL /NOLOGO kernel32.lib user32.lib gdi32.lib winspool.lib shell32.lib ole32.lib oleaut32.lib uuid.lib comdlg32.lib advapi32.lib ws2_32.lib wsock32.lib /MANIFEST /MANIFESTUAC:"level='asInvoker' uiAccess='false'" /manifest:embed /DEBUG /PDB:"D:/Development/op3d_active/hdf-4.2.11/msvc/CMakeFiles/CMakeTmp/Debug/cmTryCompileExec3832449495.pdb" /SUBSYSTEM:CONSOLE /TLBID:1 /DYNAMICBASE /NXCOMPAT /IMPLIB:"D:/Development/op3d_active/hdf-4.2.11/msvc/CMakeFiles/CMakeTmp/Debug/cmTryCompileExec3832449495.lib" /MACHINE:X86 /SAFESEH  /machine:X86 /debug cmTryCompileExec3832449495.dir\Debug\CheckFunctionExists.obj
CheckFunctionExists.obj : error LNK2019: unresolved external symbol _getrusage referenced in function _main [D:\Development\op3d_active\hdf-4.2.11\msvc\CMakeFiles\CMakeTmp\cmTryCompileExec3832449495.vcxproj]
D:\Development\op3d_active\hdf-4.2.11\msvc\CMakeFiles\CMakeTmp\Debug\cmTryCompileExec3832449495.exe : fatal error LNK1120: 1 unresolved externals [D:\Development\op3d_active\hdf-4.2.11\msvc\CMakeFiles\CMakeTmp\cmTryCompileExec3832449495.vcxproj]
Done Building Project "D:\Development\op3d_active\hdf-4.2.11\msvc\CMakeFiles\CMakeTmp\cmTryCompileExec3832449495.vcxproj" (default targets) -- FAILED.

Build FAILED.

"D:\Development\op3d_active\hdf-4.2.11\msvc\CMakeFiles\CMakeTmp\cmTryCompileExec3832449495.vcxproj" (default target) (1) ->
(Link target) -> 
  CheckFunctionExists.obj : error LNK2019: unresolved external symbol _getrusage referenced in function _main [D:\Development\op3d_active\hdf-4.2.11\msvc\CMakeFiles\CMakeTmp\cmTryCompileExec3832449495.vcxproj]
  D:\Development\op3d_active\hdf-4.2.11\msvc\CMakeFiles\CMakeTmp\Debug\cmTryCompileExec3832449495.exe : fatal error LNK1120: 1 unresolved externals [D:\Development\op3d_active\hdf-4.2.11\msvc\CMakeFiles\CMakeTmp\cmTryCompileExec3832449495.vcxproj]

    0 Warning(s)
    2 Error(s)

Time Elapsed 00:00:00.67


Determining if the function lstat exists failed with the following output:
Change Dir: D:/Development/op3d_active/hdf-4.2.11/msvc/CMakeFiles/CMakeTmp

Run Build Command:C:\PROGRA~2\MSBuild\12.0\Bin\MSBuild.exe cmTryCompileExec1462661872.vcxproj /p:Configuration=Debug /p:VisualStudioVersion=12.0
Microsoft (R) Build Engine version 12.0.40629.0
[Microsoft .NET Framework, version 4.0.30319.42000]
Copyright (C) Microsoft Corporation. All rights reserved.

Build started 10/29/2015 9:01:07 PM.
Project "D:\Development\op3d_active\hdf-4.2.11\msvc\CMakeFiles\CMakeTmp\cmTryCompileExec1462661872.vcxproj" on node 1 (default targets).
PrepareForBuild:
  Creating directory "cmTryCompileExec1462661872.dir\Debug\".
  Creating directory "D:\Development\op3d_active\hdf-4.2.11\msvc\CMakeFiles\CMakeTmp\Debug\".
  Creating directory "cmTryCompileExec1462661872.dir\Debug\cmTryCom.1D01BB92.tlog\".
InitializeBuildStatus:
  Creating "cmTryCompileExec1462661872.dir\Debug\cmTryCom.1D01BB92.tlog\unsuccessfulbuild" because "AlwaysCreate" was specified.
ClCompile:
  C:\Program Files (x86)\Microsoft Visual Studio 12.0\VC\bin\CL.exe /c /Zi /W3 /WX- /Od /Ob0 /Oy- /D WIN32 /D _WINDOWS /D CHECK_FUNCTION_EXISTS=lstat /D WIN32_LEAN_AND_MEAN=1 /D NOGDI=1 /D _DEBUG /D "CMAKE_INTDIR=\"Debug\"" /D _MBCS /Gm- /RTC1 /MDd /GS /fp:precise /Zc:wchar_t /Zc:forScope /Fo"cmTryCompileExec1462661872.dir\Debug\\" /Fd"cmTryCompileExec1462661872.dir\Debug\vc120.pdb" /Gd /TC /analyze- /errorReport:queue "C:\Program Files (x86)\CMake 2.8\share\cmake-2.8\Modules\CheckFunctionExists.c"
  Microsoft (R) C/C++ Optimizing Compiler Version 18.00.40629 for x86
  Copyright (C) Microsoft Corporation.  All rights reserved.
  
  cl /c /Zi /W3 /WX- /Od /Ob0 /Oy- /D WIN32 /D _WINDOWS /D CHECK_FUNCTION_EXISTS=lstat /D WIN32_LEAN_AND_MEAN=1 /D NOGDI=1 /D _DEBUG /D "CMAKE_INTDIR=\"Debug\"" /D _MBCS /Gm- /RTC1 /MDd /GS /fp:precise /Zc:wchar_t /Zc:forScope /Fo"cmTryCompileExec1462661872.dir\Debug\\" /Fd"cmTryCompileExec1462661872.dir\Debug\vc120.pdb" /Gd /TC /analyze- /errorReport:queue "C:\Program Files (x86)\CMake 2.8\share\cmake-2.8\Modules\CheckFunctionExists.c"
  
  CheckFunctionExists.c
Link:
  C:\Program Files (x86)\Microsoft Visual Studio 12.0\VC\bin\link.exe /ERRORREPORT:QUEUE /OUT:"D:\Development\op3d_active\hdf-4.2.11\msvc\CMakeFiles\CMakeTmp\Debug\cmTryCompileExec1462661872.exe" /INCREMENTAL /NOLOGO kernel32.lib user32.lib gdi32.lib winspool.lib shell32.lib ole32.lib oleaut32.lib uuid.lib comdlg32.lib advapi32.lib ws2_32.lib wsock32.lib /MANIFEST /MANIFESTUAC:"level='asInvoker' uiAccess='false'" /manifest:embed /DEBUG /PDB:"D:/Development/op3d_active/hdf-4.2.11/msvc/CMakeFiles/CMakeTmp/Debug/cmTryCompileExec1462661872.pdb" /SUBSYSTEM:CONSOLE /TLBID:1 /DYNAMICBASE /NXCOMPAT /IMPLIB:"D:/Development/op3d_active/hdf-4.2.11/msvc/CMakeFiles/CMakeTmp/Debug/cmTryCompileExec1462661872.lib" /MACHINE:X86 /SAFESEH  /machine:X86 /debug cmTryCompileExec1462661872.dir\Debug\CheckFunctionExists.obj
CheckFunctionExists.obj : error LNK2019: unresolved external symbol _lstat referenced in function _main [D:\Development\op3d_active\hdf-4.2.11\msvc\CMakeFiles\CMakeTmp\cmTryCompileExec1462661872.vcxproj]
D:\Development\op3d_active\hdf-4.2.11\msvc\CMakeFiles\CMakeTmp\Debug\cmTryCompileExec1462661872.exe : fatal error LNK1120: 1 unresolved externals [D:\Development\op3d_active\hdf-4.2.11\msvc\CMakeFiles\CMakeTmp\cmTryCompileExec1462661872.vcxproj]
Done Building Project "D:\Development\op3d_active\hdf-4.2.11\msvc\CMakeFiles\CMakeTmp\cmTryCompileExec1462661872.vcxproj" (default targets) -- FAILED.

Build FAILED.

"D:\Development\op3d_active\hdf-4.2.11\msvc\CMakeFiles\CMakeTmp\cmTryCompileExec1462661872.vcxproj" (default target) (1) ->
(Link target) -> 
  CheckFunctionExists.obj : error LNK2019: unresolved external symbol _lstat referenced in function _main [D:\Development\op3d_active\hdf-4.2.11\msvc\CMakeFiles\CMakeTmp\cmTryCompileExec1462661872.vcxproj]
  D:\Development\op3d_active\hdf-4.2.11\msvc\CMakeFiles\CMakeTmp\Debug\cmTryCompileExec1462661872.exe : fatal error LNK1120: 1 unresolved externals [D:\Development\op3d_active\hdf-4.2.11\msvc\CMakeFiles\CMakeTmp\cmTryCompileExec1462661872.vcxproj]

    0 Warning(s)
    2 Error(s)

Time Elapsed 00:00:00.69


Determining if the function rand_r exists failed with the following output:
Change Dir: D:/Development/op3d_active/hdf-4.2.11/msvc/CMakeFiles/CMakeTmp

Run Build Command:C:\PROGRA~2\MSBuild\12.0\Bin\MSBuild.exe cmTryCompileExec551557475.vcxproj /p:Configuration=Debug /p:VisualStudioVersion=12.0
Microsoft (R) Build Engine version 12.0.40629.0
[Microsoft .NET Framework, version 4.0.30319.42000]
Copyright (C) Microsoft Corporation. All rights reserved.

Build started 10/29/2015 9:01:08 PM.
Project "D:\Development\op3d_active\hdf-4.2.11\msvc\CMakeFiles\CMakeTmp\cmTryCompileExec551557475.vcxproj" on node 1 (default targets).
PrepareForBuild:
  Creating directory "cmTryCompileExec551557475.dir\Debug\".
  Creating directory "D:\Development\op3d_active\hdf-4.2.11\msvc\CMakeFiles\CMakeTmp\Debug\".
  Creating directory "cmTryCompileExec551557475.dir\Debug\cmTryCom.7CE4DCC1.tlog\".
InitializeBuildStatus:
  Creating "cmTryCompileExec551557475.dir\Debug\cmTryCom.7CE4DCC1.tlog\unsuccessfulbuild" because "AlwaysCreate" was specified.
ClCompile:
  C:\Program Files (x86)\Microsoft Visual Studio 12.0\VC\bin\CL.exe /c /Zi /W3 /WX- /Od /Ob0 /Oy- /D WIN32 /D _WINDOWS /D CHECK_FUNCTION_EXISTS=rand_r /D WIN32_LEAN_AND_MEAN=1 /D NOGDI=1 /D _DEBUG /D "CMAKE_INTDIR=\"Debug\"" /D _MBCS /Gm- /RTC1 /MDd /GS /fp:precise /Zc:wchar_t /Zc:forScope /Fo"cmTryCompileExec551557475.dir\Debug\\" /Fd"cmTryCompileExec551557475.dir\Debug\vc120.pdb" /Gd /TC /analyze- /errorReport:queue "C:\Program Files (x86)\CMake 2.8\share\cmake-2.8\Modules\CheckFunctionExists.c"
  Microsoft (R) C/C++ Optimizing Compiler Version 18.00.40629 for x86
  Copyright (C) Microsoft Corporation.  All rights reserved.
  
  cl /c /Zi /W3 /WX- /Od /Ob0 /Oy- /D WIN32 /D _WINDOWS /D CHECK_FUNCTION_EXISTS=rand_r /D WIN32_LEAN_AND_MEAN=1 /D NOGDI=1 /D _DEBUG /D "CMAKE_INTDIR=\"Debug\"" /D _MBCS /Gm- /RTC1 /MDd /GS /fp:precise /Zc:wchar_t /Zc:forScope /Fo"cmTryCompileExec551557475.dir\Debug\\" /Fd"cmTryCompileExec551557475.dir\Debug\vc120.pdb" /Gd /TC /analyze- /errorReport:queue "C:\Program Files (x86)\CMake 2.8\share\cmake-2.8\Modules\CheckFunctionExists.c"
  
  CheckFunctionExists.c
Link:
  C:\Program Files (x86)\Microsoft Visual Studio 12.0\VC\bin\link.exe /ERRORREPORT:QUEUE /OUT:"D:\Development\op3d_active\hdf-4.2.11\msvc\CMakeFiles\CMakeTmp\Debug\cmTryCompileExec551557475.exe" /INCREMENTAL /NOLOGO kernel32.lib user32.lib gdi32.lib winspool.lib shell32.lib ole32.lib oleaut32.lib uuid.lib comdlg32.lib advapi32.lib ws2_32.lib wsock32.lib /MANIFEST /MANIFESTUAC:"level='asInvoker' uiAccess='false'" /manifest:embed /DEBUG /PDB:"D:/Development/op3d_active/hdf-4.2.11/msvc/CMakeFiles/CMakeTmp/Debug/cmTryCompileExec551557475.pdb" /SUBSYSTEM:CONSOLE /TLBID:1 /DYNAMICBASE /NXCOMPAT /IMPLIB:"D:/Development/op3d_active/hdf-4.2.11/msvc/CMakeFiles/CMakeTmp/Debug/cmTryCompileExec551557475.lib" /MACHINE:X86 /SAFESEH  /machine:X86 /debug cmTryCompileExec551557475.dir\Debug\CheckFunctionExists.obj
CheckFunctionExists.obj : error LNK2019: unresolved external symbol _rand_r referenced in function _main [D:\Development\op3d_active\hdf-4.2.11\msvc\CMakeFiles\CMakeTmp\cmTryCompileExec551557475.vcxproj]
D:\Development\op3d_active\hdf-4.2.11\msvc\CMakeFiles\CMakeTmp\Debug\cmTryCompileExec551557475.exe : fatal error LNK1120: 1 unresolved externals [D:\Development\op3d_active\hdf-4.2.11\msvc\CMakeFiles\CMakeTmp\cmTryCompileExec551557475.vcxproj]
Done Building Project "D:\Development\op3d_active\hdf-4.2.11\msvc\CMakeFiles\CMakeTmp\cmTryCompileExec551557475.vcxproj" (default targets) -- FAILED.

Build FAILED.

"D:\Development\op3d_active\hdf-4.2.11\msvc\CMakeFiles\CMakeTmp\cmTryCompileExec551557475.vcxproj" (default target) (1) ->
(Link target) -> 
  CheckFunctionExists.obj : error LNK2019: unresolved external symbol _rand_r referenced in function _main [D:\Development\op3d_active\hdf-4.2.11\msvc\CMakeFiles\CMakeTmp\cmTryCompileExec551557475.vcxproj]
  D:\Development\op3d_active\hdf-4.2.11\msvc\CMakeFiles\CMakeTmp\Debug\cmTryCompileExec551557475.exe : fatal error LNK1120: 1 unresolved externals [D:\Development\op3d_active\hdf-4.2.11\msvc\CMakeFiles\CMakeTmp\cmTryCompileExec551557475.vcxproj]

    0 Warning(s)
    2 Error(s)

Time Elapsed 00:00:00.63


Determining if the function random exists failed with the following output:
Change Dir: D:/Development/op3d_active/hdf-4.2.11/msvc/CMakeFiles/CMakeTmp

Run Build Command:C:\PROGRA~2\MSBuild\12.0\Bin\MSBuild.exe cmTryCompileExec1693607605.vcxproj /p:Configuration=Debug /p:VisualStudioVersion=12.0
Microsoft (R) Build Engine version 12.0.40629.0
[Microsoft .NET Framework, version 4.0.30319.42000]
Copyright (C) Microsoft Corporation. All rights reserved.

Build started 10/29/2015 9:01:09 PM.
Project "D:\Development\op3d_active\hdf-4.2.11\msvc\CMakeFiles\CMakeTmp\cmTryCompileExec1693607605.vcxproj" on node 1 (default targets).
PrepareForBuild:
  Creating directory "cmTryCompileExec1693607605.dir\Debug\".
  Creating directory "D:\Development\op3d_active\hdf-4.2.11\msvc\CMakeFiles\CMakeTmp\Debug\".
  Creating directory "cmTryCompileExec1693607605.dir\Debug\cmTryCom.EDCF306D.tlog\".
InitializeBuildStatus:
  Creating "cmTryCompileExec1693607605.dir\Debug\cmTryCom.EDCF306D.tlog\unsuccessfulbuild" because "AlwaysCreate" was specified.
ClCompile:
  C:\Program Files (x86)\Microsoft Visual Studio 12.0\VC\bin\CL.exe /c /Zi /W3 /WX- /Od /Ob0 /Oy- /D WIN32 /D _WINDOWS /D CHECK_FUNCTION_EXISTS=random /D WIN32_LEAN_AND_MEAN=1 /D NOGDI=1 /D _DEBUG /D "CMAKE_INTDIR=\"Debug\"" /D _MBCS /Gm- /RTC1 /MDd /GS /fp:precise /Zc:wchar_t /Zc:forScope /Fo"cmTryCompileExec1693607605.dir\Debug\\" /Fd"cmTryCompileExec1693607605.dir\Debug\vc120.pdb" /Gd /TC /analyze- /errorReport:queue "C:\Program Files (x86)\CMake 2.8\share\cmake-2.8\Modules\CheckFunctionExists.c"
  Microsoft (R) C/C++ Optimizing Compiler Version 18.00.40629 for x86
  Copyright (C) Microsoft Corporation.  All rights reserved.
  
  cl /c /Zi /W3 /WX- /Od /Ob0 /Oy- /D WIN32 /D _WINDOWS /D CHECK_FUNCTION_EXISTS=random /D WIN32_LEAN_AND_MEAN=1 /D NOGDI=1 /D _DEBUG /D "CMAKE_INTDIR=\"Debug\"" /D _MBCS /Gm- /RTC1 /MDd /GS /fp:precise /Zc:wchar_t /Zc:forScope /Fo"cmTryCompileExec1693607605.dir\Debug\\" /Fd"cmTryCompileExec1693607605.dir\Debug\vc120.pdb" /Gd /TC /analyze- /errorReport:queue "C:\Program Files (x86)\CMake 2.8\share\cmake-2.8\Modules\CheckFunctionExists.c"
  
  CheckFunctionExists.c
Link:
  C:\Program Files (x86)\Microsoft Visual Studio 12.0\VC\bin\link.exe /ERRORREPORT:QUEUE /OUT:"D:\Development\op3d_active\hdf-4.2.11\msvc\CMakeFiles\CMakeTmp\Debug\cmTryCompileExec1693607605.exe" /INCREMENTAL /NOLOGO kernel32.lib user32.lib gdi32.lib winspool.lib shell32.lib ole32.lib oleaut32.lib uuid.lib comdlg32.lib advapi32.lib ws2_32.lib wsock32.lib /MANIFEST /MANIFESTUAC:"level='asInvoker' uiAccess='false'" /manifest:embed /DEBUG /PDB:"D:/Development/op3d_active/hdf-4.2.11/msvc/CMakeFiles/CMakeTmp/Debug/cmTryCompileExec1693607605.pdb" /SUBSYSTEM:CONSOLE /TLBID:1 /DYNAMICBASE /NXCOMPAT /IMPLIB:"D:/Development/op3d_active/hdf-4.2.11/msvc/CMakeFiles/CMakeTmp/Debug/cmTryCompileExec1693607605.lib" /MACHINE:X86 /SAFESEH  /machine:X86 /debug cmTryCompileExec1693607605.dir\Debug\CheckFunctionExists.obj
CheckFunctionExists.obj : error LNK2019: unresolved external symbol _random referenced in function _main [D:\Development\op3d_active\hdf-4.2.11\msvc\CMakeFiles\CMakeTmp\cmTryCompileExec1693607605.vcxproj]
D:\Development\op3d_active\hdf-4.2.11\msvc\CMakeFiles\CMakeTmp\Debug\cmTryCompileExec1693607605.exe : fatal error LNK1120: 1 unresolved externals [D:\Development\op3d_active\hdf-4.2.11\msvc\CMakeFiles\CMakeTmp\cmTryCompileExec1693607605.vcxproj]
Done Building Project "D:\Development\op3d_active\hdf-4.2.11\msvc\CMakeFiles\CMakeTmp\cmTryCompileExec1693607605.vcxproj" (default targets) -- FAILED.

Build FAILED.

"D:\Development\op3d_active\hdf-4.2.11\msvc\CMakeFiles\CMakeTmp\cmTryCompileExec1693607605.vcxproj" (default target) (1) ->
(Link target) -> 
  CheckFunctionExists.obj : error LNK2019: unresolved external symbol _random referenced in function _main [D:\Development\op3d_active\hdf-4.2.11\msvc\CMakeFiles\CMakeTmp\cmTryCompileExec1693607605.vcxproj]
  D:\Development\op3d_active\hdf-4.2.11\msvc\CMakeFiles\CMakeTmp\Debug\cmTryCompileExec1693607605.exe : fatal error LNK1120: 1 unresolved externals [D:\Development\op3d_active\hdf-4.2.11\msvc\CMakeFiles\CMakeTmp\cmTryCompileExec1693607605.vcxproj]

    0 Warning(s)
    2 Error(s)

Time Elapsed 00:00:00.70


Determining if the function setsysinfo exists failed with the following output:
Change Dir: D:/Development/op3d_active/hdf-4.2.11/msvc/CMakeFiles/CMakeTmp

Run Build Command:C:\PROGRA~2\MSBuild\12.0\Bin\MSBuild.exe cmTryCompileExec3137338082.vcxproj /p:Configuration=Debug /p:VisualStudioVersion=12.0
Microsoft (R) Build Engine version 12.0.40629.0
[Microsoft .NET Framework, version 4.0.30319.42000]
Copyright (C) Microsoft Corporation. All rights reserved.

Build started 10/29/2015 9:01:10 PM.
Project "D:\Development\op3d_active\hdf-4.2.11\msvc\CMakeFiles\CMakeTmp\cmTryCompileExec3137338082.vcxproj" on node 1 (default targets).
PrepareForBuild:
  Creating directory "cmTryCompileExec3137338082.dir\Debug\".
  Creating directory "D:\Development\op3d_active\hdf-4.2.11\msvc\CMakeFiles\CMakeTmp\Debug\".
  Creating directory "cmTryCompileExec3137338082.dir\Debug\cmTryCom.CE45007C.tlog\".
InitializeBuildStatus:
  Creating "cmTryCompileExec3137338082.dir\Debug\cmTryCom.CE45007C.tlog\unsuccessfulbuild" because "AlwaysCreate" was specified.
ClCompile:
  C:\Program Files (x86)\Microsoft Visual Studio 12.0\VC\bin\CL.exe /c /Zi /W3 /WX- /Od /Ob0 /Oy- /D WIN32 /D _WINDOWS /D CHECK_FUNCTION_EXISTS=setsysinfo /D WIN32_LEAN_AND_MEAN=1 /D NOGDI=1 /D _DEBUG /D "CMAKE_INTDIR=\"Debug\"" /D _MBCS /Gm- /RTC1 /MDd /GS /fp:precise /Zc:wchar_t /Zc:forScope /Fo"cmTryCompileExec3137338082.dir\Debug\\" /Fd"cmTryCompileExec3137338082.dir\Debug\vc120.pdb" /Gd /TC /analyze- /errorReport:queue "C:\Program Files (x86)\CMake 2.8\share\cmake-2.8\Modules\CheckFunctionExists.c"
  Microsoft (R) C/C++ Optimizing Compiler Version 18.00.40629 for x86
  Copyright (C) Microsoft Corporation.  All rights reserved.
  
  cl /c /Zi /W3 /WX- /Od /Ob0 /Oy- /D WIN32 /D _WINDOWS /D CHECK_FUNCTION_EXISTS=setsysinfo /D WIN32_LEAN_AND_MEAN=1 /D NOGDI=1 /D _DEBUG /D "CMAKE_INTDIR=\"Debug\"" /D _MBCS /Gm- /RTC1 /MDd /GS /fp:precise /Zc:wchar_t /Zc:forScope /Fo"cmTryCompileExec3137338082.dir\Debug\\" /Fd"cmTryCompileExec3137338082.dir\Debug\vc120.pdb" /Gd /TC /analyze- /errorReport:queue "C:\Program Files (x86)\CMake 2.8\share\cmake-2.8\Modules\CheckFunctionExists.c"
  
  CheckFunctionExists.c
Link:
  C:\Program Files (x86)\Microsoft Visual Studio 12.0\VC\bin\link.exe /ERRORREPORT:QUEUE /OUT:"D:\Development\op3d_active\hdf-4.2.11\msvc\CMakeFiles\CMakeTmp\Debug\cmTryCompileExec3137338082.exe" /INCREMENTAL /NOLOGO kernel32.lib user32.lib gdi32.lib winspool.lib shell32.lib ole32.lib oleaut32.lib uuid.lib comdlg32.lib advapi32.lib ws2_32.lib wsock32.lib /MANIFEST /MANIFESTUAC:"level='asInvoker' uiAccess='false'" /manifest:embed /DEBUG /PDB:"D:/Development/op3d_active/hdf-4.2.11/msvc/CMakeFiles/CMakeTmp/Debug/cmTryCompileExec3137338082.pdb" /SUBSYSTEM:CONSOLE /TLBID:1 /DYNAMICBASE /NXCOMPAT /IMPLIB:"D:/Development/op3d_active/hdf-4.2.11/msvc/CMakeFiles/CMakeTmp/Debug/cmTryCompileExec3137338082.lib" /MACHINE:X86 /SAFESEH  /machine:X86 /debug cmTryCompileExec3137338082.dir\Debug\CheckFunctionExists.obj
CheckFunctionExists.obj : error LNK2019: unresolved external symbol _setsysinfo referenced in function _main [D:\Development\op3d_active\hdf-4.2.11\msvc\CMakeFiles\CMakeTmp\cmTryCompileExec3137338082.vcxproj]
D:\Development\op3d_active\hdf-4.2.11\msvc\CMakeFiles\CMakeTmp\Debug\cmTryCompileExec3137338082.exe : fatal error LNK1120: 1 unresolved externals [D:\Development\op3d_active\hdf-4.2.11\msvc\CMakeFiles\CMakeTmp\cmTryCompileExec3137338082.vcxproj]
Done Building Project "D:\Development\op3d_active\hdf-4.2.11\msvc\CMakeFiles\CMakeTmp\cmTryCompileExec3137338082.vcxproj" (default targets) -- FAILED.

Build FAILED.

"D:\Development\op3d_active\hdf-4.2.11\msvc\CMakeFiles\CMakeTmp\cmTryCompileExec3137338082.vcxproj" (default target) (1) ->
(Link target) -> 
  CheckFunctionExists.obj : error LNK2019: unresolved external symbol _setsysinfo referenced in function _main [D:\Development\op3d_active\hdf-4.2.11\msvc\CMakeFiles\CMakeTmp\cmTryCompileExec3137338082.vcxproj]
  D:\Development\op3d_active\hdf-4.2.11\msvc\CMakeFiles\CMakeTmp\Debug\cmTryCompileExec3137338082.exe : fatal error LNK1120: 1 unresolved externals [D:\Development\op3d_active\hdf-4.2.11\msvc\CMakeFiles\CMakeTmp\cmTryCompileExec3137338082.vcxproj]

    0 Warning(s)
    2 Error(s)

Time Elapsed 00:00:00.69


Determining if the function setjmp exists failed with the following output:
Change Dir: D:/Development/op3d_active/hdf-4.2.11/msvc/CMakeFiles/CMakeTmp

Run Build Command:C:\PROGRA~2\MSBuild\12.0\Bin\MSBuild.exe cmTryCompileExec4233041945.vcxproj /p:Configuration=Debug /p:VisualStudioVersion=12.0
Microsoft (R) Build Engine version 12.0.40629.0
[Microsoft .NET Framework, version 4.0.30319.42000]
Copyright (C) Microsoft Corporation. All rights reserved.

Build started 10/29/2015 9:01:12 PM.
Project "D:\Development\op3d_active\hdf-4.2.11\msvc\CMakeFiles\CMakeTmp\cmTryCompileExec4233041945.vcxproj" on node 1 (default targets).
PrepareForBuild:
  Creating directory "cmTryCompileExec4233041945.dir\Debug\".
  Creating directory "D:\Development\op3d_active\hdf-4.2.11\msvc\CMakeFiles\CMakeTmp\Debug\".
  Creating directory "cmTryCompileExec4233041945.dir\Debug\cmTryCom.5871BBB2.tlog\".
InitializeBuildStatus:
  Creating "cmTryCompileExec4233041945.dir\Debug\cmTryCom.5871BBB2.tlog\unsuccessfulbuild" because "AlwaysCreate" was specified.
ClCompile:
  C:\Program Files (x86)\Microsoft Visual Studio 12.0\VC\bin\CL.exe /c /Zi /W3 /WX- /Od /Ob0 /Oy- /D WIN32 /D _WINDOWS /D CHECK_FUNCTION_EXISTS=setjmp /D WIN32_LEAN_AND_MEAN=1 /D NOGDI=1 /D _DEBUG /D "CMAKE_INTDIR=\"Debug\"" /D _MBCS /Gm- /RTC1 /MDd /GS /fp:precise /Zc:wchar_t /Zc:forScope /Fo"cmTryCompileExec4233041945.dir\Debug\\" /Fd"cmTryCompileExec4233041945.dir\Debug\vc120.pdb" /Gd /TC /analyze- /errorReport:queue "C:\Program Files (x86)\CMake 2.8\share\cmake-2.8\Modules\CheckFunctionExists.c"
  Microsoft (R) C/C++ Optimizing Compiler Version 18.00.40629 for x86
  Copyright (C) Microsoft Corporation.  All rights reserved.
  
  cl /c /Zi /W3 /WX- /Od /Ob0 /Oy- /D WIN32 /D _WINDOWS /D CHECK_FUNCTION_EXISTS=setjmp /D WIN32_LEAN_AND_MEAN=1 /D NOGDI=1 /D _DEBUG /D "CMAKE_INTDIR=\"Debug\"" /D _MBCS /Gm- /RTC1 /MDd /GS /fp:precise /Zc:wchar_t /Zc:forScope /Fo"cmTryCompileExec4233041945.dir\Debug\\" /Fd"cmTryCompileExec4233041945.dir\Debug\vc120.pdb" /Gd /TC /analyze- /errorReport:queue "C:\Program Files (x86)\CMake 2.8\share\cmake-2.8\Modules\CheckFunctionExists.c"
  
  CheckFunctionExists.c
Link:
  C:\Program Files (x86)\Microsoft Visual Studio 12.0\VC\bin\link.exe /ERRORREPORT:QUEUE /OUT:"D:\Development\op3d_active\hdf-4.2.11\msvc\CMakeFiles\CMakeTmp\Debug\cmTryCompileExec4233041945.exe" /INCREMENTAL /NOLOGO kernel32.lib user32.lib gdi32.lib winspool.lib shell32.lib ole32.lib oleaut32.lib uuid.lib comdlg32.lib advapi32.lib ws2_32.lib wsock32.lib /MANIFEST /MANIFESTUAC:"level='asInvoker' uiAccess='false'" /manifest:embed /DEBUG /PDB:"D:/Development/op3d_active/hdf-4.2.11/msvc/CMakeFiles/CMakeTmp/Debug/cmTryCompileExec4233041945.pdb" /SUBSYSTEM:CONSOLE /TLBID:1 /DYNAMICBASE /NXCOMPAT /IMPLIB:"D:/Development/op3d_active/hdf-4.2.11/msvc/CMakeFiles/CMakeTmp/Debug/cmTryCompileExec4233041945.lib" /MACHINE:X86 /SAFESEH  /machine:X86 /debug cmTryCompileExec4233041945.dir\Debug\CheckFunctionExists.obj
CheckFunctionExists.obj : error LNK2019: unresolved external symbol _setjmp referenced in function _main [D:\Development\op3d_active\hdf-4.2.11\msvc\CMakeFiles\CMakeTmp\cmTryCompileExec4233041945.vcxproj]
D:\Development\op3d_active\hdf-4.2.11\msvc\CMakeFiles\CMakeTmp\Debug\cmTryCompileExec4233041945.exe : fatal error LNK1120: 1 unresolved externals [D:\Development\op3d_active\hdf-4.2.11\msvc\CMakeFiles\CMakeTmp\cmTryCompileExec4233041945.vcxproj]
Done Building Project "D:\Development\op3d_active\hdf-4.2.11\msvc\CMakeFiles\CMakeTmp\cmTryCompileExec4233041945.vcxproj" (default targets) -- FAILED.

Build FAILED.

"D:\Development\op3d_active\hdf-4.2.11\msvc\CMakeFiles\CMakeTmp\cmTryCompileExec4233041945.vcxproj" (default target) (1) ->
(Link target) -> 
  CheckFunctionExists.obj : error LNK2019: unresolved external symbol _setjmp referenced in function _main [D:\Development\op3d_active\hdf-4.2.11\msvc\CMakeFiles\CMakeTmp\cmTryCompileExec4233041945.vcxproj]
  D:\Development\op3d_active\hdf-4.2.11\msvc\CMakeFiles\CMakeTmp\Debug\cmTryCompileExec4233041945.exe : fatal error LNK1120: 1 unresolved externals [D:\Development\op3d_active\hdf-4.2.11\msvc\CMakeFiles\CMakeTmp\cmTryCompileExec4233041945.vcxproj]

    0 Warning(s)
    2 Error(s)

Time Elapsed 00:00:00.71


Determining if the function siglongjmp exists failed with the following output:
Change Dir: D:/Development/op3d_active/hdf-4.2.11/msvc/CMakeFiles/CMakeTmp

Run Build Command:C:\PROGRA~2\MSBuild\12.0\Bin\MSBuild.exe cmTryCompileExec95740627.vcxproj /p:Configuration=Debug /p:VisualStudioVersion=12.0
Microsoft (R) Build Engine version 12.0.40629.0
[Microsoft .NET Framework, version 4.0.30319.42000]
Copyright (C) Microsoft Corporation. All rights reserved.

Build started 10/29/2015 9:01:13 PM.
Project "D:\Development\op3d_active\hdf-4.2.11\msvc\CMakeFiles\CMakeTmp\cmTryCompileExec95740627.vcxproj" on node 1 (default targets).
PrepareForBuild:
  Creating directory "cmTryCompileExec95740627.dir\Debug\".
  Creating directory "D:\Development\op3d_active\hdf-4.2.11\msvc\CMakeFiles\CMakeTmp\Debug\".
  Creating directory "cmTryCompileExec95740627.dir\Debug\cmTryCom.D47D33A9.tlog\".
InitializeBuildStatus:
  Creating "cmTryCompileExec95740627.dir\Debug\cmTryCom.D47D33A9.tlog\unsuccessfulbuild" because "AlwaysCreate" was specified.
ClCompile:
  C:\Program Files (x86)\Microsoft Visual Studio 12.0\VC\bin\CL.exe /c /Zi /W3 /WX- /Od /Ob0 /Oy- /D WIN32 /D _WINDOWS /D CHECK_FUNCTION_EXISTS=siglongjmp /D WIN32_LEAN_AND_MEAN=1 /D NOGDI=1 /D _DEBUG /D "CMAKE_INTDIR=\"Debug\"" /D _MBCS /Gm- /RTC1 /MDd /GS /fp:precise /Zc:wchar_t /Zc:forScope /Fo"cmTryCompileExec95740627.dir\Debug\\" /Fd"cmTryCompileExec95740627.dir\Debug\vc120.pdb" /Gd /TC /analyze- /errorReport:queue "C:\Program Files (x86)\CMake 2.8\share\cmake-2.8\Modules\CheckFunctionExists.c"
  Microsoft (R) C/C++ Optimizing Compiler Version 18.00.40629 for x86
  Copyright (C) Microsoft Corporation.  All rights reserved.
  
  cl /c /Zi /W3 /WX- /Od /Ob0 /Oy- /D WIN32 /D _WINDOWS /D CHECK_FUNCTION_EXISTS=siglongjmp /D WIN32_LEAN_AND_MEAN=1 /D NOGDI=1 /D _DEBUG /D "CMAKE_INTDIR=\"Debug\"" /D _MBCS /Gm- /RTC1 /MDd /GS /fp:precise /Zc:wchar_t /Zc:forScope /Fo"cmTryCompileExec95740627.dir\Debug\\" /Fd"cmTryCompileExec95740627.dir\Debug\vc120.pdb" /Gd /TC /analyze- /errorReport:queue "C:\Program Files (x86)\CMake 2.8\share\cmake-2.8\Modules\CheckFunctionExists.c"
  
  CheckFunctionExists.c
Link:
  C:\Program Files (x86)\Microsoft Visual Studio 12.0\VC\bin\link.exe /ERRORREPORT:QUEUE /OUT:"D:\Development\op3d_active\hdf-4.2.11\msvc\CMakeFiles\CMakeTmp\Debug\cmTryCompileExec95740627.exe" /INCREMENTAL /NOLOGO kernel32.lib user32.lib gdi32.lib winspool.lib shell32.lib ole32.lib oleaut32.lib uuid.lib comdlg32.lib advapi32.lib ws2_32.lib wsock32.lib /MANIFEST /MANIFESTUAC:"level='asInvoker' uiAccess='false'" /manifest:embed /DEBUG /PDB:"D:/Development/op3d_active/hdf-4.2.11/msvc/CMakeFiles/CMakeTmp/Debug/cmTryCompileExec95740627.pdb" /SUBSYSTEM:CONSOLE /TLBID:1 /DYNAMICBASE /NXCOMPAT /IMPLIB:"D:/Development/op3d_active/hdf-4.2.11/msvc/CMakeFiles/CMakeTmp/Debug/cmTryCompileExec95740627.lib" /MACHINE:X86 /SAFESEH  /machine:X86 /debug cmTryCompileExec95740627.dir\Debug\CheckFunctionExists.obj
CheckFunctionExists.obj : error LNK2019: unresolved external symbol _siglongjmp referenced in function _main [D:\Development\op3d_active\hdf-4.2.11\msvc\CMakeFiles\CMakeTmp\cmTryCompileExec95740627.vcxproj]
D:\Development\op3d_active\hdf-4.2.11\msvc\CMakeFiles\CMakeTmp\Debug\cmTryCompileExec95740627.exe : fatal error LNK1120: 1 unresolved externals [D:\Development\op3d_active\hdf-4.2.11\msvc\CMakeFiles\CMakeTmp\cmTryCompileExec95740627.vcxproj]
Done Building Project "D:\Development\op3d_active\hdf-4.2.11\msvc\CMakeFiles\CMakeTmp\cmTryCompileExec95740627.vcxproj" (default targets) -- FAILED.

Build FAILED.

"D:\Development\op3d_active\hdf-4.2.11\msvc\CMakeFiles\CMakeTmp\cmTryCompileExec95740627.vcxproj" (default target) (1) ->
(Link target) -> 
  CheckFunctionExists.obj : error LNK2019: unresolved external symbol _siglongjmp referenced in function _main [D:\Development\op3d_active\hdf-4.2.11\msvc\CMakeFiles\CMakeTmp\cmTryCompileExec95740627.vcxproj]
  D:\Development\op3d_active\hdf-4.2.11\msvc\CMakeFiles\CMakeTmp\Debug\cmTryCompileExec95740627.exe : fatal error LNK1120: 1 unresolved externals [D:\Development\op3d_active\hdf-4.2.11\msvc\CMakeFiles\CMakeTmp\cmTryCompileExec95740627.vcxproj]

    0 Warning(s)
    2 Error(s)

Time Elapsed 00:00:00.71


Determining if the function sigsetjmp exists failed with the following output:
Change Dir: D:/Development/op3d_active/hdf-4.2.11/msvc/CMakeFiles/CMakeTmp

Run Build Command:C:\PROGRA~2\MSBuild\12.0\Bin\MSBuild.exe cmTryCompileExec188592999.vcxproj /p:Configuration=Debug /p:VisualStudioVersion=12.0
Microsoft (R) Build Engine version 12.0.40629.0
[Microsoft .NET Framework, version 4.0.30319.42000]
Copyright (C) Microsoft Corporation. All rights reserved.

Build started 10/29/2015 9:01:14 PM.
Project "D:\Development\op3d_active\hdf-4.2.11\msvc\CMakeFiles\CMakeTmp\cmTryCompileExec188592999.vcxproj" on node 1 (default targets).
PrepareForBuild:
  Creating directory "cmTryCompileExec188592999.dir\Debug\".
  Creating directory "D:\Development\op3d_active\hdf-4.2.11\msvc\CMakeFiles\CMakeTmp\Debug\".
  Creating directory "cmTryCompileExec188592999.dir\Debug\cmTryCom.9AA57486.tlog\".
InitializeBuildStatus:
  Creating "cmTryCompileExec188592999.dir\Debug\cmTryCom.9AA57486.tlog\unsuccessfulbuild" because "AlwaysCreate" was specified.
ClCompile:
  C:\Program Files (x86)\Microsoft Visual Studio 12.0\VC\bin\CL.exe /c /Zi /W3 /WX- /Od /Ob0 /Oy- /D WIN32 /D _WINDOWS /D CHECK_FUNCTION_EXISTS=sigsetjmp /D WIN32_LEAN_AND_MEAN=1 /D NOGDI=1 /D _DEBUG /D "CMAKE_INTDIR=\"Debug\"" /D _MBCS /Gm- /RTC1 /MDd /GS /fp:precise /Zc:wchar_t /Zc:forScope /Fo"cmTryCompileExec188592999.dir\Debug\\" /Fd"cmTryCompileExec188592999.dir\Debug\vc120.pdb" /Gd /TC /analyze- /errorReport:queue "C:\Program Files (x86)\CMake 2.8\share\cmake-2.8\Modules\CheckFunctionExists.c"
  Microsoft (R) C/C++ Optimizing Compiler Version 18.00.40629 for x86
  Copyright (C) Microsoft Corporation.  All rights reserved.
  
  cl /c /Zi /W3 /WX- /Od /Ob0 /Oy- /D WIN32 /D _WINDOWS /D CHECK_FUNCTION_EXISTS=sigsetjmp /D WIN32_LEAN_AND_MEAN=1 /D NOGDI=1 /D _DEBUG /D "CMAKE_INTDIR=\"Debug\"" /D _MBCS /Gm- /RTC1 /MDd /GS /fp:precise /Zc:wchar_t /Zc:forScope /Fo"cmTryCompileExec188592999.dir\Debug\\" /Fd"cmTryCompileExec188592999.dir\Debug\vc120.pdb" /Gd /TC /analyze- /errorReport:queue "C:\Program Files (x86)\CMake 2.8\share\cmake-2.8\Modules\CheckFunctionExists.c"
  
  CheckFunctionExists.c
Link:
  C:\Program Files (x86)\Microsoft Visual Studio 12.0\VC\bin\link.exe /ERRORREPORT:QUEUE /OUT:"D:\Development\op3d_active\hdf-4.2.11\msvc\CMakeFiles\CMakeTmp\Debug\cmTryCompileExec188592999.exe" /INCREMENTAL /NOLOGO kernel32.lib user32.lib gdi32.lib winspool.lib shell32.lib ole32.lib oleaut32.lib uuid.lib comdlg32.lib advapi32.lib ws2_32.lib wsock32.lib /MANIFEST /MANIFESTUAC:"level='asInvoker' uiAccess='false'" /manifest:embed /DEBUG /PDB:"D:/Development/op3d_active/hdf-4.2.11/msvc/CMakeFiles/CMakeTmp/Debug/cmTryCompileExec188592999.pdb" /SUBSYSTEM:CONSOLE /TLBID:1 /DYNAMICBASE /NXCOMPAT /IMPLIB:"D:/Development/op3d_active/hdf-4.2.11/msvc/CMakeFiles/CMakeTmp/Debug/cmTryCompileExec188592999.lib" /MACHINE:X86 /SAFESEH  /machine:X86 /debug cmTryCompileExec188592999.dir\Debug\CheckFunctionExists.obj
CheckFunctionExists.obj : error LNK2019: unresolved external symbol _sigsetjmp referenced in function _main [D:\Development\op3d_active\hdf-4.2.11\msvc\CMakeFiles\CMakeTmp\cmTryCompileExec188592999.vcxproj]
D:\Development\op3d_active\hdf-4.2.11\msvc\CMakeFiles\CMakeTmp\Debug\cmTryCompileExec188592999.exe : fatal error LNK1120: 1 unresolved externals [D:\Development\op3d_active\hdf-4.2.11\msvc\CMakeFiles\CMakeTmp\cmTryCompileExec188592999.vcxproj]
Done Building Project "D:\Development\op3d_active\hdf-4.2.11\msvc\CMakeFiles\CMakeTmp\cmTryCompileExec188592999.vcxproj" (default targets) -- FAILED.

Build FAILED.

"D:\Development\op3d_active\hdf-4.2.11\msvc\CMakeFiles\CMakeTmp\cmTryCompileExec188592999.vcxproj" (default target) (1) ->
(Link target) -> 
  CheckFunctionExists.obj : error LNK2019: unresolved external symbol _sigsetjmp referenced in function _main [D:\Development\op3d_active\hdf-4.2.11\msvc\CMakeFiles\CMakeTmp\cmTryCompileExec188592999.vcxproj]
  D:\Development\op3d_active\hdf-4.2.11\msvc\CMakeFiles\CMakeTmp\Debug\cmTryCompileExec188592999.exe : fatal error LNK1120: 1 unresolved externals [D:\Development\op3d_active\hdf-4.2.11\msvc\CMakeFiles\CMakeTmp\cmTryCompileExec188592999.vcxproj]

    0 Warning(s)
    2 Error(s)

Time Elapsed 00:00:00.69


Determining if the function sigaction exists failed with the following output:
Change Dir: D:/Development/op3d_active/hdf-4.2.11/msvc/CMakeFiles/CMakeTmp

Run Build Command:C:\PROGRA~2\MSBuild\12.0\Bin\MSBuild.exe cmTryCompileExec3092022290.vcxproj /p:Configuration=Debug /p:VisualStudioVersion=12.0
Microsoft (R) Build Engine version 12.0.40629.0
[Microsoft .NET Framework, version 4.0.30319.42000]
Copyright (C) Microsoft Corporation. All rights reserved.

Build started 10/29/2015 9:01:15 PM.
Project "D:\Development\op3d_active\hdf-4.2.11\msvc\CMakeFiles\CMakeTmp\cmTryCompileExec3092022290.vcxproj" on node 1 (default targets).
PrepareForBuild:
  Creating directory "cmTryCompileExec3092022290.dir\Debug\".
  Creating directory "D:\Development\op3d_active\hdf-4.2.11\msvc\CMakeFiles\CMakeTmp\Debug\".
  Creating directory "cmTryCompileExec3092022290.dir\Debug\cmTryCom.197BCA41.tlog\".
InitializeBuildStatus:
  Creating "cmTryCompileExec3092022290.dir\Debug\cmTryCom.197BCA41.tlog\unsuccessfulbuild" because "AlwaysCreate" was specified.
ClCompile:
  C:\Program Files (x86)\Microsoft Visual Studio 12.0\VC\bin\CL.exe /c /Zi /W3 /WX- /Od /Ob0 /Oy- /D WIN32 /D _WINDOWS /D CHECK_FUNCTION_EXISTS=sigaction /D WIN32_LEAN_AND_MEAN=1 /D NOGDI=1 /D _DEBUG /D "CMAKE_INTDIR=\"Debug\"" /D _MBCS /Gm- /RTC1 /MDd /GS /fp:precise /Zc:wchar_t /Zc:forScope /Fo"cmTryCompileExec3092022290.dir\Debug\\" /Fd"cmTryCompileExec3092022290.dir\Debug\vc120.pdb" /Gd /TC /analyze- /errorReport:queue "C:\Program Files (x86)\CMake 2.8\share\cmake-2.8\Modules\CheckFunctionExists.c"
  Microsoft (R) C/C++ Optimizing Compiler Version 18.00.40629 for x86
  Copyright (C) Microsoft Corporation.  All rights reserved.
  
  cl /c /Zi /W3 /WX- /Od /Ob0 /Oy- /D WIN32 /D _WINDOWS /D CHECK_FUNCTION_EXISTS=sigaction /D WIN32_LEAN_AND_MEAN=1 /D NOGDI=1 /D _DEBUG /D "CMAKE_INTDIR=\"Debug\"" /D _MBCS /Gm- /RTC1 /MDd /GS /fp:precise /Zc:wchar_t /Zc:forScope /Fo"cmTryCompileExec3092022290.dir\Debug\\" /Fd"cmTryCompileExec3092022290.dir\Debug\vc120.pdb" /Gd /TC /analyze- /errorReport:queue "C:\Program Files (x86)\CMake 2.8\share\cmake-2.8\Modules\CheckFunctionExists.c"
  
  CheckFunctionExists.c
Link:
  C:\Program Files (x86)\Microsoft Visual Studio 12.0\VC\bin\link.exe /ERRORREPORT:QUEUE /OUT:"D:\Development\op3d_active\hdf-4.2.11\msvc\CMakeFiles\CMakeTmp\Debug\cmTryCompileExec3092022290.exe" /INCREMENTAL /NOLOGO kernel32.lib user32.lib gdi32.lib winspool.lib shell32.lib ole32.lib oleaut32.lib uuid.lib comdlg32.lib advapi32.lib ws2_32.lib wsock32.lib /MANIFEST /MANIFESTUAC:"level='asInvoker' uiAccess='false'" /manifest:embed /DEBUG /PDB:"D:/Development/op3d_active/hdf-4.2.11/msvc/CMakeFiles/CMakeTmp/Debug/cmTryCompileExec3092022290.pdb" /SUBSYSTEM:CONSOLE /TLBID:1 /DYNAMICBASE /NXCOMPAT /IMPLIB:"D:/Development/op3d_active/hdf-4.2.11/msvc/CMakeFiles/CMakeTmp/Debug/cmTryCompileExec3092022290.lib" /MACHINE:X86 /SAFESEH  /machine:X86 /debug cmTryCompileExec3092022290.dir\Debug\CheckFunctionExists.obj
CheckFunctionExists.obj : error LNK2019: unresolved external symbol _sigaction referenced in function _main [D:\Development\op3d_active\hdf-4.2.11\msvc\CMakeFiles\CMakeTmp\cmTryCompileExec3092022290.vcxproj]
D:\Development\op3d_active\hdf-4.2.11\msvc\CMakeFiles\CMakeTmp\Debug\cmTryCompileExec3092022290.exe : fatal error LNK1120: 1 unresolved externals [D:\Development\op3d_active\hdf-4.2.11\msvc\CMakeFiles\CMakeTmp\cmTryCompileExec3092022290.vcxproj]
Done Building Project "D:\Development\op3d_active\hdf-4.2.11\msvc\CMakeFiles\CMakeTmp\cmTryCompileExec3092022290.vcxproj" (default targets) -- FAILED.

Build FAILED.

"D:\Development\op3d_active\hdf-4.2.11\msvc\CMakeFiles\CMakeTmp\cmTryCompileExec3092022290.vcxproj" (default target) (1) ->
(Link target) -> 
  CheckFunctionExists.obj : error LNK2019: unresolved external symbol _sigaction referenced in function _main [D:\Development\op3d_active\hdf-4.2.11\msvc\CMakeFiles\CMakeTmp\cmTryCompileExec3092022290.vcxproj]
  D:\Development\op3d_active\hdf-4.2.11\msvc\CMakeFiles\CMakeTmp\Debug\cmTryCompileExec3092022290.exe : fatal error LNK1120: 1 unresolved externals [D:\Development\op3d_active\hdf-4.2.11\msvc\CMakeFiles\CMakeTmp\cmTryCompileExec3092022290.vcxproj]

    0 Warning(s)
    2 Error(s)

Time Elapsed 00:00:00.57


Determining if the function sigprocmask exists failed with the following output:
Change Dir: D:/Development/op3d_active/hdf-4.2.11/msvc/CMakeFiles/CMakeTmp

Run Build Command:C:\PROGRA~2\MSBuild\12.0\Bin\MSBuild.exe cmTryCompileExec3611581008.vcxproj /p:Configuration=Debug /p:VisualStudioVersion=12.0
Microsoft (R) Build Engine version 12.0.40629.0
[Microsoft .NET Framework, version 4.0.30319.42000]
Copyright (C) Microsoft Corporation. All rights reserved.

Build started 10/29/2015 9:01:15 PM.
Project "D:\Development\op3d_active\hdf-4.2.11\msvc\CMakeFiles\CMakeTmp\cmTryCompileExec3611581008.vcxproj" on node 1 (default targets).
PrepareForBuild:
  Creating directory "cmTryCompileExec3611581008.dir\Debug\".
  Creating directory "D:\Development\op3d_active\hdf-4.2.11\msvc\CMakeFiles\CMakeTmp\Debug\".
  Creating directory "cmTryCompileExec3611581008.dir\Debug\cmTryCom.88C757D6.tlog\".
InitializeBuildStatus:
  Creating "cmTryCompileExec3611581008.dir\Debug\cmTryCom.88C757D6.tlog\unsuccessfulbuild" because "AlwaysCreate" was specified.
ClCompile:
  C:\Program Files (x86)\Microsoft Visual Studio 12.0\VC\bin\CL.exe /c /Zi /W3 /WX- /Od /Ob0 /Oy- /D WIN32 /D _WINDOWS /D CHECK_FUNCTION_EXISTS=sigprocmask /D WIN32_LEAN_AND_MEAN=1 /D NOGDI=1 /D _DEBUG /D "CMAKE_INTDIR=\"Debug\"" /D _MBCS /Gm- /RTC1 /MDd /GS /fp:precise /Zc:wchar_t /Zc:forScope /Fo"cmTryCompileExec3611581008.dir\Debug\\" /Fd"cmTryCompileExec3611581008.dir\Debug\vc120.pdb" /Gd /TC /analyze- /errorReport:queue "C:\Program Files (x86)\CMake 2.8\share\cmake-2.8\Modules\CheckFunctionExists.c"
  Microsoft (R) C/C++ Optimizing Compiler Version 18.00.40629 for x86
  Copyright (C) Microsoft Corporation.  All rights reserved.
  
  cl /c /Zi /W3 /WX- /Od /Ob0 /Oy- /D WIN32 /D _WINDOWS /D CHECK_FUNCTION_EXISTS=sigprocmask /D WIN32_LEAN_AND_MEAN=1 /D NOGDI=1 /D _DEBUG /D "CMAKE_INTDIR=\"Debug\"" /D _MBCS /Gm- /RTC1 /MDd /GS /fp:precise /Zc:wchar_t /Zc:forScope /Fo"cmTryCompileExec3611581008.dir\Debug\\" /Fd"cmTryCompileExec3611581008.dir\Debug\vc120.pdb" /Gd /TC /analyze- /errorReport:queue "C:\Program Files (x86)\CMake 2.8\share\cmake-2.8\Modules\CheckFunctionExists.c"
  
  CheckFunctionExists.c
Link:
  C:\Program Files (x86)\Microsoft Visual Studio 12.0\VC\bin\link.exe /ERRORREPORT:QUEUE /OUT:"D:\Development\op3d_active\hdf-4.2.11\msvc\CMakeFiles\CMakeTmp\Debug\cmTryCompileExec3611581008.exe" /INCREMENTAL /NOLOGO kernel32.lib user32.lib gdi32.lib winspool.lib shell32.lib ole32.lib oleaut32.lib uuid.lib comdlg32.lib advapi32.lib ws2_32.lib wsock32.lib /MANIFEST /MANIFESTUAC:"level='asInvoker' uiAccess='false'" /manifest:embed /DEBUG /PDB:"D:/Development/op3d_active/hdf-4.2.11/msvc/CMakeFiles/CMakeTmp/Debug/cmTryCompileExec3611581008.pdb" /SUBSYSTEM:CONSOLE /TLBID:1 /DYNAMICBASE /NXCOMPAT /IMPLIB:"D:/Development/op3d_active/hdf-4.2.11/msvc/CMakeFiles/CMakeTmp/Debug/cmTryCompileExec3611581008.lib" /MACHINE:X86 /SAFESEH  /machine:X86 /debug cmTryCompileExec3611581008.dir\Debug\CheckFunctionExists.obj
CheckFunctionExists.obj : error LNK2019: unresolved external symbol _sigprocmask referenced in function _main [D:\Development\op3d_active\hdf-4.2.11\msvc\CMakeFiles\CMakeTmp\cmTryCompileExec3611581008.vcxproj]
D:\Development\op3d_active\hdf-4.2.11\msvc\CMakeFiles\CMakeTmp\Debug\cmTryCompileExec3611581008.exe : fatal error LNK1120: 1 unresolved externals [D:\Development\op3d_active\hdf-4.2.11\msvc\CMakeFiles\CMakeTmp\cmTryCompileExec3611581008.vcxproj]
Done Building Project "D:\Development\op3d_active\hdf-4.2.11\msvc\CMakeFiles\CMakeTmp\cmTryCompileExec3611581008.vcxproj" (default targets) -- FAILED.

Build FAILED.

"D:\Development\op3d_active\hdf-4.2.11\msvc\CMakeFiles\CMakeTmp\cmTryCompileExec3611581008.vcxproj" (default target) (1) ->
(Link target) -> 
  CheckFunctionExists.obj : error LNK2019: unresolved external symbol _sigprocmask referenced in function _main [D:\Development\op3d_active\hdf-4.2.11\msvc\CMakeFiles\CMakeTmp\cmTryCompileExec3611581008.vcxproj]
  D:\Development\op3d_active\hdf-4.2.11\msvc\CMakeFiles\CMakeTmp\Debug\cmTryCompileExec3611581008.exe : fatal error LNK1120: 1 unresolved externals [D:\Development\op3d_active\hdf-4.2.11\msvc\CMakeFiles\CMakeTmp\cmTryCompileExec3611581008.vcxproj]

    0 Warning(s)
    2 Error(s)

Time Elapsed 00:00:00.68


Determining if the function snprintf exists failed with the following output:
Change Dir: D:/Development/op3d_active/hdf-4.2.11/msvc/CMakeFiles/CMakeTmp

Run Build Command:C:\PROGRA~2\MSBuild\12.0\Bin\MSBuild.exe cmTryCompileExec718608957.vcxproj /p:Configuration=Debug /p:VisualStudioVersion=12.0
Microsoft (R) Build Engine version 12.0.40629.0
[Microsoft .NET Framework, version 4.0.30319.42000]
Copyright (C) Microsoft Corporation. All rights reserved.

Build started 10/29/2015 9:01:16 PM.
Project "D:\Development\op3d_active\hdf-4.2.11\msvc\CMakeFiles\CMakeTmp\cmTryCompileExec718608957.vcxproj" on node 1 (default targets).
PrepareForBuild:
  Creating directory "cmTryCompileExec718608957.dir\Debug\".
  Creating directory "D:\Development\op3d_active\hdf-4.2.11\msvc\CMakeFiles\CMakeTmp\Debug\".
  Creating directory "cmTryCompileExec718608957.dir\Debug\cmTryCom.0914F20A.tlog\".
InitializeBuildStatus:
  Creating "cmTryCompileExec718608957.dir\Debug\cmTryCom.0914F20A.tlog\unsuccessfulbuild" because "AlwaysCreate" was specified.
ClCompile:
  C:\Program Files (x86)\Microsoft Visual Studio 12.0\VC\bin\CL.exe /c /Zi /W3 /WX- /Od /Ob0 /Oy- /D WIN32 /D _WINDOWS /D CHECK_FUNCTION_EXISTS=snprintf /D WIN32_LEAN_AND_MEAN=1 /D NOGDI=1 /D _DEBUG /D "CMAKE_INTDIR=\"Debug\"" /D _MBCS /Gm- /RTC1 /MDd /GS /fp:precise /Zc:wchar_t /Zc:forScope /Fo"cmTryCompileExec718608957.dir\Debug\\" /Fd"cmTryCompileExec718608957.dir\Debug\vc120.pdb" /Gd /TC /analyze- /errorReport:queue "C:\Program Files (x86)\CMake 2.8\share\cmake-2.8\Modules\CheckFunctionExists.c"
  Microsoft (R) C/C++ Optimizing Compiler Version 18.00.40629 for x86
  Copyright (C) Microsoft Corporation.  All rights reserved.
  
  cl /c /Zi /W3 /WX- /Od /Ob0 /Oy- /D WIN32 /D _WINDOWS /D CHECK_FUNCTION_EXISTS=snprintf /D WIN32_LEAN_AND_MEAN=1 /D NOGDI=1 /D _DEBUG /D "CMAKE_INTDIR=\"Debug\"" /D _MBCS /Gm- /RTC1 /MDd /GS /fp:precise /Zc:wchar_t /Zc:forScope /Fo"cmTryCompileExec718608957.dir\Debug\\" /Fd"cmTryCompileExec718608957.dir\Debug\vc120.pdb" /Gd /TC /analyze- /errorReport:queue "C:\Program Files (x86)\CMake 2.8\share\cmake-2.8\Modules\CheckFunctionExists.c"
  
  CheckFunctionExists.c
Link:
  C:\Program Files (x86)\Microsoft Visual Studio 12.0\VC\bin\link.exe /ERRORREPORT:QUEUE /OUT:"D:\Development\op3d_active\hdf-4.2.11\msvc\CMakeFiles\CMakeTmp\Debug\cmTryCompileExec718608957.exe" /INCREMENTAL /NOLOGO kernel32.lib user32.lib gdi32.lib winspool.lib shell32.lib ole32.lib oleaut32.lib uuid.lib comdlg32.lib advapi32.lib ws2_32.lib wsock32.lib /MANIFEST /MANIFESTUAC:"level='asInvoker' uiAccess='false'" /manifest:embed /DEBUG /PDB:"D:/Development/op3d_active/hdf-4.2.11/msvc/CMakeFiles/CMakeTmp/Debug/cmTryCompileExec718608957.pdb" /SUBSYSTEM:CONSOLE /TLBID:1 /DYNAMICBASE /NXCOMPAT /IMPLIB:"D:/Development/op3d_active/hdf-4.2.11/msvc/CMakeFiles/CMakeTmp/Debug/cmTryCompileExec718608957.lib" /MACHINE:X86 /SAFESEH  /machine:X86 /debug cmTryCompileExec718608957.dir\Debug\CheckFunctionExists.obj
CheckFunctionExists.obj : error LNK2019: unresolved external symbol _snprintf referenced in function _main [D:\Development\op3d_active\hdf-4.2.11\msvc\CMakeFiles\CMakeTmp\cmTryCompileExec718608957.vcxproj]
D:\Development\op3d_active\hdf-4.2.11\msvc\CMakeFiles\CMakeTmp\Debug\cmTryCompileExec718608957.exe : fatal error LNK1120: 1 unresolved externals [D:\Development\op3d_active\hdf-4.2.11\msvc\CMakeFiles\CMakeTmp\cmTryCompileExec718608957.vcxproj]
Done Building Project "D:\Development\op3d_active\hdf-4.2.11\msvc\CMakeFiles\CMakeTmp\cmTryCompileExec718608957.vcxproj" (default targets) -- FAILED.

Build FAILED.

"D:\Development\op3d_active\hdf-4.2.11\msvc\CMakeFiles\CMakeTmp\cmTryCompileExec718608957.vcxproj" (default target) (1) ->
(Link target) -> 
  CheckFunctionExists.obj : error LNK2019: unresolved external symbol _snprintf referenced in function _main [D:\Development\op3d_active\hdf-4.2.11\msvc\CMakeFiles\CMakeTmp\cmTryCompileExec718608957.vcxproj]
  D:\Development\op3d_active\hdf-4.2.11\msvc\CMakeFiles\CMakeTmp\Debug\cmTryCompileExec718608957.exe : fatal error LNK1120: 1 unresolved externals [D:\Development\op3d_active\hdf-4.2.11\msvc\CMakeFiles\CMakeTmp\cmTryCompileExec718608957.vcxproj]

    0 Warning(s)
    2 Error(s)

Time Elapsed 00:00:00.68


Determining if the function srandom exists failed with the following output:
Change Dir: D:/Development/op3d_active/hdf-4.2.11/msvc/CMakeFiles/CMakeTmp

Run Build Command:C:\PROGRA~2\MSBuild\12.0\Bin\MSBuild.exe cmTryCompileExec2874961982.vcxproj /p:Configuration=Debug /p:VisualStudioVersion=12.0
Microsoft (R) Build Engine version 12.0.40629.0
[Microsoft .NET Framework, version 4.0.30319.42000]
Copyright (C) Microsoft Corporation. All rights reserved.

Build started 10/29/2015 9:01:17 PM.
Project "D:\Development\op3d_active\hdf-4.2.11\msvc\CMakeFiles\CMakeTmp\cmTryCompileExec2874961982.vcxproj" on node 1 (default targets).
PrepareForBuild:
  Creating directory "cmTryCompileExec2874961982.dir\Debug\".
  Creating directory "D:\Development\op3d_active\hdf-4.2.11\msvc\CMakeFiles\CMakeTmp\Debug\".
  Creating directory "cmTryCompileExec2874961982.dir\Debug\cmTryCom.86470B0C.tlog\".
InitializeBuildStatus:
  Creating "cmTryCompileExec2874961982.dir\Debug\cmTryCom.86470B0C.tlog\unsuccessfulbuild" because "AlwaysCreate" was specified.
ClCompile:
  C:\Program Files (x86)\Microsoft Visual Studio 12.0\VC\bin\CL.exe /c /Zi /W3 /WX- /Od /Ob0 /Oy- /D WIN32 /D _WINDOWS /D CHECK_FUNCTION_EXISTS=srandom /D WIN32_LEAN_AND_MEAN=1 /D NOGDI=1 /D _DEBUG /D "CMAKE_INTDIR=\"Debug\"" /D _MBCS /Gm- /RTC1 /MDd /GS /fp:precise /Zc:wchar_t /Zc:forScope /Fo"cmTryCompileExec2874961982.dir\Debug\\" /Fd"cmTryCompileExec2874961982.dir\Debug\vc120.pdb" /Gd /TC /analyze- /errorReport:queue "C:\Program Files (x86)\CMake 2.8\share\cmake-2.8\Modules\CheckFunctionExists.c"
  Microsoft (R) C/C++ Optimizing Compiler Version 18.00.40629 for x86
  Copyright (C) Microsoft Corporation.  All rights reserved.
  
  cl /c /Zi /W3 /WX- /Od /Ob0 /Oy- /D WIN32 /D _WINDOWS /D CHECK_FUNCTION_EXISTS=srandom /D WIN32_LEAN_AND_MEAN=1 /D NOGDI=1 /D _DEBUG /D "CMAKE_INTDIR=\"Debug\"" /D _MBCS /Gm- /RTC1 /MDd /GS /fp:precise /Zc:wchar_t /Zc:forScope /Fo"cmTryCompileExec2874961982.dir\Debug\\" /Fd"cmTryCompileExec2874961982.dir\Debug\vc120.pdb" /Gd /TC /analyze- /errorReport:queue "C:\Program Files (x86)\CMake 2.8\share\cmake-2.8\Modules\CheckFunctionExists.c"
  
  CheckFunctionExists.c
Link:
  C:\Program Files (x86)\Microsoft Visual Studio 12.0\VC\bin\link.exe /ERRORREPORT:QUEUE /OUT:"D:\Development\op3d_active\hdf-4.2.11\msvc\CMakeFiles\CMakeTmp\Debug\cmTryCompileExec2874961982.exe" /INCREMENTAL /NOLOGO kernel32.lib user32.lib gdi32.lib winspool.lib shell32.lib ole32.lib oleaut32.lib uuid.lib comdlg32.lib advapi32.lib ws2_32.lib wsock32.lib /MANIFEST /MANIFESTUAC:"level='asInvoker' uiAccess='false'" /manifest:embed /DEBUG /PDB:"D:/Development/op3d_active/hdf-4.2.11/msvc/CMakeFiles/CMakeTmp/Debug/cmTryCompileExec2874961982.pdb" /SUBSYSTEM:CONSOLE /TLBID:1 /DYNAMICBASE /NXCOMPAT /IMPLIB:"D:/Development/op3d_active/hdf-4.2.11/msvc/CMakeFiles/CMakeTmp/Debug/cmTryCompileExec2874961982.lib" /MACHINE:X86 /SAFESEH  /machine:X86 /debug cmTryCompileExec2874961982.dir\Debug\CheckFunctionExists.obj
CheckFunctionExists.obj : error LNK2019: unresolved external symbol _srandom referenced in function _main [D:\Development\op3d_active\hdf-4.2.11\msvc\CMakeFiles\CMakeTmp\cmTryCompileExec2874961982.vcxproj]
D:\Development\op3d_active\hdf-4.2.11\msvc\CMakeFiles\CMakeTmp\Debug\cmTryCompileExec2874961982.exe : fatal error LNK1120: 1 unresolved externals [D:\Development\op3d_active\hdf-4.2.11\msvc\CMakeFiles\CMakeTmp\cmTryCompileExec2874961982.vcxproj]
Done Building Project "D:\Development\op3d_active\hdf-4.2.11\msvc\CMakeFiles\CMakeTmp\cmTryCompileExec2874961982.vcxproj" (default targets) -- FAILED.

Build FAILED.

"D:\Development\op3d_active\hdf-4.2.11\msvc\CMakeFiles\CMakeTmp\cmTryCompileExec2874961982.vcxproj" (default target) (1) ->
(Link target) -> 
  CheckFunctionExists.obj : error LNK2019: unresolved external symbol _srandom referenced in function _main [D:\Development\op3d_active\hdf-4.2.11\msvc\CMakeFiles\CMakeTmp\cmTryCompileExec2874961982.vcxproj]
  D:\Development\op3d_active\hdf-4.2.11\msvc\CMakeFiles\CMakeTmp\Debug\cmTryCompileExec2874961982.exe : fatal error LNK1120: 1 unresolved externals [D:\Development\op3d_active\hdf-4.2.11\msvc\CMakeFiles\CMakeTmp\cmTryCompileExec2874961982.vcxproj]

    0 Warning(s)
    2 Error(s)

Time Elapsed 00:00:00.55


Determining if the function symlink exists failed with the following output:
Change Dir: D:/Development/op3d_active/hdf-4.2.11/msvc/CMakeFiles/CMakeTmp

Run Build Command:C:\PROGRA~2\MSBuild\12.0\Bin\MSBuild.exe cmTryCompileExec3042646139.vcxproj /p:Configuration=Debug /p:VisualStudioVersion=12.0
Microsoft (R) Build Engine version 12.0.40629.0
[Microsoft .NET Framework, version 4.0.30319.42000]
Copyright (C) Microsoft Corporation. All rights reserved.

Build started 10/29/2015 9:01:18 PM.
Project "D:\Development\op3d_active\hdf-4.2.11\msvc\CMakeFiles\CMakeTmp\cmTryCompileExec3042646139.vcxproj" on node 1 (default targets).
PrepareForBuild:
  Creating directory "cmTryCompileExec3042646139.dir\Debug\".
  Creating directory "D:\Development\op3d_active\hdf-4.2.11\msvc\CMakeFiles\CMakeTmp\Debug\".
  Creating directory "cmTryCompileExec3042646139.dir\Debug\cmTryCom.FD072155.tlog\".
InitializeBuildStatus:
  Creating "cmTryCompileExec3042646139.dir\Debug\cmTryCom.FD072155.tlog\unsuccessfulbuild" because "AlwaysCreate" was specified.
ClCompile:
  C:\Program Files (x86)\Microsoft Visual Studio 12.0\VC\bin\CL.exe /c /Zi /W3 /WX- /Od /Ob0 /Oy- /D WIN32 /D _WINDOWS /D CHECK_FUNCTION_EXISTS=symlink /D WIN32_LEAN_AND_MEAN=1 /D NOGDI=1 /D _DEBUG /D "CMAKE_INTDIR=\"Debug\"" /D _MBCS /Gm- /RTC1 /MDd /GS /fp:precise /Zc:wchar_t /Zc:forScope /Fo"cmTryCompileExec3042646139.dir\Debug\\" /Fd"cmTryCompileExec3042646139.dir\Debug\vc120.pdb" /Gd /TC /analyze- /errorReport:queue "C:\Program Files (x86)\CMake 2.8\share\cmake-2.8\Modules\CheckFunctionExists.c"
  Microsoft (R) C/C++ Optimizing Compiler Version 18.00.40629 for x86
  Copyright (C) Microsoft Corporation.  All rights reserved.
  
  cl /c /Zi /W3 /WX- /Od /Ob0 /Oy- /D WIN32 /D _WINDOWS /D CHECK_FUNCTION_EXISTS=symlink /D WIN32_LEAN_AND_MEAN=1 /D NOGDI=1 /D _DEBUG /D "CMAKE_INTDIR=\"Debug\"" /D _MBCS /Gm- /RTC1 /MDd /GS /fp:precise /Zc:wchar_t /Zc:forScope /Fo"cmTryCompileExec3042646139.dir\Debug\\" /Fd"cmTryCompileExec3042646139.dir\Debug\vc120.pdb" /Gd /TC /analyze- /errorReport:queue "C:\Program Files (x86)\CMake 2.8\share\cmake-2.8\Modules\CheckFunctionExists.c"
  
  CheckFunctionExists.c
Link:
  C:\Program Files (x86)\Microsoft Visual Studio 12.0\VC\bin\link.exe /ERRORREPORT:QUEUE /OUT:"D:\Development\op3d_active\hdf-4.2.11\msvc\CMakeFiles\CMakeTmp\Debug\cmTryCompileExec3042646139.exe" /INCREMENTAL /NOLOGO kernel32.lib user32.lib gdi32.lib winspool.lib shell32.lib ole32.lib oleaut32.lib uuid.lib comdlg32.lib advapi32.lib ws2_32.lib wsock32.lib /MANIFEST /MANIFESTUAC:"level='asInvoker' uiAccess='false'" /manifest:embed /DEBUG /PDB:"D:/Development/op3d_active/hdf-4.2.11/msvc/CMakeFiles/CMakeTmp/Debug/cmTryCompileExec3042646139.pdb" /SUBSYSTEM:CONSOLE /TLBID:1 /DYNAMICBASE /NXCOMPAT /IMPLIB:"D:/Development/op3d_active/hdf-4.2.11/msvc/CMakeFiles/CMakeTmp/Debug/cmTryCompileExec3042646139.lib" /MACHINE:X86 /SAFESEH  /machine:X86 /debug cmTryCompileExec3042646139.dir\Debug\CheckFunctionExists.obj
CheckFunctionExists.obj : error LNK2019: unresolved external symbol _symlink referenced in function _main [D:\Development\op3d_active\hdf-4.2.11\msvc\CMakeFiles\CMakeTmp\cmTryCompileExec3042646139.vcxproj]
D:\Development\op3d_active\hdf-4.2.11\msvc\CMakeFiles\CMakeTmp\Debug\cmTryCompileExec3042646139.exe : fatal error LNK1120: 1 unresolved externals [D:\Development\op3d_active\hdf-4.2.11\msvc\CMakeFiles\CMakeTmp\cmTryCompileExec3042646139.vcxproj]
Done Building Project "D:\Development\op3d_active\hdf-4.2.11\msvc\CMakeFiles\CMakeTmp\cmTryCompileExec3042646139.vcxproj" (default targets) -- FAILED.

Build FAILED.

"D:\Development\op3d_active\hdf-4.2.11\msvc\CMakeFiles\CMakeTmp\cmTryCompileExec3042646139.vcxproj" (default target) (1) ->
(Link target) -> 
  CheckFunctionExists.obj : error LNK2019: unresolved external symbol _symlink referenced in function _main [D:\Development\op3d_active\hdf-4.2.11\msvc\CMakeFiles\CMakeTmp\cmTryCompileExec3042646139.vcxproj]
  D:\Development\op3d_active\hdf-4.2.11\msvc\CMakeFiles\CMakeTmp\Debug\cmTryCompileExec3042646139.exe : fatal error LNK1120: 1 unresolved externals [D:\Development\op3d_active\hdf-4.2.11\msvc\CMakeFiles\CMakeTmp\cmTryCompileExec3042646139.vcxproj]

    0 Warning(s)
    2 Error(s)

Time Elapsed 00:00:00.49


Determining if the function asprintf exists failed with the following output:
Change Dir: D:/Development/op3d_active/hdf-4.2.11/msvc/CMakeFiles/CMakeTmp

Run Build Command:C:\PROGRA~2\MSBuild\12.0\Bin\MSBuild.exe cmTryCompileExec599674762.vcxproj /p:Configuration=Debug /p:VisualStudioVersion=12.0
Microsoft (R) Build Engine version 12.0.40629.0
[Microsoft .NET Framework, version 4.0.30319.42000]
Copyright (C) Microsoft Corporation. All rights reserved.

Build started 10/29/2015 9:01:20 PM.
Project "D:\Development\op3d_active\hdf-4.2.11\msvc\CMakeFiles\CMakeTmp\cmTryCompileExec599674762.vcxproj" on node 1 (default targets).
PrepareForBuild:
  Creating directory "cmTryCompileExec599674762.dir\Debug\".
  Creating directory "D:\Development\op3d_active\hdf-4.2.11\msvc\CMakeFiles\CMakeTmp\Debug\".
  Creating directory "cmTryCompileExec599674762.dir\Debug\cmTryCom.D4B68929.tlog\".
InitializeBuildStatus:
  Creating "cmTryCompileExec599674762.dir\Debug\cmTryCom.D4B68929.tlog\unsuccessfulbuild" because "AlwaysCreate" was specified.
ClCompile:
  C:\Program Files (x86)\Microsoft Visual Studio 12.0\VC\bin\CL.exe /c /Zi /W3 /WX- /Od /Ob0 /Oy- /D WIN32 /D _WINDOWS /D CHECK_FUNCTION_EXISTS=asprintf /D WIN32_LEAN_AND_MEAN=1 /D NOGDI=1 /D _DEBUG /D "CMAKE_INTDIR=\"Debug\"" /D _MBCS /Gm- /RTC1 /MDd /GS /fp:precise /Zc:wchar_t /Zc:forScope /Fo"cmTryCompileExec599674762.dir\Debug\\" /Fd"cmTryCompileExec599674762.dir\Debug\vc120.pdb" /Gd /TC /analyze- /errorReport:queue "C:\Program Files (x86)\CMake 2.8\share\cmake-2.8\Modules\CheckFunctionExists.c"
  Microsoft (R) C/C++ Optimizing Compiler Version 18.00.40629 for x86
  Copyright (C) Microsoft Corporation.  All rights reserved.
  
  cl /c /Zi /W3 /WX- /Od /Ob0 /Oy- /D WIN32 /D _WINDOWS /D CHECK_FUNCTION_EXISTS=asprintf /D WIN32_LEAN_AND_MEAN=1 /D NOGDI=1 /D _DEBUG /D "CMAKE_INTDIR=\"Debug\"" /D _MBCS /Gm- /RTC1 /MDd /GS /fp:precise /Zc:wchar_t /Zc:forScope /Fo"cmTryCompileExec599674762.dir\Debug\\" /Fd"cmTryCompileExec599674762.dir\Debug\vc120.pdb" /Gd /TC /analyze- /errorReport:queue "C:\Program Files (x86)\CMake 2.8\share\cmake-2.8\Modules\CheckFunctionExists.c"
  
  CheckFunctionExists.c
Link:
  C:\Program Files (x86)\Microsoft Visual Studio 12.0\VC\bin\link.exe /ERRORREPORT:QUEUE /OUT:"D:\Development\op3d_active\hdf-4.2.11\msvc\CMakeFiles\CMakeTmp\Debug\cmTryCompileExec599674762.exe" /INCREMENTAL /NOLOGO kernel32.lib user32.lib gdi32.lib winspool.lib shell32.lib ole32.lib oleaut32.lib uuid.lib comdlg32.lib advapi32.lib ws2_32.lib wsock32.lib /MANIFEST /MANIFESTUAC:"level='asInvoker' uiAccess='false'" /manifest:embed /DEBUG /PDB:"D:/Development/op3d_active/hdf-4.2.11/msvc/CMakeFiles/CMakeTmp/Debug/cmTryCompileExec599674762.pdb" /SUBSYSTEM:CONSOLE /TLBID:1 /DYNAMICBASE /NXCOMPAT /IMPLIB:"D:/Development/op3d_active/hdf-4.2.11/msvc/CMakeFiles/CMakeTmp/Debug/cmTryCompileExec599674762.lib" /MACHINE:X86 /SAFESEH  /machine:X86 /debug cmTryCompileExec599674762.dir\Debug\CheckFunctionExists.obj
CheckFunctionExists.obj : error LNK2019: unresolved external symbol _asprintf referenced in function _main [D:\Development\op3d_active\hdf-4.2.11\msvc\CMakeFiles\CMakeTmp\cmTryCompileExec599674762.vcxproj]
D:\Development\op3d_active\hdf-4.2.11\msvc\CMakeFiles\CMakeTmp\Debug\cmTryCompileExec599674762.exe : fatal error LNK1120: 1 unresolved externals [D:\Development\op3d_active\hdf-4.2.11\msvc\CMakeFiles\CMakeTmp\cmTryCompileExec599674762.vcxproj]
Done Building Project "D:\Development\op3d_active\hdf-4.2.11\msvc\CMakeFiles\CMakeTmp\cmTryCompileExec599674762.vcxproj" (default targets) -- FAILED.

Build FAILED.

"D:\Development\op3d_active\hdf-4.2.11\msvc\CMakeFiles\CMakeTmp\cmTryCompileExec599674762.vcxproj" (default target) (1) ->
(Link target) -> 
  CheckFunctionExists.obj : error LNK2019: unresolved external symbol _asprintf referenced in function _main [D:\Development\op3d_active\hdf-4.2.11\msvc\CMakeFiles\CMakeTmp\cmTryCompileExec599674762.vcxproj]
  D:\Development\op3d_active\hdf-4.2.11\msvc\CMakeFiles\CMakeTmp\Debug\cmTryCompileExec599674762.exe : fatal error LNK1120: 1 unresolved externals [D:\Development\op3d_active\hdf-4.2.11\msvc\CMakeFiles\CMakeTmp\cmTryCompileExec599674762.vcxproj]

    0 Warning(s)
    2 Error(s)

Time Elapsed 00:00:00.69


Determining if the function vasprintf exists failed with the following output:
Change Dir: D:/Development/op3d_active/hdf-4.2.11/msvc/CMakeFiles/CMakeTmp

Run Build Command:C:\PROGRA~2\MSBuild\12.0\Bin\MSBuild.exe cmTryCompileExec2970903681.vcxproj /p:Configuration=Debug /p:VisualStudioVersion=12.0
Microsoft (R) Build Engine version 12.0.40629.0
[Microsoft .NET Framework, version 4.0.30319.42000]
Copyright (C) Microsoft Corporation. All rights reserved.

Build started 10/29/2015 9:01:21 PM.
Project "D:\Development\op3d_active\hdf-4.2.11\msvc\CMakeFiles\CMakeTmp\cmTryCompileExec2970903681.vcxproj" on node 1 (default targets).
PrepareForBuild:
  Creating directory "cmTryCompileExec2970903681.dir\Debug\".
  Creating directory "D:\Development\op3d_active\hdf-4.2.11\msvc\CMakeFiles\CMakeTmp\Debug\".
  Creating directory "cmTryCompileExec2970903681.dir\Debug\cmTryCom.22E98467.tlog\".
InitializeBuildStatus:
  Creating "cmTryCompileExec2970903681.dir\Debug\cmTryCom.22E98467.tlog\unsuccessfulbuild" because "AlwaysCreate" was specified.
ClCompile:
  C:\Program Files (x86)\Microsoft Visual Studio 12.0\VC\bin\CL.exe /c /Zi /W3 /WX- /Od /Ob0 /Oy- /D WIN32 /D _WINDOWS /D CHECK_FUNCTION_EXISTS=vasprintf /D WIN32_LEAN_AND_MEAN=1 /D NOGDI=1 /D _DEBUG /D "CMAKE_INTDIR=\"Debug\"" /D _MBCS /Gm- /RTC1 /MDd /GS /fp:precise /Zc:wchar_t /Zc:forScope /Fo"cmTryCompileExec2970903681.dir\Debug\\" /Fd"cmTryCompileExec2970903681.dir\Debug\vc120.pdb" /Gd /TC /analyze- /errorReport:queue "C:\Program Files (x86)\CMake 2.8\share\cmake-2.8\Modules\CheckFunctionExists.c"
  Microsoft (R) C/C++ Optimizing Compiler Version 18.00.40629 for x86
  Copyright (C) Microsoft Corporation.  All rights reserved.
  
  cl /c /Zi /W3 /WX- /Od /Ob0 /Oy- /D WIN32 /D _WINDOWS /D CHECK_FUNCTION_EXISTS=vasprintf /D WIN32_LEAN_AND_MEAN=1 /D NOGDI=1 /D _DEBUG /D "CMAKE_INTDIR=\"Debug\"" /D _MBCS /Gm- /RTC1 /MDd /GS /fp:precise /Zc:wchar_t /Zc:forScope /Fo"cmTryCompileExec2970903681.dir\Debug\\" /Fd"cmTryCompileExec2970903681.dir\Debug\vc120.pdb" /Gd /TC /analyze- /errorReport:queue "C:\Program Files (x86)\CMake 2.8\share\cmake-2.8\Modules\CheckFunctionExists.c"
  
  CheckFunctionExists.c
Link:
  C:\Program Files (x86)\Microsoft Visual Studio 12.0\VC\bin\link.exe /ERRORREPORT:QUEUE /OUT:"D:\Development\op3d_active\hdf-4.2.11\msvc\CMakeFiles\CMakeTmp\Debug\cmTryCompileExec2970903681.exe" /INCREMENTAL /NOLOGO kernel32.lib user32.lib gdi32.lib winspool.lib shell32.lib ole32.lib oleaut32.lib uuid.lib comdlg32.lib advapi32.lib ws2_32.lib wsock32.lib /MANIFEST /MANIFESTUAC:"level='asInvoker' uiAccess='false'" /manifest:embed /DEBUG /PDB:"D:/Development/op3d_active/hdf-4.2.11/msvc/CMakeFiles/CMakeTmp/Debug/cmTryCompileExec2970903681.pdb" /SUBSYSTEM:CONSOLE /TLBID:1 /DYNAMICBASE /NXCOMPAT /IMPLIB:"D:/Development/op3d_active/hdf-4.2.11/msvc/CMakeFiles/CMakeTmp/Debug/cmTryCompileExec2970903681.lib" /MACHINE:X86 /SAFESEH  /machine:X86 /debug cmTryCompileExec2970903681.dir\Debug\CheckFunctionExists.obj
CheckFunctionExists.obj : error LNK2019: unresolved external symbol _vasprintf referenced in function _main [D:\Development\op3d_active\hdf-4.2.11\msvc\CMakeFiles\CMakeTmp\cmTryCompileExec2970903681.vcxproj]
D:\Development\op3d_active\hdf-4.2.11\msvc\CMakeFiles\CMakeTmp\Debug\cmTryCompileExec2970903681.exe : fatal error LNK1120: 1 unresolved externals [D:\Development\op3d_active\hdf-4.2.11\msvc\CMakeFiles\CMakeTmp\cmTryCompileExec2970903681.vcxproj]
Done Building Project "D:\Development\op3d_active\hdf-4.2.11\msvc\CMakeFiles\CMakeTmp\cmTryCompileExec2970903681.vcxproj" (default targets) -- FAILED.

Build FAILED.

"D:\Development\op3d_active\hdf-4.2.11\msvc\CMakeFiles\CMakeTmp\cmTryCompileExec2970903681.vcxproj" (default target) (1) ->
(Link target) -> 
  CheckFunctionExists.obj : error LNK2019: unresolved external symbol _vasprintf referenced in function _main [D:\Development\op3d_active\hdf-4.2.11\msvc\CMakeFiles\CMakeTmp\cmTryCompileExec2970903681.vcxproj]
  D:\Development\op3d_active\hdf-4.2.11\msvc\CMakeFiles\CMakeTmp\Debug\cmTryCompileExec2970903681.exe : fatal error LNK1120: 1 unresolved externals [D:\Development\op3d_active\hdf-4.2.11\msvc\CMakeFiles\CMakeTmp\cmTryCompileExec2970903681.vcxproj]

    0 Warning(s)
    2 Error(s)

Time Elapsed 00:00:00.57


Determining if the function waitpid exists failed with the following output:
Change Dir: D:/Development/op3d_active/hdf-4.2.11/msvc/CMakeFiles/CMakeTmp

Run Build Command:C:\PROGRA~2\MSBuild\12.0\Bin\MSBuild.exe cmTryCompileExec2359129644.vcxproj /p:Configuration=Debug /p:VisualStudioVersion=12.0
Microsoft (R) Build Engine version 12.0.40629.0
[Microsoft .NET Framework, version 4.0.30319.42000]
Copyright (C) Microsoft Corporation. All rights reserved.

Build started 10/29/2015 9:01:21 PM.
Project "D:\Development\op3d_active\hdf-4.2.11\msvc\CMakeFiles\CMakeTmp\cmTryCompileExec2359129644.vcxproj" on node 1 (default targets).
PrepareForBuild:
  Creating directory "cmTryCompileExec2359129644.dir\Debug\".
  Creating directory "D:\Development\op3d_active\hdf-4.2.11\msvc\CMakeFiles\CMakeTmp\Debug\".
  Creating directory "cmTryCompileExec2359129644.dir\Debug\cmTryCom.568F45EE.tlog\".
InitializeBuildStatus:
  Creating "cmTryCompileExec2359129644.dir\Debug\cmTryCom.568F45EE.tlog\unsuccessfulbuild" because "AlwaysCreate" was specified.
ClCompile:
  C:\Program Files (x86)\Microsoft Visual Studio 12.0\VC\bin\CL.exe /c /Zi /W3 /WX- /Od /Ob0 /Oy- /D WIN32 /D _WINDOWS /D CHECK_FUNCTION_EXISTS=waitpid /D WIN32_LEAN_AND_MEAN=1 /D NOGDI=1 /D _DEBUG /D "CMAKE_INTDIR=\"Debug\"" /D _MBCS /Gm- /RTC1 /MDd /GS /fp:precise /Zc:wchar_t /Zc:forScope /Fo"cmTryCompileExec2359129644.dir\Debug\\" /Fd"cmTryCompileExec2359129644.dir\Debug\vc120.pdb" /Gd /TC /analyze- /errorReport:queue "C:\Program Files (x86)\CMake 2.8\share\cmake-2.8\Modules\CheckFunctionExists.c"
  Microsoft (R) C/C++ Optimizing Compiler Version 18.00.40629 for x86
  Copyright (C) Microsoft Corporation.  All rights reserved.
  
  cl /c /Zi /W3 /WX- /Od /Ob0 /Oy- /D WIN32 /D _WINDOWS /D CHECK_FUNCTION_EXISTS=waitpid /D WIN32_LEAN_AND_MEAN=1 /D NOGDI=1 /D _DEBUG /D "CMAKE_INTDIR=\"Debug\"" /D _MBCS /Gm- /RTC1 /MDd /GS /fp:precise /Zc:wchar_t /Zc:forScope /Fo"cmTryCompileExec2359129644.dir\Debug\\" /Fd"cmTryCompileExec2359129644.dir\Debug\vc120.pdb" /Gd /TC /analyze- /errorReport:queue "C:\Program Files (x86)\CMake 2.8\share\cmake-2.8\Modules\CheckFunctionExists.c"
  
  CheckFunctionExists.c
Link:
  C:\Program Files (x86)\Microsoft Visual Studio 12.0\VC\bin\link.exe /ERRORREPORT:QUEUE /OUT:"D:\Development\op3d_active\hdf-4.2.11\msvc\CMakeFiles\CMakeTmp\Debug\cmTryCompileExec2359129644.exe" /INCREMENTAL /NOLOGO kernel32.lib user32.lib gdi32.lib winspool.lib shell32.lib ole32.lib oleaut32.lib uuid.lib comdlg32.lib advapi32.lib ws2_32.lib wsock32.lib /MANIFEST /MANIFESTUAC:"level='asInvoker' uiAccess='false'" /manifest:embed /DEBUG /PDB:"D:/Development/op3d_active/hdf-4.2.11/msvc/CMakeFiles/CMakeTmp/Debug/cmTryCompileExec2359129644.pdb" /SUBSYSTEM:CONSOLE /TLBID:1 /DYNAMICBASE /NXCOMPAT /IMPLIB:"D:/Development/op3d_active/hdf-4.2.11/msvc/CMakeFiles/CMakeTmp/Debug/cmTryCompileExec2359129644.lib" /MACHINE:X86 /SAFESEH  /machine:X86 /debug cmTryCompileExec2359129644.dir\Debug\CheckFunctionExists.obj
CheckFunctionExists.obj : error LNK2019: unresolved external symbol _waitpid referenced in function _main [D:\Development\op3d_active\hdf-4.2.11\msvc\CMakeFiles\CMakeTmp\cmTryCompileExec2359129644.vcxproj]
D:\Development\op3d_active\hdf-4.2.11\msvc\CMakeFiles\CMakeTmp\Debug\cmTryCompileExec2359129644.exe : fatal error LNK1120: 1 unresolved externals [D:\Development\op3d_active\hdf-4.2.11\msvc\CMakeFiles\CMakeTmp\cmTryCompileExec2359129644.vcxproj]
Done Building Project "D:\Development\op3d_active\hdf-4.2.11\msvc\CMakeFiles\CMakeTmp\cmTryCompileExec2359129644.vcxproj" (default targets) -- FAILED.

Build FAILED.

"D:\Development\op3d_active\hdf-4.2.11\msvc\CMakeFiles\CMakeTmp\cmTryCompileExec2359129644.vcxproj" (default target) (1) ->
(Link target) -> 
  CheckFunctionExists.obj : error LNK2019: unresolved external symbol _waitpid referenced in function _main [D:\Development\op3d_active\hdf-4.2.11\msvc\CMakeFiles\CMakeTmp\cmTryCompileExec2359129644.vcxproj]
  D:\Development\op3d_active\hdf-4.2.11\msvc\CMakeFiles\CMakeTmp\Debug\cmTryCompileExec2359129644.exe : fatal error LNK1120: 1 unresolved externals [D:\Development\op3d_active\hdf-4.2.11\msvc\CMakeFiles\CMakeTmp\cmTryCompileExec2359129644.vcxproj]

    0 Warning(s)
    2 Error(s)

Time Elapsed 00:00:00.69


Determining if the sigsetjmp exist failed with the following output:
Change Dir: D:/Development/op3d_active/hdf-4.2.11/msvc/CMakeFiles/CMakeTmp

Run Build Command:C:\PROGRA~2\MSBuild\12.0\Bin\MSBuild.exe cmTryCompileExec13517274.vcxproj /p:Configuration=Debug /p:VisualStudioVersion=12.0
Microsoft (R) Build Engine version 12.0.40629.0
[Microsoft .NET Framework, version 4.0.30319.42000]
Copyright (C) Microsoft Corporation. All rights reserved.

Build started 10/29/2015 9:01:23 PM.
Project "D:\Development\op3d_active\hdf-4.2.11\msvc\CMakeFiles\CMakeTmp\cmTryCompileExec13517274.vcxproj" on node 1 (default targets).
PrepareForBuild:
  Creating directory "cmTryCompileExec13517274.dir\Debug\".
  Creating directory "D:\Development\op3d_active\hdf-4.2.11\msvc\CMakeFiles\CMakeTmp\Debug\".
  Creating directory "cmTryCompileExec13517274.dir\Debug\cmTryCom.FFC31D1F.tlog\".
InitializeBuildStatus:
  Creating "cmTryCompileExec13517274.dir\Debug\cmTryCom.FFC31D1F.tlog\unsuccessfulbuild" because "AlwaysCreate" was specified.
ClCompile:
  C:\Program Files (x86)\Microsoft Visual Studio 12.0\VC\bin\CL.exe /c /Zi /W3 /WX- /Od /Ob0 /Oy- /D WIN32 /D _WINDOWS /D WIN32_LEAN_AND_MEAN=1 /D NOGDI=1 /D _DEBUG /D "CMAKE_INTDIR=\"Debug\"" /D _MBCS /Gm- /RTC1 /MDd /GS /fp:precise /Zc:wchar_t /Zc:forScope /Fo"cmTryCompileExec13517274.dir\Debug\\" /Fd"cmTryCompileExec13517274.dir\Debug\vc120.pdb" /Gd /TC /analyze- /errorReport:queue CheckSymbolExists.c
  Microsoft (R) C/C++ Optimizing Compiler Version 18.00.40629 for x86
  Copyright (C) Microsoft Corporation.  All rights reserved.
  
  cl /c /Zi /W3 /WX- /Od /Ob0 /Oy- /D WIN32 /D _WINDOWS /D WIN32_LEAN_AND_MEAN=1 /D NOGDI=1 /D _DEBUG /D "CMAKE_INTDIR=\"Debug\"" /D _MBCS /Gm- /RTC1 /MDd /GS /fp:precise /Zc:wchar_t /Zc:forScope /Fo"cmTryCompileExec13517274.dir\Debug\\" /Fd"cmTryCompileExec13517274.dir\Debug\vc120.pdb" /Gd /TC /analyze- /errorReport:queue CheckSymbolExists.c
  
  CheckSymbolExists.c
CheckSymbolExists.c(8): error C2065: 'sigsetjmp' : undeclared identifier [D:\Development\op3d_active\hdf-4.2.11\msvc\CMakeFiles\CMakeTmp\cmTryCompileExec13517274.vcxproj]
Done Building Project "D:\Development\op3d_active\hdf-4.2.11\msvc\CMakeFiles\CMakeTmp\cmTryCompileExec13517274.vcxproj" (default targets) -- FAILED.

Build FAILED.

"D:\Development\op3d_active\hdf-4.2.11\msvc\CMakeFiles\CMakeTmp\cmTryCompileExec13517274.vcxproj" (default target) (1) ->
(ClCompile target) -> 
  CheckSymbolExists.c(8): error C2065: 'sigsetjmp' : undeclared identifier [D:\Development\op3d_active\hdf-4.2.11\msvc\CMakeFiles\CMakeTmp\cmTryCompileExec13517274.vcxproj]

    0 Warning(s)
    1 Error(s)

Time Elapsed 00:00:00.49

File D:/Development/op3d_active/hdf-4.2.11/msvc/CMakeFiles/CMakeTmp/CheckSymbolExists.c:
/* */
#include <setjmp.h>

int main(int argc, char** argv)
{
  (void)argv;
#ifndef sigsetjmp
  return ((int*)(&sigsetjmp))[argc];
#else
  (void)argc;
  return 0;
#endif
}

Performing CXX Test OLD_HEADER_FILENAME failed with the following output:
Change Dir: D:/Development/op3d_active/hdf-4.2.11/msvc/CMakeFiles/CMakeTmp

Run Build Command:C:\PROGRA~2\MSBuild\12.0\Bin\MSBuild.exe cmTryCompileExec3493287330.vcxproj /p:Configuration=Debug /p:VisualStudioVersion=12.0
Microsoft (R) Build Engine version 12.0.40629.0
[Microsoft .NET Framework, version 4.0.30319.42000]
Copyright (C) Microsoft Corporation. All rights reserved.

Build started 10/29/2015 9:01:25 PM.
Project "D:\Development\op3d_active\hdf-4.2.11\msvc\CMakeFiles\CMakeTmp\cmTryCompileExec3493287330.vcxproj" on node 1 (default targets).
PrepareForBuild:
  Creating directory "cmTryCompileExec3493287330.dir\Debug\".
  Creating directory "D:\Development\op3d_active\hdf-4.2.11\msvc\CMakeFiles\CMakeTmp\Debug\".
  Creating directory "cmTryCompileExec3493287330.dir\Debug\cmTryCom.83053835.tlog\".
InitializeBuildStatus:
  Creating "cmTryCompileExec3493287330.dir\Debug\cmTryCom.83053835.tlog\unsuccessfulbuild" because "AlwaysCreate" was specified.
ClCompile:
  C:\Program Files (x86)\Microsoft Visual Studio 12.0\VC\bin\CL.exe /c /Zi /W3 /WX- /Od /Ob0 /Oy- /D WIN32 /D _WINDOWS /D OLD_HEADER_FILENAME /D WIN32_LEAN_AND_MEAN=1 /D NOGDI=1 /D HAVE_SYS_TYPES_H /D _DEBUG /D "CMAKE_INTDIR=\"Debug\"" /D _MBCS /Gm- /EHsc /RTC1 /MDd /GS /fp:precise /Zc:wchar_t /Zc:forScope /GR /Fo"cmTryCompileExec3493287330.dir\Debug\\" /Fd"cmTryCompileExec3493287330.dir\Debug\vc120.pdb" /Gd /TP /analyze- /errorReport:queue "D:\Development\op3d_active\hdf-4.2.11\config\cmake_ext_mod\HDFCXXTests.cpp"
  Microsoft (R) C/C++ Optimizing Compiler Version 18.00.40629 for x86
  Copyright (C) Microsoft Corporation.  All rights reserved.
  
  cl /c /Zi /W3 /WX- /Od /Ob0 /Oy- /D WIN32 /D _WINDOWS /D OLD_HEADER_FILENAME /D WIN32_LEAN_AND_MEAN=1 /D NOGDI=1 /D HAVE_SYS_TYPES_H /D _DEBUG /D "CMAKE_INTDIR=\"Debug\"" /D _MBCS /Gm- /EHsc /RTC1 /MDd /GS /fp:precise /Zc:wchar_t /Zc:forScope /GR /Fo"cmTryCompileExec3493287330.dir\Debug\\" /Fd"cmTryCompileExec3493287330.dir\Debug\vc120.pdb" /Gd /TP /analyze- /errorReport:queue "D:\Development\op3d_active\hdf-4.2.11\config\cmake_ext_mod\HDFCXXTests.cpp"
  
  HDFCXXTests.cpp
Link:
  C:\Program Files (x86)\Microsoft Visual Studio 12.0\VC\bin\link.exe /ERRORREPORT:QUEUE /OUT:"D:\Development\op3d_active\hdf-4.2.11\msvc\CMakeFiles\CMakeTmp\Debug\cmTryCompileExec3493287330.exe" /INCREMENTAL /NOLOGO kernel32.lib user32.lib gdi32.lib winspool.lib shell32.lib ole32.lib oleaut32.lib uuid.lib comdlg32.lib advapi32.lib ws2_32.lib wsock32.lib /MANIFEST /MANIFESTUAC:"level='asInvoker' uiAccess='false'" /manifest:embed /DEBUG /PDB:"D:/Development/op3d_active/hdf-4.2.11/msvc/CMakeFiles/CMakeTmp/Debug/cmTryCompileExec3493287330.pdb" /SUBSYSTEM:CONSOLE /TLBID:1 /DYNAMICBASE /NXCOMPAT /IMPLIB:"D:/Development/op3d_active/hdf-4.2.11/msvc/CMakeFiles/CMakeTmp/Debug/cmTryCompileExec3493287330.lib" /MACHINE:X86 /SAFESEH  /machine:X86 /debug cmTryCompileExec3493287330.dir\Debug\HDFCXXTests.obj
  cmTryCompileExec3493287330.vcxproj -> D:\Development\op3d_active\hdf-4.2.11\msvc\CMakeFiles\CMakeTmp\Debug\cmTryCompileExec3493287330.exe
FinalizeBuildStatus:
  Deleting file "cmTryCompileExec3493287330.dir\Debug\cmTryCom.83053835.tlog\unsuccessfulbuild".
  Touching "cmTryCompileExec3493287330.dir\Debug\cmTryCom.83053835.tlog\cmTryCompileExec3493287330.lastbuildstate".
Done Building Project "D:\Development\op3d_active\hdf-4.2.11\msvc\CMakeFiles\CMakeTmp\cmTryCompileExec3493287330.vcxproj" (default targets).

Build succeeded.
    0 Warning(s)
    0 Error(s)

Time Elapsed 00:00:01.38

Performing CXX Test H4_NO_NAMESPACE failed with the following output:
Change Dir: D:/Development/op3d_active/hdf-4.2.11/msvc/CMakeFiles/CMakeTmp

Run Build Command:C:\PROGRA~2\MSBuild\12.0\Bin\MSBuild.exe cmTryCompileExec3746702276.vcxproj /p:Configuration=Debug /p:VisualStudioVersion=12.0
Microsoft (R) Build Engine version 12.0.40629.0
[Microsoft .NET Framework, version 4.0.30319.42000]
Copyright (C) Microsoft Corporation. All rights reserved.

Build started 10/29/2015 9:01:27 PM.
Project "D:\Development\op3d_active\hdf-4.2.11\msvc\CMakeFiles\CMakeTmp\cmTryCompileExec3746702276.vcxproj" on node 1 (default targets).
PrepareForBuild:
  Creating directory "cmTryCompileExec3746702276.dir\Debug\".
  Creating directory "D:\Development\op3d_active\hdf-4.2.11\msvc\CMakeFiles\CMakeTmp\Debug\".
  Creating directory "cmTryCompileExec3746702276.dir\Debug\cmTryCom.A9028F4C.tlog\".
InitializeBuildStatus:
  Creating "cmTryCompileExec3746702276.dir\Debug\cmTryCom.A9028F4C.tlog\unsuccessfulbuild" because "AlwaysCreate" was specified.
ClCompile:
  C:\Program Files (x86)\Microsoft Visual Studio 12.0\VC\bin\CL.exe /c /Zi /W3 /WX- /Od /Ob0 /Oy- /D WIN32 /D _WINDOWS /D H4_NO_NAMESPACE /D WIN32_LEAN_AND_MEAN=1 /D NOGDI=1 /D HAVE_SYS_TYPES_H /D _DEBUG /D "CMAKE_INTDIR=\"Debug\"" /D _MBCS /Gm- /EHsc /RTC1 /MDd /GS /fp:precise /Zc:wchar_t /Zc:forScope /GR /Fo"cmTryCompileExec3746702276.dir\Debug\\" /Fd"cmTryCompileExec3746702276.dir\Debug\vc120.pdb" /Gd /TP /analyze- /errorReport:queue "D:\Development\op3d_active\hdf-4.2.11\config\cmake_ext_mod\HDFCXXTests.cpp"
  Microsoft (R) C/C++ Optimizing Compiler Version 18.00.40629 for x86
  Copyright (C) Microsoft Corporation.  All rights reserved.
  
  cl /c /Zi /W3 /WX- /Od /Ob0 /Oy- /D WIN32 /D _WINDOWS /D H4_NO_NAMESPACE /D WIN32_LEAN_AND_MEAN=1 /D NOGDI=1 /D HAVE_SYS_TYPES_H /D _DEBUG /D "CMAKE_INTDIR=\"Debug\"" /D _MBCS /Gm- /EHsc /RTC1 /MDd /GS /fp:precise /Zc:wchar_t /Zc:forScope /GR /Fo"cmTryCompileExec3746702276.dir\Debug\\" /Fd"cmTryCompileExec3746702276.dir\Debug\vc120.pdb" /Gd /TP /analyze- /errorReport:queue "D:\Development\op3d_active\hdf-4.2.11\config\cmake_ext_mod\HDFCXXTests.cpp"
  
  HDFCXXTests.cpp
Link:
  C:\Program Files (x86)\Microsoft Visual Studio 12.0\VC\bin\link.exe /ERRORREPORT:QUEUE /OUT:"D:\Development\op3d_active\hdf-4.2.11\msvc\CMakeFiles\CMakeTmp\Debug\cmTryCompileExec3746702276.exe" /INCREMENTAL /NOLOGO kernel32.lib user32.lib gdi32.lib winspool.lib shell32.lib ole32.lib oleaut32.lib uuid.lib comdlg32.lib advapi32.lib ws2_32.lib wsock32.lib /MANIFEST /MANIFESTUAC:"level='asInvoker' uiAccess='false'" /manifest:embed /DEBUG /PDB:"D:/Development/op3d_active/hdf-4.2.11/msvc/CMakeFiles/CMakeTmp/Debug/cmTryCompileExec3746702276.pdb" /SUBSYSTEM:CONSOLE /TLBID:1 /DYNAMICBASE /NXCOMPAT /IMPLIB:"D:/Development/op3d_active/hdf-4.2.11/msvc/CMakeFiles/CMakeTmp/Debug/cmTryCompileExec3746702276.lib" /MACHINE:X86 /SAFESEH  /machine:X86 /debug cmTryCompileExec3746702276.dir\Debug\HDFCXXTests.obj
MSVCRTD.lib(crtexe.obj) : error LNK2019: unresolved external symbol _main referenced in function ___tmainCRTStartup [D:\Development\op3d_active\hdf-4.2.11\msvc\CMakeFiles\CMakeTmp\cmTryCompileExec3746702276.vcxproj]
D:\Development\op3d_active\hdf-4.2.11\msvc\CMakeFiles\CMakeTmp\Debug\cmTryCompileExec3746702276.exe : fatal error LNK1120: 1 unresolved externals [D:\Development\op3d_active\hdf-4.2.11\msvc\CMakeFiles\CMakeTmp\cmTryCompileExec3746702276.vcxproj]
Done Building Project "D:\Development\op3d_active\hdf-4.2.11\msvc\CMakeFiles\CMakeTmp\cmTryCompileExec3746702276.vcxproj" (default targets) -- FAILED.

Build FAILED.

"D:\Development\op3d_active\hdf-4.2.11\msvc\CMakeFiles\CMakeTmp\cmTryCompileExec3746702276.vcxproj" (default target) (1) ->
(Link target) -> 
  MSVCRTD.lib(crtexe.obj) : error LNK2019: unresolved external symbol _main referenced in function ___tmainCRTStartup [D:\Development\op3d_active\hdf-4.2.11\msvc\CMakeFiles\CMakeTmp\cmTryCompileExec3746702276.vcxproj]
  D:\Development\op3d_active\hdf-4.2.11\msvc\CMakeFiles\CMakeTmp\Debug\cmTryCompileExec3746702276.exe : fatal error LNK1120: 1 unresolved externals [D:\Development\op3d_active\hdf-4.2.11\msvc\CMakeFiles\CMakeTmp\cmTryCompileExec3746702276.vcxproj]

    0 Warning(s)
    2 Error(s)

Time Elapsed 00:00:00.72

Performing CXX Test H4_NO_STD failed with the following output:
Change Dir: D:/Development/op3d_active/hdf-4.2.11/msvc/CMakeFiles/CMakeTmp

Run Build Command:C:\PROGRA~2\MSBuild\12.0\Bin\MSBuild.exe cmTryCompileExec774527071.vcxproj /p:Configuration=Debug /p:VisualStudioVersion=12.0
Microsoft (R) Build Engine version 12.0.40629.0
[Microsoft .NET Framework, version 4.0.30319.42000]
Copyright (C) Microsoft Corporation. All rights reserved.

Build started 10/29/2015 9:01:28 PM.
Project "D:\Development\op3d_active\hdf-4.2.11\msvc\CMakeFiles\CMakeTmp\cmTryCompileExec774527071.vcxproj" on node 1 (default targets).
PrepareForBuild:
  Creating directory "cmTryCompileExec774527071.dir\Debug\".
  Creating directory "D:\Development\op3d_active\hdf-4.2.11\msvc\CMakeFiles\CMakeTmp\Debug\".
  Creating directory "cmTryCompileExec774527071.dir\Debug\cmTryCom.61B73B99.tlog\".
InitializeBuildStatus:
  Creating "cmTryCompileExec774527071.dir\Debug\cmTryCom.61B73B99.tlog\unsuccessfulbuild" because "AlwaysCreate" was specified.
ClCompile:
  C:\Program Files (x86)\Microsoft Visual Studio 12.0\VC\bin\CL.exe /c /Zi /W3 /WX- /Od /Ob0 /Oy- /D WIN32 /D _WINDOWS /D H4_NO_STD /D WIN32_LEAN_AND_MEAN=1 /D NOGDI=1 /D HAVE_SYS_TYPES_H /D _DEBUG /D "CMAKE_INTDIR=\"Debug\"" /D _MBCS /Gm- /EHsc /RTC1 /MDd /GS /fp:precise /Zc:wchar_t /Zc:forScope /GR /Fo"cmTryCompileExec774527071.dir\Debug\\" /Fd"cmTryCompileExec774527071.dir\Debug\vc120.pdb" /Gd /TP /analyze- /errorReport:queue "D:\Development\op3d_active\hdf-4.2.11\config\cmake_ext_mod\HDFCXXTests.cpp"
  Microsoft (R) C/C++ Optimizing Compiler Version 18.00.40629 for x86
  Copyright (C) Microsoft Corporation.  All rights reserved.
  
  cl /c /Zi /W3 /WX- /Od /Ob0 /Oy- /D WIN32 /D _WINDOWS /D H4_NO_STD /D WIN32_LEAN_AND_MEAN=1 /D NOGDI=1 /D HAVE_SYS_TYPES_H /D _DEBUG /D "CMAKE_INTDIR=\"Debug\"" /D _MBCS /Gm- /EHsc /RTC1 /MDd /GS /fp:precise /Zc:wchar_t /Zc:forScope /GR /Fo"cmTryCompileExec774527071.dir\Debug\\" /Fd"cmTryCompileExec774527071.dir\Debug\vc120.pdb" /Gd /TP /analyze- /errorReport:queue "D:\Development\op3d_active\hdf-4.2.11\config\cmake_ext_mod\HDFCXXTests.cpp"
  
  HDFCXXTests.cpp
Link:
  C:\Program Files (x86)\Microsoft Visual Studio 12.0\VC\bin\link.exe /ERRORREPORT:QUEUE /OUT:"D:\Development\op3d_active\hdf-4.2.11\msvc\CMakeFiles\CMakeTmp\Debug\cmTryCompileExec774527071.exe" /INCREMENTAL /NOLOGO kernel32.lib user32.lib gdi32.lib winspool.lib shell32.lib ole32.lib oleaut32.lib uuid.lib comdlg32.lib advapi32.lib ws2_32.lib wsock32.lib /MANIFEST /MANIFESTUAC:"level='asInvoker' uiAccess='false'" /manifest:embed /DEBUG /PDB:"D:/Development/op3d_active/hdf-4.2.11/msvc/CMakeFiles/CMakeTmp/Debug/cmTryCompileExec774527071.pdb" /SUBSYSTEM:CONSOLE /TLBID:1 /DYNAMICBASE /NXCOMPAT /IMPLIB:"D:/Development/op3d_active/hdf-4.2.11/msvc/CMakeFiles/CMakeTmp/Debug/cmTryCompileExec774527071.lib" /MACHINE:X86 /SAFESEH  /machine:X86 /debug cmTryCompileExec774527071.dir\Debug\HDFCXXTests.obj
MSVCRTD.lib(crtexe.obj) : error LNK2019: unresolved external symbol _main referenced in function ___tmainCRTStartup [D:\Development\op3d_active\hdf-4.2.11\msvc\CMakeFiles\CMakeTmp\cmTryCompileExec774527071.vcxproj]
D:\Development\op3d_active\hdf-4.2.11\msvc\CMakeFiles\CMakeTmp\Debug\cmTryCompileExec774527071.exe : fatal error LNK1120: 1 unresolved externals [D:\Development\op3d_active\hdf-4.2.11\msvc\CMakeFiles\CMakeTmp\cmTryCompileExec774527071.vcxproj]
Done Building Project "D:\Development\op3d_active\hdf-4.2.11\msvc\CMakeFiles\CMakeTmp\cmTryCompileExec774527071.vcxproj" (default targets) -- FAILED.

Build FAILED.

"D:\Development\op3d_active\hdf-4.2.11\msvc\CMakeFiles\CMakeTmp\cmTryCompileExec774527071.vcxproj" (default target) (1) ->
(Link target) -> 
  MSVCRTD.lib(crtexe.obj) : error LNK2019: unresolved external symbol _main referenced in function ___tmainCRTStartup [D:\Development\op3d_active\hdf-4.2.11\msvc\CMakeFiles\CMakeTmp\cmTryCompileExec774527071.vcxproj]
  D:\Development\op3d_active\hdf-4.2.11\msvc\CMakeFiles\CMakeTmp\Debug\cmTryCompileExec774527071.exe : fatal error LNK1120: 1 unresolved externals [D:\Development\op3d_active\hdf-4.2.11\msvc\CMakeFiles\CMakeTmp\cmTryCompileExec774527071.vcxproj]

    0 Warning(s)
    2 Error(s)

Time Elapsed 00:00:00.70

Performing CXX Test BOOL_NOTDEFINED failed with the following output:
Change Dir: D:/Development/op3d_active/hdf-4.2.11/msvc/CMakeFiles/CMakeTmp

Run Build Command:C:\PROGRA~2\MSBuild\12.0\Bin\MSBuild.exe cmTryCompileExec3955196521.vcxproj /p:Configuration=Debug /p:VisualStudioVersion=12.0
Microsoft (R) Build Engine version 12.0.40629.0
[Microsoft .NET Framework, version 4.0.30319.42000]
Copyright (C) Microsoft Corporation. All rights reserved.

Build started 10/29/2015 9:01:28 PM.
Project "D:\Development\op3d_active\hdf-4.2.11\msvc\CMakeFiles\CMakeTmp\cmTryCompileExec3955196521.vcxproj" on node 1 (default targets).
PrepareForBuild:
  Creating directory "cmTryCompileExec3955196521.dir\Debug\".
  Creating directory "D:\Development\op3d_active\hdf-4.2.11\msvc\CMakeFiles\CMakeTmp\Debug\".
  Creating directory "cmTryCompileExec3955196521.dir\Debug\cmTryCom.92A039B0.tlog\".
InitializeBuildStatus:
  Creating "cmTryCompileExec3955196521.dir\Debug\cmTryCom.92A039B0.tlog\unsuccessfulbuild" because "AlwaysCreate" was specified.
ClCompile:
  C:\Program Files (x86)\Microsoft Visual Studio 12.0\VC\bin\CL.exe /c /Zi /W3 /WX- /Od /Ob0 /Oy- /D WIN32 /D _WINDOWS /D BOOL_NOTDEFINED /D WIN32_LEAN_AND_MEAN=1 /D NOGDI=1 /D HAVE_SYS_TYPES_H /D _DEBUG /D "CMAKE_INTDIR=\"Debug\"" /D _MBCS /Gm- /EHsc /RTC1 /MDd /GS /fp:precise /Zc:wchar_t /Zc:forScope /GR /Fo"cmTryCompileExec3955196521.dir\Debug\\" /Fd"cmTryCompileExec3955196521.dir\Debug\vc120.pdb" /Gd /TP /analyze- /errorReport:queue "D:\Development\op3d_active\hdf-4.2.11\config\cmake_ext_mod\HDFCXXTests.cpp"
  Microsoft (R) C/C++ Optimizing Compiler Version 18.00.40629 for x86
  Copyright (C) Microsoft Corporation.  All rights reserved.
  
  cl /c /Zi /W3 /WX- /Od /Ob0 /Oy- /D WIN32 /D _WINDOWS /D BOOL_NOTDEFINED /D WIN32_LEAN_AND_MEAN=1 /D NOGDI=1 /D HAVE_SYS_TYPES_H /D _DEBUG /D "CMAKE_INTDIR=\"Debug\"" /D _MBCS /Gm- /EHsc /RTC1 /MDd /GS /fp:precise /Zc:wchar_t /Zc:forScope /GR /Fo"cmTryCompileExec3955196521.dir\Debug\\" /Fd"cmTryCompileExec3955196521.dir\Debug\vc120.pdb" /Gd /TP /analyze- /errorReport:queue "D:\Development\op3d_active\hdf-4.2.11\config\cmake_ext_mod\HDFCXXTests.cpp"
  
  HDFCXXTests.cpp
D:\Development\op3d_active\hdf-4.2.11\config\cmake_ext_mod\HDFCXXTests.cpp(40): warning C4101: 'flag' : unreferenced local variable [D:\Development\op3d_active\hdf-4.2.11\msvc\CMakeFiles\CMakeTmp\cmTryCompileExec3955196521.vcxproj]
Link:
  C:\Program Files (x86)\Microsoft Visual Studio 12.0\VC\bin\link.exe /ERRORREPORT:QUEUE /OUT:"D:\Development\op3d_active\hdf-4.2.11\msvc\CMakeFiles\CMakeTmp\Debug\cmTryCompileExec3955196521.exe" /INCREMENTAL /NOLOGO kernel32.lib user32.lib gdi32.lib winspool.lib shell32.lib ole32.lib oleaut32.lib uuid.lib comdlg32.lib advapi32.lib ws2_32.lib wsock32.lib /MANIFEST /MANIFESTUAC:"level='asInvoker' uiAccess='false'" /manifest:embed /DEBUG /PDB:"D:/Development/op3d_active/hdf-4.2.11/msvc/CMakeFiles/CMakeTmp/Debug/cmTryCompileExec3955196521.pdb" /SUBSYSTEM:CONSOLE /TLBID:1 /DYNAMICBASE /NXCOMPAT /IMPLIB:"D:/Development/op3d_active/hdf-4.2.11/msvc/CMakeFiles/CMakeTmp/Debug/cmTryCompileExec3955196521.lib" /MACHINE:X86 /SAFESEH  /machine:X86 /debug cmTryCompileExec3955196521.dir\Debug\HDFCXXTests.obj
  cmTryCompileExec3955196521.vcxproj -> D:\Development\op3d_active\hdf-4.2.11\msvc\CMakeFiles\CMakeTmp\Debug\cmTryCompileExec3955196521.exe
FinalizeBuildStatus:
  Deleting file "cmTryCompileExec3955196521.dir\Debug\cmTryCom.92A039B0.tlog\unsuccessfulbuild".
  Touching "cmTryCompileExec3955196521.dir\Debug\cmTryCom.92A039B0.tlog\cmTryCompileExec3955196521.lastbuildstate".
Done Building Project "D:\Development\op3d_active\hdf-4.2.11\msvc\CMakeFiles\CMakeTmp\cmTryCompileExec3955196521.vcxproj" (default targets).

Build succeeded.

"D:\Development\op3d_active\hdf-4.2.11\msvc\CMakeFiles\CMakeTmp\cmTryCompileExec3955196521.vcxproj" (default target) (1) ->
(ClCompile target) -> 
  D:\Development\op3d_active\hdf-4.2.11\config\cmake_ext_mod\HDFCXXTests.cpp(40): warning C4101: 'flag' : unreferenced local variable [D:\Development\op3d_active\hdf-4.2.11\msvc\CMakeFiles\CMakeTmp\cmTryCompileExec3955196521.vcxproj]

    1 Warning(s)
    0 Error(s)

Time Elapsed 00:00:00.83

Performing CXX Test NO_STATIC_CAST failed with the following output:
Change Dir: D:/Development/op3d_active/hdf-4.2.11/msvc/CMakeFiles/CMakeTmp

Run Build Command:C:\PROGRA~2\MSBuild\12.0\Bin\MSBuild.exe cmTryCompileExec87949712.vcxproj /p:Configuration=Debug /p:VisualStudioVersion=12.0
Microsoft (R) Build Engine version 12.0.40629.0
[Microsoft .NET Framework, version 4.0.30319.42000]
Copyright (C) Microsoft Corporation. All rights reserved.

Build started 10/29/2015 9:01:30 PM.
Project "D:\Development\op3d_active\hdf-4.2.11\msvc\CMakeFiles\CMakeTmp\cmTryCompileExec87949712.vcxproj" on node 1 (default targets).
PrepareForBuild:
  Creating directory "cmTryCompileExec87949712.dir\Debug\".
  Creating directory "D:\Development\op3d_active\hdf-4.2.11\msvc\CMakeFiles\CMakeTmp\Debug\".
  Creating directory "cmTryCompileExec87949712.dir\Debug\cmTryCom.52858BBD.tlog\".
InitializeBuildStatus:
  Creating "cmTryCompileExec87949712.dir\Debug\cmTryCom.52858BBD.tlog\unsuccessfulbuild" because "AlwaysCreate" was specified.
ClCompile:
  C:\Program Files (x86)\Microsoft Visual Studio 12.0\VC\bin\CL.exe /c /Zi /W3 /WX- /Od /Ob0 /Oy- /D WIN32 /D _WINDOWS /D NO_STATIC_CAST /D WIN32_LEAN_AND_MEAN=1 /D NOGDI=1 /D HAVE_SYS_TYPES_H /D _DEBUG /D "CMAKE_INTDIR=\"Debug\"" /D _MBCS /Gm- /EHsc /RTC1 /MDd /GS /fp:precise /Zc:wchar_t /Zc:forScope /GR /Fo"cmTryCompileExec87949712.dir\Debug\\" /Fd"cmTryCompileExec87949712.dir\Debug\vc120.pdb" /Gd /TP /analyze- /errorReport:queue "D:\Development\op3d_active\hdf-4.2.11\config\cmake_ext_mod\HDFCXXTests.cpp"
  Microsoft (R) C/C++ Optimizing Compiler Version 18.00.40629 for x86
  Copyright (C) Microsoft Corporation.  All rights reserved.
  
  cl /c /Zi /W3 /WX- /Od /Ob0 /Oy- /D WIN32 /D _WINDOWS /D NO_STATIC_CAST /D WIN32_LEAN_AND_MEAN=1 /D NOGDI=1 /D HAVE_SYS_TYPES_H /D _DEBUG /D "CMAKE_INTDIR=\"Debug\"" /D _MBCS /Gm- /EHsc /RTC1 /MDd /GS /fp:precise /Zc:wchar_t /Zc:forScope /GR /Fo"cmTryCompileExec87949712.dir\Debug\\" /Fd"cmTryCompileExec87949712.dir\Debug\vc120.pdb" /Gd /TP /analyze- /errorReport:queue "D:\Development\op3d_active\hdf-4.2.11\config\cmake_ext_mod\HDFCXXTests.cpp"
  
  HDFCXXTests.cpp
Link:
  C:\Program Files (x86)\Microsoft Visual Studio 12.0\VC\bin\link.exe /ERRORREPORT:QUEUE /OUT:"D:\Development\op3d_active\hdf-4.2.11\msvc\CMakeFiles\CMakeTmp\Debug\cmTryCompileExec87949712.exe" /INCREMENTAL /NOLOGO kernel32.lib user32.lib gdi32.lib winspool.lib shell32.lib ole32.lib oleaut32.lib uuid.lib comdlg32.lib advapi32.lib ws2_32.lib wsock32.lib /MANIFEST /MANIFESTUAC:"level='asInvoker' uiAccess='false'" /manifest:embed /DEBUG /PDB:"D:/Development/op3d_active/hdf-4.2.11/msvc/CMakeFiles/CMakeTmp/Debug/cmTryCompileExec87949712.pdb" /SUBSYSTEM:CONSOLE /TLBID:1 /DYNAMICBASE /NXCOMPAT /IMPLIB:"D:/Development/op3d_active/hdf-4.2.11/msvc/CMakeFiles/CMakeTmp/Debug/cmTryCompileExec87949712.lib" /MACHINE:X86 /SAFESEH  /machine:X86 /debug cmTryCompileExec87949712.dir\Debug\HDFCXXTests.obj
  cmTryCompileExec87949712.vcxproj -> D:\Development\op3d_active\hdf-4.2.11\msvc\CMakeFiles\CMakeTmp\Debug\cmTryCompileExec87949712.exe
FinalizeBuildStatus:
  Deleting file "cmTryCompileExec87949712.dir\Debug\cmTryCom.52858BBD.tlog\unsuccessfulbuild".
  Touching "cmTryCompileExec87949712.dir\Debug\cmTryCom.52858BBD.tlog\cmTryCompileExec87949712.lastbuildstate".
Done Building Project "D:\Development\op3d_active\hdf-4.2.11\msvc\CMakeFiles\CMakeTmp\cmTryCompileExec87949712.vcxproj" (default targets).

Build succeeded.
    0 Warning(s)
    0 Error(s)

Time Elapsed 00:00:00.83

Performing Other Test INLINE_TEST_inline failed with the following output:
Change Dir: D:/Development/op3d_active/hdf-4.2.11/msvc/CMakeFiles/CMakeTmp

Run Build Command:C:\PROGRA~2\MSBuild\12.0\Bin\MSBuild.exe cmTryCompileExec4214037379.vcxproj /p:Configuration=Debug /p:VisualStudioVersion=12.0
Microsoft (R) Build Engine version 12.0.40629.0
[Microsoft .NET Framework, version 4.0.30319.42000]
Copyright (C) Microsoft Corporation. All rights reserved.

Build started 10/29/2015 9:01:32 PM.
Project "D:\Development\op3d_active\hdf-4.2.11\msvc\CMakeFiles\CMakeTmp\cmTryCompileExec4214037379.vcxproj" on node 1 (default targets).
PrepareForBuild:
  Creating directory "cmTryCompileExec4214037379.dir\Debug\".
  Creating directory "D:\Development\op3d_active\hdf-4.2.11\msvc\CMakeFiles\CMakeTmp\Debug\".
  Creating directory "cmTryCompileExec4214037379.dir\Debug\cmTryCom.D4AD1F20.tlog\".
InitializeBuildStatus:
  Creating "cmTryCompileExec4214037379.dir\Debug\cmTryCom.D4AD1F20.tlog\unsuccessfulbuild" because "AlwaysCreate" was specified.
ClCompile:
  C:\Program Files (x86)\Microsoft Visual Studio 12.0\VC\bin\CL.exe /c /Zi /W3 /WX- /Od /Ob0 /Oy- /D WIN32 /D _WINDOWS /D INLINE_TEST_inline /D WIN32_LEAN_AND_MEAN=1 /D NOGDI=1 /D INLINE_TEST_INLINE=inline /D HAVE_SYS_TYPES_H /D _DEBUG /D "CMAKE_INTDIR=\"Debug\"" /D _MBCS /Gm- /RTC1 /MDd /GS /fp:precise /Zc:wchar_t /Zc:forScope /Fo"cmTryCompileExec4214037379.dir\Debug\\" /Fd"cmTryCompileExec4214037379.dir\Debug\vc120.pdb" /Gd /TC /analyze- /errorReport:queue "D:\Development\op3d_active\hdf-4.2.11\config\cmake_ext_mod\HDFTests.c"
  Microsoft (R) C/C++ Optimizing Compiler Version 18.00.40629 for x86
  Copyright (C) Microsoft Corporation.  All rights reserved.
  
  cl /c /Zi /W3 /WX- /Od /Ob0 /Oy- /D WIN32 /D _WINDOWS /D INLINE_TEST_inline /D WIN32_LEAN_AND_MEAN=1 /D NOGDI=1 /D INLINE_TEST_INLINE=inline /D HAVE_SYS_TYPES_H /D _DEBUG /D "CMAKE_INTDIR=\"Debug\"" /D _MBCS /Gm- /RTC1 /MDd /GS /fp:precise /Zc:wchar_t /Zc:forScope /Fo"cmTryCompileExec4214037379.dir\Debug\\" /Fd"cmTryCompileExec4214037379.dir\Debug\vc120.pdb" /Gd /TC /analyze- /errorReport:queue "D:\Development\op3d_active\hdf-4.2.11\config\cmake_ext_mod\HDFTests.c"
  
  HDFTests.c
D:\Development\op3d_active\hdf-4.2.11\config\cmake_ext_mod\HDFTests.c(453): error C2054: expected '(' to follow 'inline' [D:\Development\op3d_active\hdf-4.2.11\msvc\CMakeFiles\CMakeTmp\cmTryCompileExec4214037379.vcxproj]
D:\Development\op3d_active\hdf-4.2.11\config\cmake_ext_mod\HDFTests.c(453): error C2085: 'static_foo' : not in formal parameter list [D:\Development\op3d_active\hdf-4.2.11\msvc\CMakeFiles\CMakeTmp\cmTryCompileExec4214037379.vcxproj]
D:\Development\op3d_active\hdf-4.2.11\config\cmake_ext_mod\HDFTests.c(453): error C2143: syntax error : missing ';' before '{' [D:\Development\op3d_active\hdf-4.2.11\msvc\CMakeFiles\CMakeTmp\cmTryCompileExec4214037379.vcxproj]
D:\Development\op3d_active\hdf-4.2.11\config\cmake_ext_mod\HDFTests.c(454): error C2054: expected '(' to follow 'inline' [D:\Development\op3d_active\hdf-4.2.11\msvc\CMakeFiles\CMakeTmp\cmTryCompileExec4214037379.vcxproj]
D:\Development\op3d_active\hdf-4.2.11\config\cmake_ext_mod\HDFTests.c(454): error C2085: 'foo' : not in formal parameter list [D:\Development\op3d_active\hdf-4.2.11\msvc\CMakeFiles\CMakeTmp\cmTryCompileExec4214037379.vcxproj]
D:\Development\op3d_active\hdf-4.2.11\config\cmake_ext_mod\HDFTests.c(454): error C2143: syntax error : missing ';' before '{' [D:\Development\op3d_active\hdf-4.2.11\msvc\CMakeFiles\CMakeTmp\cmTryCompileExec4214037379.vcxproj]
Done Building Project "D:\Development\op3d_active\hdf-4.2.11\msvc\CMakeFiles\CMakeTmp\cmTryCompileExec4214037379.vcxproj" (default targets) -- FAILED.

Build FAILED.

"D:\Development\op3d_active\hdf-4.2.11\msvc\CMakeFiles\CMakeTmp\cmTryCompileExec4214037379.vcxproj" (default target) (1) ->
(ClCompile target) -> 
  D:\Development\op3d_active\hdf-4.2.11\config\cmake_ext_mod\HDFTests.c(453): error C2054: expected '(' to follow 'inline' [D:\Development\op3d_active\hdf-4.2.11\msvc\CMakeFiles\CMakeTmp\cmTryCompileExec4214037379.vcxproj]
  D:\Development\op3d_active\hdf-4.2.11\config\cmake_ext_mod\HDFTests.c(453): error C2085: 'static_foo' : not in formal parameter list [D:\Development\op3d_active\hdf-4.2.11\msvc\CMakeFiles\CMakeTmp\cmTryCompileExec4214037379.vcxproj]
  D:\Development\op3d_active\hdf-4.2.11\config\cmake_ext_mod\HDFTests.c(453): error C2143: syntax error : missing ';' before '{' [D:\Development\op3d_active\hdf-4.2.11\msvc\CMakeFiles\CMakeTmp\cmTryCompileExec4214037379.vcxproj]
  D:\Development\op3d_active\hdf-4.2.11\config\cmake_ext_mod\HDFTests.c(454): error C2054: expected '(' to follow 'inline' [D:\Development\op3d_active\hdf-4.2.11\msvc\CMakeFiles\CMakeTmp\cmTryCompileExec4214037379.vcxproj]
  D:\Development\op3d_active\hdf-4.2.11\config\cmake_ext_mod\HDFTests.c(454): error C2085: 'foo' : not in formal parameter list [D:\Development\op3d_active\hdf-4.2.11\msvc\CMakeFiles\CMakeTmp\cmTryCompileExec4214037379.vcxproj]
  D:\Development\op3d_active\hdf-4.2.11\config\cmake_ext_mod\HDFTests.c(454): error C2143: syntax error : missing ';' before '{' [D:\Development\op3d_active\hdf-4.2.11\msvc\CMakeFiles\CMakeTmp\cmTryCompileExec4214037379.vcxproj]

    0 Warning(s)
    6 Error(s)

Time Elapsed 00:00:00.52

Performing Other Test INLINE_TEST___inline__ failed with the following output:
Change Dir: D:/Development/op3d_active/hdf-4.2.11/msvc/CMakeFiles/CMakeTmp

Run Build Command:C:\PROGRA~2\MSBuild\12.0\Bin\MSBuild.exe cmTryCompileExec270447843.vcxproj /p:Configuration=Debug /p:VisualStudioVersion=12.0
Microsoft (R) Build Engine version 12.0.40629.0
[Microsoft .NET Framework, version 4.0.30319.42000]
Copyright (C) Microsoft Corporation. All rights reserved.

Build started 10/29/2015 9:01:33 PM.
Project "D:\Development\op3d_active\hdf-4.2.11\msvc\CMakeFiles\CMakeTmp\cmTryCompileExec270447843.vcxproj" on node 1 (default targets).
PrepareForBuild:
  Creating directory "cmTryCompileExec270447843.dir\Debug\".
  Creating directory "D:\Development\op3d_active\hdf-4.2.11\msvc\CMakeFiles\CMakeTmp\Debug\".
  Creating directory "cmTryCompileExec270447843.dir\Debug\cmTryCom.EE5E6E85.tlog\".
InitializeBuildStatus:
  Creating "cmTryCompileExec270447843.dir\Debug\cmTryCom.EE5E6E85.tlog\unsuccessfulbuild" because "AlwaysCreate" was specified.
ClCompile:
  C:\Program Files (x86)\Microsoft Visual Studio 12.0\VC\bin\CL.exe /c /Zi /W3 /WX- /Od /Ob0 /Oy- /D WIN32 /D _WINDOWS /D INLINE_TEST___inline__ /D WIN32_LEAN_AND_MEAN=1 /D NOGDI=1 /D INLINE_TEST_INLINE=__inline__ /D HAVE_SYS_TYPES_H /D _DEBUG /D "CMAKE_INTDIR=\"Debug\"" /D _MBCS /Gm- /RTC1 /MDd /GS /fp:precise /Zc:wchar_t /Zc:forScope /Fo"cmTryCompileExec270447843.dir\Debug\\" /Fd"cmTryCompileExec270447843.dir\Debug\vc120.pdb" /Gd /TC /analyze- /errorReport:queue "D:\Development\op3d_active\hdf-4.2.11\config\cmake_ext_mod\HDFTests.c"
  Microsoft (R) C/C++ Optimizing Compiler Version 18.00.40629 for x86
  Copyright (C) Microsoft Corporation.  All rights reserved.
  
  cl /c /Zi /W3 /WX- /Od /Ob0 /Oy- /D WIN32 /D _WINDOWS /D INLINE_TEST___inline__ /D WIN32_LEAN_AND_MEAN=1 /D NOGDI=1 /D INLINE_TEST_INLINE=__inline__ /D HAVE_SYS_TYPES_H /D _DEBUG /D "CMAKE_INTDIR=\"Debug\"" /D _MBCS /Gm- /RTC1 /MDd /GS /fp:precise /Zc:wchar_t /Zc:forScope /Fo"cmTryCompileExec270447843.dir\Debug\\" /Fd"cmTryCompileExec270447843.dir\Debug\vc120.pdb" /Gd /TC /analyze- /errorReport:queue "D:\Development\op3d_active\hdf-4.2.11\config\cmake_ext_mod\HDFTests.c"
  
  HDFTests.c
D:\Development\op3d_active\hdf-4.2.11\config\cmake_ext_mod\HDFTests.c(453): error C2054: expected '(' to follow '__inline__' [D:\Development\op3d_active\hdf-4.2.11\msvc\CMakeFiles\CMakeTmp\cmTryCompileExec270447843.vcxproj]
D:\Development\op3d_active\hdf-4.2.11\config\cmake_ext_mod\HDFTests.c(453): error C2085: 'static_foo' : not in formal parameter list [D:\Development\op3d_active\hdf-4.2.11\msvc\CMakeFiles\CMakeTmp\cmTryCompileExec270447843.vcxproj]
D:\Development\op3d_active\hdf-4.2.11\config\cmake_ext_mod\HDFTests.c(453): error C2143: syntax error : missing ';' before '{' [D:\Development\op3d_active\hdf-4.2.11\msvc\CMakeFiles\CMakeTmp\cmTryCompileExec270447843.vcxproj]
D:\Development\op3d_active\hdf-4.2.11\config\cmake_ext_mod\HDFTests.c(454): error C2054: expected '(' to follow '__inline__' [D:\Development\op3d_active\hdf-4.2.11\msvc\CMakeFiles\CMakeTmp\cmTryCompileExec270447843.vcxproj]
D:\Development\op3d_active\hdf-4.2.11\config\cmake_ext_mod\HDFTests.c(454): error C2085: 'foo' : not in formal parameter list [D:\Development\op3d_active\hdf-4.2.11\msvc\CMakeFiles\CMakeTmp\cmTryCompileExec270447843.vcxproj]
D:\Development\op3d_active\hdf-4.2.11\config\cmake_ext_mod\HDFTests.c(454): error C2143: syntax error : missing ';' before '{' [D:\Development\op3d_active\hdf-4.2.11\msvc\CMakeFiles\CMakeTmp\cmTryCompileExec270447843.vcxproj]
Done Building Project "D:\Development\op3d_active\hdf-4.2.11\msvc\CMakeFiles\CMakeTmp\cmTryCompileExec270447843.vcxproj" (default targets) -- FAILED.

Build FAILED.

"D:\Development\op3d_active\hdf-4.2.11\msvc\CMakeFiles\CMakeTmp\cmTryCompileExec270447843.vcxproj" (default target) (1) ->
(ClCompile target) -> 
  D:\Development\op3d_active\hdf-4.2.11\config\cmake_ext_mod\HDFTests.c(453): error C2054: expected '(' to follow '__inline__' [D:\Development\op3d_active\hdf-4.2.11\msvc\CMakeFiles\CMakeTmp\cmTryCompileExec270447843.vcxproj]
  D:\Development\op3d_active\hdf-4.2.11\config\cmake_ext_mod\HDFTests.c(453): error C2085: 'static_foo' : not in formal parameter list [D:\Development\op3d_active\hdf-4.2.11\msvc\CMakeFiles\CMakeTmp\cmTryCompileExec270447843.vcxproj]
  D:\Development\op3d_active\hdf-4.2.11\config\cmake_ext_mod\HDFTests.c(453): error C2143: syntax error : missing ';' before '{' [D:\Development\op3d_active\hdf-4.2.11\msvc\CMakeFiles\CMakeTmp\cmTryCompileExec270447843.vcxproj]
  D:\Development\op3d_active\hdf-4.2.11\config\cmake_ext_mod\HDFTests.c(454): error C2054: expected '(' to follow '__inline__' [D:\Development\op3d_active\hdf-4.2.11\msvc\CMakeFiles\CMakeTmp\cmTryCompileExec270447843.vcxproj]
  D:\Development\op3d_active\hdf-4.2.11\config\cmake_ext_mod\HDFTests.c(454): error C2085: 'foo' : not in formal parameter list [D:\Development\op3d_active\hdf-4.2.11\msvc\CMakeFiles\CMakeTmp\cmTryCompileExec270447843.vcxproj]
  D:\Development\op3d_active\hdf-4.2.11\config\cmake_ext_mod\HDFTests.c(454): error C2143: syntax error : missing ';' before '{' [D:\Development\op3d_active\hdf-4.2.11\msvc\CMakeFiles\CMakeTmp\cmTryCompileExec270447843.vcxproj]

    0 Warning(s)
    6 Error(s)

Time Elapsed 00:00:00.48

Determining if the Fortran compiler works failed with the following output:
Change Dir: D:/Development/op3d_active/hdf-4.2.11/msvc/CMakeFiles/CMakeTmp

Run Build Command:C:\PROGRA~2\MSBuild\12.0\Bin\MSBuild.exe cmTryCompileExec4283257771.vfproj /p:Configuration=Debug /p:VisualStudioVersion=12.0
Microsoft (R) Build Engine version 12.0.40629.0
[Microsoft .NET Framework, version 4.0.30319.42000]
Copyright (C) Microsoft Corporation. All rights reserved.

Build started 10/29/2015 9:01:42 PM.
Project "D:\Development\op3d_active\hdf-4.2.11\msvc\CMakeFiles\CMakeTmp\cmTryCompileExec4283257771.vfproj" on node 1 (default targets).
D:\Development\op3d_active\hdf-4.2.11\msvc\CMakeFiles\CMakeTmp\cmTryCompileExec4283257771.vfproj(2,1): error MSB4075: The project file "D:\Development\op3d_active\hdf-4.2.11\msvc\CMakeFiles\CMakeTmp\cmTryCompileExec4283257771.vfproj" must be opened in the Visual Studio IDE and converted to the latest version before it can be built by MSBuild.
Done Building Project "D:\Development\op3d_active\hdf-4.2.11\msvc\CMakeFiles\CMakeTmp\cmTryCompileExec4283257771.vfproj" (default targets) -- FAILED.

Build FAILED.

"D:\Development\op3d_active\hdf-4.2.11\msvc\CMakeFiles\CMakeTmp\cmTryCompileExec4283257771.vfproj" (default target) (1) ->
  D:\Development\op3d_active\hdf-4.2.11\msvc\CMakeFiles\CMakeTmp\cmTryCompileExec4283257771.vfproj(2,1): error MSB4075: The project file "D:\Development\op3d_active\hdf-4.2.11\msvc\CMakeFiles\CMakeTmp\cmTryCompileExec4283257771.vfproj" must be opened in the Visual Studio IDE and converted to the latest version before it can be built by MSBuild.

    0 Warning(s)
    1 Error(s)

Time Elapsed 00:00:00.03


Determining if the Fortran compiler works failed with the following output:
Change Dir: D:/Development/op3d_active/hdf-4.2.11/msvc/CMakeFiles/CMakeTmp

Run Build Command:C:\PROGRA~2\MSBuild\12.0\Bin\MSBuild.exe cmTryCompileExec620203880.vfproj /p:Configuration=Debug /p:VisualStudioVersion=12.0
Microsoft (R) Build Engine version 12.0.40629.0
[Microsoft .NET Framework, version 4.0.30319.42000]
Copyright (C) Microsoft Corporation. All rights reserved.

Build started 10/29/2015 9:04:47 PM.
Project "D:\Development\op3d_active\hdf-4.2.11\msvc\CMakeFiles\CMakeTmp\cmTryCompileExec620203880.vfproj" on node 1 (default targets).
D:\Development\op3d_active\hdf-4.2.11\msvc\CMakeFiles\CMakeTmp\cmTryCompileExec620203880.vfproj(2,1): error MSB4075: The project file "D:\Development\op3d_active\hdf-4.2.11\msvc\CMakeFiles\CMakeTmp\cmTryCompileExec620203880.vfproj" must be opened in the Visual Studio IDE and converted to the latest version before it can be built by MSBuild.
Done Building Project "D:\Development\op3d_active\hdf-4.2.11\msvc\CMakeFiles\CMakeTmp\cmTryCompileExec620203880.vfproj" (default targets) -- FAILED.

Build FAILED.

"D:\Development\op3d_active\hdf-4.2.11\msvc\CMakeFiles\CMakeTmp\cmTryCompileExec620203880.vfproj" (default target) (1) ->
  D:\Development\op3d_active\hdf-4.2.11\msvc\CMakeFiles\CMakeTmp\cmTryCompileExec620203880.vfproj(2,1): error MSB4075: The project file "D:\Development\op3d_active\hdf-4.2.11\msvc\CMakeFiles\CMakeTmp\cmTryCompileExec620203880.vfproj" must be opened in the Visual Studio IDE and converted to the latest version before it can be built by MSBuild.

    0 Warning(s)
    1 Error(s)

Time Elapsed 00:00:00.01


